"../../../Engine/Content/Functions/Engine_MaterialFunctions01/Shading/PowerToRoughness.uasset" 0
"../../../Engine/Content/Functions/Engine_MaterialFunctions01/Shading/PowerToRoughness.uexp" 1
"../../../Engine/Content/Functions/Engine_MaterialFunctions01/Shading/ConvertFromDiffSpec.uasset" 2
"../../../Engine/Content/Functions/Engine_MaterialFunctions01/Shading/ConvertFromDiffSpec.uexp" 3
"../../../Engine/Content/EngineSounds/Master.uasset" 4
"../../../Engine/Content/EngineSounds/Master.uexp" 5
"../../../Engine/Content/EngineSky/VolumetricClouds/CloudWeatherTexture.uasset" 6
"../../../Engine/Content/EngineSky/VolumetricClouds/CloudWeatherTexture.uexp" 7
"../../../Engine/Content/Functions/Engine_MaterialFunctions02/Utility/MakeFloat2.uasset" 8
"../../../Engine/Content/Functions/Engine_MaterialFunctions02/Utility/MakeFloat2.uexp" 9
"../../../Engine/Content/EngineSky/VolumetricClouds/CloudGradientTexture.uasset" 10
"../../../Engine/Content/EngineSky/VolumetricClouds/CloudGradientTexture.uexp" 11
"../../../Engine/Content/EngineSky/VolumetricClouds/T_NoiseShape64.ubulk" 12
"../../../Engine/Content/EngineSky/VolumetricClouds/T_NoiseShape64.uasset" 13
"../../../Engine/Content/EngineSky/VolumetricClouds/T_NoiseShape64.uexp" 14
"../../../Engine/Content/EngineSky/VolumetricClouds/T_VolumeNoiseShape64.uasset" 15
"../../../Engine/Content/EngineSky/VolumetricClouds/T_VolumeNoiseShape64.uexp" 16
"../../../Engine/Content/EngineSky/VolumetricClouds/T_NoiseErosion.ubulk" 17
"../../../Engine/Content/EngineSky/VolumetricClouds/T_NoiseErosion.uasset" 18
"../../../Engine/Content/EngineSky/VolumetricClouds/T_NoiseErosion.uexp" 19
"../../../Engine/Content/EngineSky/VolumetricClouds/T_VolumeNoiseErosion32.uasset" 20
"../../../Engine/Content/EngineSky/VolumetricClouds/T_VolumeNoiseErosion32.uexp" 21
"../../../Engine/Content/EngineSky/VolumetricClouds/m_SimpleVolumetricCloud.uasset" 22
"../../../Engine/Content/EngineSky/VolumetricClouds/m_SimpleVolumetricCloud.uexp" 23
"../../../Engine/Content/EngineSky/VolumetricClouds/m_SimpleVolumetricCloud_Inst.uasset" 24
"../../../Engine/Content/EngineSky/VolumetricClouds/m_SimpleVolumetricCloud_Inst.uexp" 25
"../../../Engine/Content/EngineResources/GradientTexture0.uasset" 26
"../../../Engine/Content/EngineResources/GradientTexture0.uexp" 27
"../../../Engine/Content/EngineResources/DefaultVolumeTexture2D.uasset" 28
"../../../Engine/Content/EngineResources/DefaultVolumeTexture2D.uexp" 29
"../../../Engine/Content/EngineResources/DefaultVolumeTexture.uasset" 30
"../../../Engine/Content/EngineResources/DefaultVolumeTexture.uexp" 31
"../../../Engine/Content/EngineResources/DefaultTextureCube.uasset" 32
"../../../Engine/Content/EngineResources/DefaultTextureCube.uexp" 33
"../../../Engine/Content/EngineResources/DefaultTexture.ubulk" 34
"../../../Engine/Content/EngineResources/DefaultTexture.uasset" 35
"../../../Engine/Content/EngineResources/DefaultTexture.uexp" 36
"../../../Engine/Content/EngineResources/Black.uasset" 37
"../../../Engine/Content/EngineResources/Black.uexp" 38
"../../../Engine/Content/EngineResources/FilmGrains/Marcie_Grain_v3_128_M2_000.uasset" 39
"../../../Engine/Content/EngineResources/FilmGrains/Marcie_Grain_v3_128_M2_000.uexp" 40
"../../../Engine/Content/EngineMeshes/Sphere.ubulk" 41
"../../../Engine/Content/EngineMeshes/Sphere.uasset" 42
"../../../Engine/Content/EngineMeshes/Sphere.uexp" 43
"../../../Engine/Content/EngineMaterials/T_Default_Material_Grid_M.ubulk" 44
"../../../Engine/Content/EngineMaterials/T_Default_Material_Grid_M.uasset" 45
"../../../Engine/Content/EngineMaterials/T_Default_Material_Grid_M.uexp" 46
"../../../Engine/Content/EngineMaterials/T_Default_Material_Grid_N.ubulk" 47
"../../../Engine/Content/EngineMaterials/T_Default_Material_Grid_N.uasset" 48
"../../../Engine/Content/EngineMaterials/T_Default_Material_Grid_N.uexp" 49
"../../../Engine/Content/Functions/Engine_MaterialFunctions01/Opacity/CameraDepthFade.uasset" 50
"../../../Engine/Content/Functions/Engine_MaterialFunctions01/Opacity/CameraDepthFade.uexp" 51
"../../../Engine/Content/EngineMaterials/DefaultMaterial.uasset" 52
"../../../Engine/Content/EngineMaterials/DefaultMaterial.uexp" 53
"../../../Engine/Content/EngineMeshes/Cylinder.ubulk" 54
"../../../Engine/Content/EngineMeshes/Cylinder.uasset" 55
"../../../Engine/Content/EngineMeshes/Cylinder.uexp" 56
"../../../Engine/Content/EngineResources/WhiteSquareTexture.uasset" 57
"../../../Engine/Content/EngineResources/WhiteSquareTexture.uexp" 58
"../../../Engine/Content/EngineMaterials/Widget3DPassThrough.uasset" 59
"../../../Engine/Content/EngineMaterials/Widget3DPassThrough.uexp" 60
"../../../Engine/Content/EngineMaterials/Widget3DPassThrough_Translucent.uasset" 61
"../../../Engine/Content/EngineMaterials/Widget3DPassThrough_Translucent.uexp" 62
"../../../Engine/Content/EngineMaterials/Widget3DPassThrough_Translucent_OneSided.uasset" 63
"../../../Engine/Content/EngineMaterials/Widget3DPassThrough_Translucent_OneSided.uexp" 64
"../../../Engine/Content/EngineMaterials/Widget3DPassThrough_Opaque.uasset" 65
"../../../Engine/Content/EngineMaterials/Widget3DPassThrough_Opaque.uexp" 66
"../../../Engine/Content/EngineMaterials/Widget3DPassThrough_Opaque_OneSided.uasset" 67
"../../../Engine/Content/EngineMaterials/Widget3DPassThrough_Opaque_OneSided.uexp" 68
"../../../Engine/Content/EngineMaterials/Widget3DPassThrough_Masked_OneSided.uasset" 69
"../../../Engine/Content/EngineMaterials/Widget3DPassThrough_Masked_OneSided.uexp" 70
"../../../Engine/Content/EngineMaterials/Widget3DPassThrough_Masked.uasset" 71
"../../../Engine/Content/EngineMaterials/Widget3DPassThrough_Masked.uexp" 72
"../../../Engine/Content/EngineMaterials/WeightMapPlaceholderTexture.uasset" 73
"../../../Engine/Content/EngineMaterials/WeightMapPlaceholderTexture.uexp" 74
"../../../Engine/Content/EngineMaterials/RemoveSurfaceMaterial.uasset" 75
"../../../Engine/Content/EngineMaterials/RemoveSurfaceMaterial.uexp" 76
"../../../Engine/Content/EngineMaterials/PreintegratedSkinBRDF.uasset" 77
"../../../Engine/Content/EngineMaterials/PreintegratedSkinBRDF.uexp" 78
"../../../Engine/Content/EngineMaterials/DefaultCalibrationGrayscale.uasset" 79
"../../../Engine/Content/EngineMaterials/DefaultCalibrationGrayscale.uexp" 80
"../../../Engine/Content/EngineMaterials/PPM_DefaultCalibrationGrayscale.uasset" 81
"../../../Engine/Content/EngineMaterials/PPM_DefaultCalibrationGrayscale.uexp" 82
"../../../Engine/Content/EngineMaterials/DefaultCalibrationColor.uasset" 83
"../../../Engine/Content/EngineMaterials/DefaultCalibrationColor.uexp" 84
"../../../Engine/Content/EngineMaterials/PPM_DefaultCalibrationColor.uasset" 85
"../../../Engine/Content/EngineMaterials/PPM_DefaultCalibrationColor.uexp" 86
"../../../Engine/Content/Functions/Engine_MaterialFunctions02/WorldPositionOffset/CameraOffset.uasset" 87
"../../../Engine/Content/Functions/Engine_MaterialFunctions02/WorldPositionOffset/CameraOffset.uexp" 88
"../../../Engine/Content/EngineMaterials/PhAT_JointLimitMaterial.uasset" 89
"../../../Engine/Content/EngineMaterials/PhAT_JointLimitMaterial.uexp" 90
"../../../Engine/Content/EngineMaterials/InvalidLightmapSettings.ubulk" 91
"../../../Engine/Content/EngineMaterials/InvalidLightmapSettings.uasset" 92
"../../../Engine/Content/EngineMaterials/InvalidLightmapSettings.uexp" 93
"../../../Engine/Content/EngineMaterials/M_InvalidLightmapSettings.uasset" 94
"../../../Engine/Content/EngineMaterials/M_InvalidLightmapSettings.uexp" 95
"../../../Engine/Content/EngineMaterials/MiniFont.uasset" 96
"../../../Engine/Content/EngineMaterials/MiniFont.uexp" 97
"../../../Engine/Content/EngineMaterials/Good64x64TilingNoiseHighFreq.uasset" 98
"../../../Engine/Content/EngineMaterials/Good64x64TilingNoiseHighFreq.uexp" 99
"../../../Engine/Content/EngineMaterials/GizmoMaterial.uasset" 100
"../../../Engine/Content/EngineMaterials/GizmoMaterial.uexp" 101
"../../../Engine/Content/EngineMaterials/BaseFlattenEmissiveMap_VT.uasset" 102
"../../../Engine/Content/EngineMaterials/BaseFlattenEmissiveMap_VT.uexp" 103
"../../../Engine/Content/EngineMaterials/BaseFlattenGrayscaleMap_VT.uasset" 104
"../../../Engine/Content/EngineMaterials/BaseFlattenGrayscaleMap_VT.uexp" 105
"../../../Engine/Content/EngineMaterials/BaseFlattenLinearColor_VT.uasset" 106
"../../../Engine/Content/EngineMaterials/BaseFlattenLinearColor_VT.uexp" 107
"../../../Engine/Content/EngineMaterials/Black_1x1_EXR_Texture_VT.uasset" 108
"../../../Engine/Content/EngineMaterials/Black_1x1_EXR_Texture_VT.uexp" 109
"../../../Engine/Content/EngineMaterials/BaseFlattenDiffuseMap_VT.uasset" 110
"../../../Engine/Content/EngineMaterials/BaseFlattenDiffuseMap_VT.uexp" 111
"../../../Engine/Content/EngineMaterials/BaseFlattenNormalMap_VT.uasset" 112
"../../../Engine/Content/EngineMaterials/BaseFlattenNormalMap_VT.uexp" 113
"../../../Engine/Content/EngineMaterials/FlattenMaterial_WS_Normal_VT.uasset" 114
"../../../Engine/Content/EngineMaterials/FlattenMaterial_WS_Normal_VT.uexp" 115
"../../../Engine/Content/EngineMaterials/FlattenMaterial_VT.uasset" 116
"../../../Engine/Content/EngineMaterials/FlattenMaterial_VT.uexp" 117
"../../../Engine/Content/EngineMaterials/BaseFlattenNormalMap.uasset" 118
"../../../Engine/Content/EngineMaterials/BaseFlattenNormalMap.uexp" 119
"../../../Engine/Content/EngineMaterials/BaseFlattenGrayscaleMap.uasset" 120
"../../../Engine/Content/EngineMaterials/BaseFlattenGrayscaleMap.uexp" 121
"../../../Engine/Content/EngineMaterials/BaseFlattenDiffuseMap.uasset" 122
"../../../Engine/Content/EngineMaterials/BaseFlattenDiffuseMap.uexp" 123
"../../../Engine/Content/Functions/Engine_MaterialFunctions02/PivotPainter2/Black_1x1_EXR_Texture.uasset" 124
"../../../Engine/Content/Functions/Engine_MaterialFunctions02/PivotPainter2/Black_1x1_EXR_Texture.uexp" 125
"../../../Engine/Content/EngineMaterials/BaseFlattenEmissiveMap.uasset" 126
"../../../Engine/Content/EngineMaterials/BaseFlattenEmissiveMap.uexp" 127
"../../../Engine/Content/EngineMaterials/BaseFlattenLinearColor.uasset" 128
"../../../Engine/Content/EngineMaterials/BaseFlattenLinearColor.uexp" 129
"../../../Engine/Content/EngineMaterials/FlattenMaterial.uasset" 130
"../../../Engine/Content/EngineMaterials/FlattenMaterial.uexp" 131
"../../../Engine/Content/EngineMaterials/DefaultWhiteGrid_Low.uasset" 132
"../../../Engine/Content/EngineMaterials/DefaultWhiteGrid_Low.uexp" 133
"../../../Engine/Content/EngineMaterials/EmissiveMeshMaterial.uasset" 134
"../../../Engine/Content/EngineMaterials/EmissiveMeshMaterial.uexp" 135
"../../../Engine/Content/EngineMaterials/DefaultWhiteGrid.ubulk" 136
"../../../Engine/Content/EngineMaterials/DefaultWhiteGrid.uasset" 137
"../../../Engine/Content/EngineMaterials/DefaultWhiteGrid.uexp" 138
"../../../Engine/Content/EngineFonts/RobotoDistanceField.uasset" 139
"../../../Engine/Content/EngineFonts/RobotoDistanceField.uexp" 140
"../../../Engine/Content/EngineMaterials/DefaultTextMaterialOpaque.uasset" 141
"../../../Engine/Content/EngineMaterials/DefaultTextMaterialOpaque.uexp" 142
"../../../Engine/Content/EngineMaterials/DefaultDiffuse.ubulk" 143
"../../../Engine/Content/EngineMaterials/DefaultDiffuse.uasset" 144
"../../../Engine/Content/EngineMaterials/DefaultDiffuse.uexp" 145
"../../../Engine/Content/Functions/Engine_MaterialFunctions02/Utility/BreakOutFloat2Components.uasset" 146
"../../../Engine/Content/Functions/Engine_MaterialFunctions02/Utility/BreakOutFloat2Components.uexp" 147
"../../../Engine/Content/EngineMaterials/DefaultPostProcessMaterial.uasset" 148
"../../../Engine/Content/EngineMaterials/DefaultPostProcessMaterial.uexp" 149
"../../../Engine/Content/EngineMaterials/DefaultPhysicalMaterial.uasset" 150
"../../../Engine/Content/EngineMaterials/DefaultPhysicalMaterial.uexp" 151
"../../../Engine/Content/EngineMaterials/DefaultLightFunctionMaterial.uasset" 152
"../../../Engine/Content/EngineMaterials/DefaultLightFunctionMaterial.uexp" 153
"../../../Engine/Content/EngineMaterials/DefaultDestructiblePhysicalMaterial.uasset" 154
"../../../Engine/Content/EngineMaterials/DefaultDestructiblePhysicalMaterial.uexp" 155
"../../../Engine/Content/EngineMaterials/DefaultDeferredDecalMaterial.uasset" 156
"../../../Engine/Content/EngineMaterials/DefaultDeferredDecalMaterial.uexp" 157
"../../../Engine/Content/EngineMaterials/DefaultBokeh.uasset" 158
"../../../Engine/Content/EngineMaterials/DefaultBokeh.uexp" 159
"../../../Engine/Content/EngineMaterials/DefaultBloomKernel.uasset" 160
"../../../Engine/Content/EngineMaterials/DefaultBloomKernel.uexp" 161
"../../../Engine/Content/EngineMaterials/BlueNoise.uasset" 162
"../../../Engine/Content/EngineMaterials/BlueNoise.uexp" 163
"../../../Engine/Content/EngineFonts/Faces/RobotoLight.uexp" 164
"../../../Engine/Content/EngineFonts/Faces/RobotoLight.uasset" 165
"../../../Engine/Content/EngineFonts/Faces/RobotoLight.ufont" 166
"../../../Engine/Content/EngineFonts/Faces/RobotoBold.uexp" 167
"../../../Engine/Content/EngineFonts/Faces/RobotoBold.uasset" 168
"../../../Engine/Content/EngineFonts/Faces/RobotoBold.ufont" 169
"../../../Engine/Content/EngineFonts/Faces/RobotoRegular.uexp" 170
"../../../Engine/Content/EngineFonts/Faces/RobotoRegular.uasset" 171
"../../../Engine/Content/EngineFonts/Faces/RobotoRegular.ufont" 172
"../../../Engine/Content/EngineFonts/Faces/DroidSansFallback.uexp" 173
"../../../Engine/Content/EngineFonts/Faces/DroidSansFallback.uasset" 174
"../../../Engine/Content/EngineFonts/Faces/DroidSansFallback.ufont" 175
"../../../Engine/Content/EngineFonts/Faces/RobotoItalic.uexp" 176
"../../../Engine/Content/EngineFonts/Faces/RobotoItalic.uasset" 177
"../../../Engine/Content/EngineFonts/Faces/RobotoItalic.ufont" 178
"../../../Engine/Content/EngineFonts/Faces/RobotoBoldItalic.uexp" 179
"../../../Engine/Content/EngineFonts/Faces/RobotoBoldItalic.uasset" 180
"../../../Engine/Content/EngineFonts/Faces/RobotoBoldItalic.ufont" 181
"../../../Engine/Content/EngineFonts/Roboto.uasset" 182
"../../../Engine/Content/EngineFonts/Roboto.uexp" 183
"../../../Engine/Content/Functions/Engine_MaterialFunctions02/Utility/CameraDirectionVector.uasset" 184
"../../../Engine/Content/Functions/Engine_MaterialFunctions02/Utility/CameraDirectionVector.uexp" 185
"../../../Engine/Content/EngineDebugMaterials/VolumeToRender.uasset" 186
"../../../Engine/Content/EngineDebugMaterials/VolumeToRender.uexp" 187
"../../../Engine/Content/EngineDebugMaterials/M_VolumeRenderSphereTracePP.uasset" 188
"../../../Engine/Content/EngineDebugMaterials/M_VolumeRenderSphereTracePP.uexp" 189
"../../../Engine/Content/EngineDebugMaterials/M_SimpleUnlitTranslucent.uasset" 190
"../../../Engine/Content/EngineDebugMaterials/M_SimpleUnlitTranslucent.uexp" 191
"../../../Engine/Content/EngineDebugMaterials/DebugMeshMaterial.uasset" 192
"../../../Engine/Content/EngineDebugMaterials/DebugMeshMaterial.uexp" 193
"../../../Engine/Content/EngineDebugMaterials/DebugEditorMaterial.uasset" 194
"../../../Engine/Content/EngineDebugMaterials/DebugEditorMaterial.uexp" 195
"../../../Engine/Content/EngineDamageTypes/DmgTypeBP_Environmental.uasset" 196
"../../../Engine/Content/EngineDamageTypes/DmgTypeBP_Environmental.uexp" 197
"../../../Engine/Content/Functions/Engine_MaterialFunctions02/Utility/MakeFloat4.uasset" 198
"../../../Engine/Content/Functions/Engine_MaterialFunctions02/Utility/MakeFloat4.uexp" 199
"../../../Engine/Content/Functions/Engine_MaterialFunctions02/Utility/MakeFloat3.uasset" 200
"../../../Engine/Content/Functions/Engine_MaterialFunctions02/Utility/MakeFloat3.uexp" 201
"../../../Engine/Content/Functions/Engine_MaterialFunctions02/Utility/BreakOutFloat3Components.uasset" 202
"../../../Engine/Content/Functions/Engine_MaterialFunctions02/Utility/BreakOutFloat3Components.uexp" 203
"../../../Engine/Content/BasicShapes/Sphere.ubulk" 204
"../../../Engine/Content/BasicShapes/Sphere.uasset" 205
"../../../Engine/Content/BasicShapes/Sphere.uexp" 206
"../../../Engine/Content/EngineMaterials/WorldGridMaterial.uasset" 207
"../../../Engine/Content/EngineMaterials/WorldGridMaterial.uexp" 208
"../../../Engine/Content/BasicShapes/Plane.ubulk" 209
"../../../Engine/Content/BasicShapes/Plane.uasset" 210
"../../../Engine/Content/BasicShapes/Plane.uexp" 211
"../../../Engine/Content/BasicShapes/Cylinder.ubulk" 212
"../../../Engine/Content/BasicShapes/Cylinder.uasset" 213
"../../../Engine/Content/BasicShapes/Cylinder.uexp" 214
"../../../Engine/Content/BasicShapes/Cube.ubulk" 215
"../../../Engine/Content/BasicShapes/Cube.uasset" 216
"../../../Engine/Content/BasicShapes/Cube.uexp" 217
"../../../Engine/Content/BasicShapes/Cone.ubulk" 218
"../../../Engine/Content/BasicShapes/Cone.uasset" 219
"../../../Engine/Content/BasicShapes/Cone.uexp" 220
"../../../Engine/Content/ArtTools/RenderToTexture/Meshes/S_1_Unit_Plane.ubulk" 221
"../../../Engine/Content/ArtTools/RenderToTexture/Meshes/S_1_Unit_Plane.uasset" 222
"../../../Engine/Content/ArtTools/RenderToTexture/Meshes/S_1_Unit_Plane.uexp" 223
"../../../Engine/Content/MobileResources/HUD/VirtualJoystick_Background.uasset" 224
"../../../Engine/Content/MobileResources/HUD/VirtualJoystick_Background.uexp" 225
"../../../Engine/Content/MobileResources/HUD/VirtualJoystick_Thumb.uasset" 226
"../../../Engine/Content/MobileResources/HUD/VirtualJoystick_Thumb.uexp" 227
"../../../Engine/Content/MobileResources/HUD/DefaultVirtualJoysticks.uasset" 228
"../../../Engine/Content/MobileResources/HUD/DefaultVirtualJoysticks.uexp" 229
"../../../Engine/Content/Tutorial/ContentIntroCurve.uasset" 230
"../../../Engine/Content/Tutorial/ContentIntroCurve.uexp" 231
"../../../Engine/Plugins/2D/Paper2D/Content/PlaceholderTextures/DummySpriteTexture.ubulk" 232
"../../../Engine/Plugins/2D/Paper2D/Content/PlaceholderTextures/DummySpriteTexture.uasset" 233
"../../../Engine/Plugins/2D/Paper2D/Content/PlaceholderTextures/DummySpriteTexture.uexp" 234
"../../../Engine/Plugins/2D/Paper2D/Content/DefaultSpriteMaterial.uasset" 235
"../../../Engine/Plugins/2D/Paper2D/Content/DefaultSpriteMaterial.uexp" 236
"../../../Engine/Plugins/2D/Paper2D/Content/OpaqueUnlitSpriteMaterial.uasset" 237
"../../../Engine/Plugins/2D/Paper2D/Content/OpaqueUnlitSpriteMaterial.uexp" 238
"../../../Engine/Plugins/2D/Paper2D/Content/MaskedUnlitSpriteMaterial.uasset" 239
"../../../Engine/Plugins/2D/Paper2D/Content/MaskedUnlitSpriteMaterial.uexp" 240
"../../../Engine/Plugins/2D/Paper2D/Content/DummySprite.uasset" 241
"../../../Engine/Plugins/2D/Paper2D/Content/DummySprite.uexp" 242
"../../../Engine/Plugins/2D/Paper2D/Content/DefaultPaperTerrainMaterial.uasset" 243
"../../../Engine/Plugins/2D/Paper2D/Content/DefaultPaperTerrainMaterial.uexp" 244
"../../../Engine/Plugins/Animation/ControlRig/Content/M_Manip.uasset" 245
"../../../Engine/Plugins/Animation/ControlRig/Content/M_Manip.uexp" 246
"../../../Engine/Plugins/Animation/ControlRig/Content/Controls/DefaultGizmoLibraryNormalized.uasset" 247
"../../../Engine/Plugins/Animation/ControlRig/Content/Controls/DefaultGizmoLibraryNormalized.uexp" 248
"../../../Engine/Plugins/Animation/ControlRig/Content/Controls/ControlRig_Wedge_solid.ubulk" 249
"../../../Engine/Plugins/Animation/ControlRig/Content/Controls/ControlRig_Wedge_solid.uasset" 250
"../../../Engine/Plugins/Animation/ControlRig/Content/Controls/ControlRig_Wedge_solid.uexp" 251
"../../../Engine/Plugins/Animation/ControlRig/Content/Controls/ControlRig_Wedge_3mm.ubulk" 252
"../../../Engine/Plugins/Animation/ControlRig/Content/Controls/ControlRig_Wedge_3mm.uasset" 253
"../../../Engine/Plugins/Animation/ControlRig/Content/Controls/ControlRig_Wedge_3mm.uexp" 254
"../../../Engine/Plugins/Animation/ControlRig/Content/Controls/ControlRig_Wedge_1mm.ubulk" 255
"../../../Engine/Plugins/Animation/ControlRig/Content/Controls/ControlRig_Wedge_1mm.uasset" 256
"../../../Engine/Plugins/Animation/ControlRig/Content/Controls/ControlRig_Wedge_1mm.uexp" 257
"../../../Engine/Plugins/Animation/ControlRig/Content/Controls/ControlRig_Triangle_solid.ubulk" 258
"../../../Engine/Plugins/Animation/ControlRig/Content/Controls/ControlRig_Triangle_solid.uasset" 259
"../../../Engine/Plugins/Animation/ControlRig/Content/Controls/ControlRig_Triangle_solid.uexp" 260
"../../../Engine/Plugins/Animation/ControlRig/Content/Controls/ControlRig_Triangle_3mm.ubulk" 261
"../../../Engine/Plugins/Animation/ControlRig/Content/Controls/ControlRig_Triangle_3mm.uasset" 262
"../../../Engine/Plugins/Animation/ControlRig/Content/Controls/ControlRig_Triangle_3mm.uexp" 263
"../../../Engine/Plugins/Animation/ControlRig/Content/Controls/ControlRig_Triangle_1mm.ubulk" 264
"../../../Engine/Plugins/Animation/ControlRig/Content/Controls/ControlRig_Triangle_1mm.uasset" 265
"../../../Engine/Plugins/Animation/ControlRig/Content/Controls/ControlRig_Triangle_1mm.uexp" 266
"../../../Engine/Plugins/Animation/ControlRig/Content/Controls/ControlRig_Star4_solid.ubulk" 267
"../../../Engine/Plugins/Animation/ControlRig/Content/Controls/ControlRig_Star4_solid.uasset" 268
"../../../Engine/Plugins/Animation/ControlRig/Content/Controls/ControlRig_Star4_solid.uexp" 269
"../../../Engine/Plugins/Animation/ControlRig/Content/Controls/ControlRig_Star4_3mm.ubulk" 270
"../../../Engine/Plugins/Animation/ControlRig/Content/Controls/ControlRig_Star4_3mm.uasset" 271
"../../../Engine/Plugins/Animation/ControlRig/Content/Controls/ControlRig_Star4_3mm.uexp" 272
"../../../Engine/Plugins/Animation/ControlRig/Content/Controls/ControlRig_Star4_1mm.ubulk" 273
"../../../Engine/Plugins/Animation/ControlRig/Content/Controls/ControlRig_Star4_1mm.uasset" 274
"../../../Engine/Plugins/Animation/ControlRig/Content/Controls/ControlRig_Star4_1mm.uexp" 275
"../../../Engine/Plugins/Animation/ControlRig/Content/Controls/ControlRig_Square_solid.ubulk" 276
"../../../Engine/Plugins/Animation/ControlRig/Content/Controls/ControlRig_Square_solid.uasset" 277
"../../../Engine/Plugins/Animation/ControlRig/Content/Controls/ControlRig_Square_solid.uexp" 278
"../../../Engine/Plugins/Animation/ControlRig/Content/Controls/ControlRig_Square_3mm.ubulk" 279
"../../../Engine/Plugins/Animation/ControlRig/Content/Controls/ControlRig_Square_3mm.uasset" 280
"../../../Engine/Plugins/Animation/ControlRig/Content/Controls/ControlRig_Square_3mm.uexp" 281
"../../../Engine/Plugins/Animation/ControlRig/Content/Controls/ControlRig_Square_1mm.ubulk" 282
"../../../Engine/Plugins/Animation/ControlRig/Content/Controls/ControlRig_Square_1mm.uasset" 283
"../../../Engine/Plugins/Animation/ControlRig/Content/Controls/ControlRig_Square_1mm.uexp" 284
"../../../Engine/Plugins/Animation/ControlRig/Content/Controls/ControlRig_Sphere_solid.ubulk" 285
"../../../Engine/Plugins/Animation/ControlRig/Content/Controls/ControlRig_Sphere_solid.uasset" 286
"../../../Engine/Plugins/Animation/ControlRig/Content/Controls/ControlRig_Sphere_solid.uexp" 287
"../../../Engine/Plugins/Animation/ControlRig/Content/Controls/ControlRig_Sphere_3mm.ubulk" 288
"../../../Engine/Plugins/Animation/ControlRig/Content/Controls/ControlRig_Sphere_3mm.uasset" 289
"../../../Engine/Plugins/Animation/ControlRig/Content/Controls/ControlRig_Sphere_3mm.uexp" 290
"../../../Engine/Plugins/Animation/ControlRig/Content/Controls/ControlRig_Sphere_1mm.ubulk" 291
"../../../Engine/Plugins/Animation/ControlRig/Content/Controls/ControlRig_Sphere_1mm.uasset" 292
"../../../Engine/Plugins/Animation/ControlRig/Content/Controls/ControlRig_Sphere_1mm.uexp" 293
"../../../Engine/Plugins/Animation/ControlRig/Content/Controls/ControlRig_RoundedTriangle_solid.ubulk" 294
"../../../Engine/Plugins/Animation/ControlRig/Content/Controls/ControlRig_RoundedTriangle_solid.uasset" 295
"../../../Engine/Plugins/Animation/ControlRig/Content/Controls/ControlRig_RoundedTriangle_solid.uexp" 296
"../../../Engine/Plugins/Animation/ControlRig/Content/Controls/ControlRig_RoundedTriangle_3mm.ubulk" 297
"../../../Engine/Plugins/Animation/ControlRig/Content/Controls/ControlRig_RoundedTriangle_3mm.uasset" 298
"../../../Engine/Plugins/Animation/ControlRig/Content/Controls/ControlRig_RoundedTriangle_3mm.uexp" 299
"../../../Engine/Plugins/Animation/ControlRig/Content/Controls/ControlRig_RoundedTriangle_1mm.ubulk" 300
"../../../Engine/Plugins/Animation/ControlRig/Content/Controls/ControlRig_RoundedTriangle_1mm.uasset" 301
"../../../Engine/Plugins/Animation/ControlRig/Content/Controls/ControlRig_RoundedTriangle_1mm.uexp" 302
"../../../Engine/Plugins/Animation/ControlRig/Content/Controls/ControlRig_RoundedSquare_solid.ubulk" 303
"../../../Engine/Plugins/Animation/ControlRig/Content/Controls/ControlRig_RoundedSquare_solid.uasset" 304
"../../../Engine/Plugins/Animation/ControlRig/Content/Controls/ControlRig_RoundedSquare_solid.uexp" 305
"../../../Engine/Plugins/Animation/ControlRig/Content/Controls/ControlRig_RoundedSquare_3mm.ubulk" 306
"../../../Engine/Plugins/Animation/ControlRig/Content/Controls/ControlRig_RoundedSquare_3mm.uasset" 307
"../../../Engine/Plugins/Animation/ControlRig/Content/Controls/ControlRig_RoundedSquare_3mm.uexp" 308
"../../../Engine/Plugins/Animation/ControlRig/Content/Controls/ControlRig_RoundedSquare_1mm.ubulk" 309
"../../../Engine/Plugins/Animation/ControlRig/Content/Controls/ControlRig_RoundedSquare_1mm.uasset" 310
"../../../Engine/Plugins/Animation/ControlRig/Content/Controls/ControlRig_RoundedSquare_1mm.uexp" 311
"../../../Engine/Plugins/Animation/ControlRig/Content/Controls/ControlRig_QuarterCircle_solid.ubulk" 312
"../../../Engine/Plugins/Animation/ControlRig/Content/Controls/ControlRig_QuarterCircle_solid.uasset" 313
"../../../Engine/Plugins/Animation/ControlRig/Content/Controls/ControlRig_QuarterCircle_solid.uexp" 314
"../../../Engine/Plugins/Animation/ControlRig/Content/Controls/ControlRig_QuarterCircle_3mm.ubulk" 315
"../../../Engine/Plugins/Animation/ControlRig/Content/Controls/ControlRig_QuarterCircle_3mm.uasset" 316
"../../../Engine/Plugins/Animation/ControlRig/Content/Controls/ControlRig_QuarterCircle_3mm.uexp" 317
"../../../Engine/Plugins/Animation/ControlRig/Content/Controls/ControlRig_QuarterCircle_1mm.ubulk" 318
"../../../Engine/Plugins/Animation/ControlRig/Content/Controls/ControlRig_QuarterCircle_1mm.uasset" 319
"../../../Engine/Plugins/Animation/ControlRig/Content/Controls/ControlRig_QuarterCircle_1mm.uexp" 320
"../../../Engine/Plugins/Animation/ControlRig/Content/Controls/ControlRig_Pyramid_solid.ubulk" 321
"../../../Engine/Plugins/Animation/ControlRig/Content/Controls/ControlRig_Pyramid_solid.uasset" 322
"../../../Engine/Plugins/Animation/ControlRig/Content/Controls/ControlRig_Pyramid_solid.uexp" 323
"../../../Engine/Plugins/Animation/ControlRig/Content/Controls/ControlRig_Pyramid_3mm.ubulk" 324
"../../../Engine/Plugins/Animation/ControlRig/Content/Controls/ControlRig_Pyramid_3mm.uasset" 325
"../../../Engine/Plugins/Animation/ControlRig/Content/Controls/ControlRig_Pyramid_3mm.uexp" 326
"../../../Engine/Plugins/Animation/ControlRig/Content/Controls/ControlRig_Pyramid_1mm.ubulk" 327
"../../../Engine/Plugins/Animation/ControlRig/Content/Controls/ControlRig_Pyramid_1mm.uasset" 328
"../../../Engine/Plugins/Animation/ControlRig/Content/Controls/ControlRig_Pyramid_1mm.uexp" 329
"../../../Engine/Plugins/Animation/ControlRig/Content/Controls/ControlRig_Octagon_solid.ubulk" 330
"../../../Engine/Plugins/Animation/ControlRig/Content/Controls/ControlRig_Octagon_solid.uasset" 331
"../../../Engine/Plugins/Animation/ControlRig/Content/Controls/ControlRig_Octagon_solid.uexp" 332
"../../../Engine/Plugins/Animation/ControlRig/Content/Controls/ControlRig_Octagon_3mm.ubulk" 333
"../../../Engine/Plugins/Animation/ControlRig/Content/Controls/ControlRig_Octagon_3mm.uasset" 334
"../../../Engine/Plugins/Animation/ControlRig/Content/Controls/ControlRig_Octagon_3mm.uexp" 335
"../../../Engine/Plugins/Animation/ControlRig/Content/Controls/ControlRig_Octagon_1mm.ubulk" 336
"../../../Engine/Plugins/Animation/ControlRig/Content/Controls/ControlRig_Octagon_1mm.uasset" 337
"../../../Engine/Plugins/Animation/ControlRig/Content/Controls/ControlRig_Octagon_1mm.uexp" 338
"../../../Engine/Plugins/Animation/ControlRig/Content/Controls/ControlRig_Hexagon_solid.ubulk" 339
"../../../Engine/Plugins/Animation/ControlRig/Content/Controls/ControlRig_Hexagon_solid.uasset" 340
"../../../Engine/Plugins/Animation/ControlRig/Content/Controls/ControlRig_Hexagon_solid.uexp" 341
"../../../Engine/Plugins/Animation/ControlRig/Content/Controls/ControlRig_Hexagon_3mm.ubulk" 342
"../../../Engine/Plugins/Animation/ControlRig/Content/Controls/ControlRig_Hexagon_3mm.uasset" 343
"../../../Engine/Plugins/Animation/ControlRig/Content/Controls/ControlRig_Hexagon_3mm.uexp" 344
"../../../Engine/Plugins/Animation/ControlRig/Content/Controls/ControlRig_Hexagon_1mm.ubulk" 345
"../../../Engine/Plugins/Animation/ControlRig/Content/Controls/ControlRig_Hexagon_1mm.uasset" 346
"../../../Engine/Plugins/Animation/ControlRig/Content/Controls/ControlRig_Hexagon_1mm.uexp" 347
"../../../Engine/Plugins/Animation/ControlRig/Content/Controls/ControlRig_HalfCircle_solid.ubulk" 348
"../../../Engine/Plugins/Animation/ControlRig/Content/Controls/ControlRig_HalfCircle_solid.uasset" 349
"../../../Engine/Plugins/Animation/ControlRig/Content/Controls/ControlRig_HalfCircle_solid.uexp" 350
"../../../Engine/Plugins/Animation/ControlRig/Content/Controls/ControlRig_HalfCircle_3mm.ubulk" 351
"../../../Engine/Plugins/Animation/ControlRig/Content/Controls/ControlRig_HalfCircle_3mm.uasset" 352
"../../../Engine/Plugins/Animation/ControlRig/Content/Controls/ControlRig_HalfCircle_3mm.uexp" 353
"../../../Engine/Plugins/Animation/ControlRig/Content/Controls/ControlRig_HalfCircle_1mm.ubulk" 354
"../../../Engine/Plugins/Animation/ControlRig/Content/Controls/ControlRig_HalfCircle_1mm.uasset" 355
"../../../Engine/Plugins/Animation/ControlRig/Content/Controls/ControlRig_HalfCircle_1mm.uexp" 356
"../../../Engine/Plugins/Animation/ControlRig/Content/Controls/ControlRig_Diamond_solid.ubulk" 357
"../../../Engine/Plugins/Animation/ControlRig/Content/Controls/ControlRig_Diamond_solid.uasset" 358
"../../../Engine/Plugins/Animation/ControlRig/Content/Controls/ControlRig_Diamond_solid.uexp" 359
"../../../Engine/Plugins/Animation/ControlRig/Content/Controls/ControlRig_Diamond_3mm.ubulk" 360
"../../../Engine/Plugins/Animation/ControlRig/Content/Controls/ControlRig_Diamond_3mm.uasset" 361
"../../../Engine/Plugins/Animation/ControlRig/Content/Controls/ControlRig_Diamond_3mm.uexp" 362
"../../../Engine/Plugins/Animation/ControlRig/Content/Controls/ControlRig_Diamond_1mm.ubulk" 363
"../../../Engine/Plugins/Animation/ControlRig/Content/Controls/ControlRig_Diamond_1mm.uasset" 364
"../../../Engine/Plugins/Animation/ControlRig/Content/Controls/ControlRig_Diamond_1mm.uexp" 365
"../../../Engine/Plugins/Animation/ControlRig/Content/Controls/ControlRig_Circle_solid.ubulk" 366
"../../../Engine/Plugins/Animation/ControlRig/Content/Controls/ControlRig_Circle_solid.uasset" 367
"../../../Engine/Plugins/Animation/ControlRig/Content/Controls/ControlRig_Circle_solid.uexp" 368
"../../../Engine/Plugins/Animation/ControlRig/Content/Controls/ControlRig_Circle_3mm.ubulk" 369
"../../../Engine/Plugins/Animation/ControlRig/Content/Controls/ControlRig_Circle_3mm.uasset" 370
"../../../Engine/Plugins/Animation/ControlRig/Content/Controls/ControlRig_Circle_3mm.uexp" 371
"../../../Engine/Plugins/Animation/ControlRig/Content/Controls/ControlRig_Circle_1mm.ubulk" 372
"../../../Engine/Plugins/Animation/ControlRig/Content/Controls/ControlRig_Circle_1mm.uasset" 373
"../../../Engine/Plugins/Animation/ControlRig/Content/Controls/ControlRig_Circle_1mm.uexp" 374
"../../../Engine/Plugins/Animation/ControlRig/Content/Controls/ControlRig_Box_3mm.ubulk" 375
"../../../Engine/Plugins/Animation/ControlRig/Content/Controls/ControlRig_Box_3mm.uasset" 376
"../../../Engine/Plugins/Animation/ControlRig/Content/Controls/ControlRig_Box_3mm.uexp" 377
"../../../Engine/Plugins/Animation/ControlRig/Content/Controls/ControlRig_Box_1mm.ubulk" 378
"../../../Engine/Plugins/Animation/ControlRig/Content/Controls/ControlRig_Box_1mm.uasset" 379
"../../../Engine/Plugins/Animation/ControlRig/Content/Controls/ControlRig_Box_1mm.uexp" 380
"../../../Engine/Plugins/Animation/ControlRig/Content/Controls/ControlRig_Arrow_solid.ubulk" 381
"../../../Engine/Plugins/Animation/ControlRig/Content/Controls/ControlRig_Arrow_solid.uasset" 382
"../../../Engine/Plugins/Animation/ControlRig/Content/Controls/ControlRig_Arrow_solid.uexp" 383
"../../../Engine/Plugins/Animation/ControlRig/Content/Controls/ControlRig_Arrow_3mm.ubulk" 384
"../../../Engine/Plugins/Animation/ControlRig/Content/Controls/ControlRig_Arrow_3mm.uasset" 385
"../../../Engine/Plugins/Animation/ControlRig/Content/Controls/ControlRig_Arrow_3mm.uexp" 386
"../../../Engine/Plugins/Animation/ControlRig/Content/Controls/ControlRig_Arrow_1mm.ubulk" 387
"../../../Engine/Plugins/Animation/ControlRig/Content/Controls/ControlRig_Arrow_1mm.uasset" 388
"../../../Engine/Plugins/Animation/ControlRig/Content/Controls/ControlRig_Arrow_1mm.uexp" 389
"../../../Engine/Plugins/Animation/ControlRig/Content/Controls/ControlRig_Arrow4_solid.ubulk" 390
"../../../Engine/Plugins/Animation/ControlRig/Content/Controls/ControlRig_Arrow4_solid.uasset" 391
"../../../Engine/Plugins/Animation/ControlRig/Content/Controls/ControlRig_Arrow4_solid.uexp" 392
"../../../Engine/Plugins/Animation/ControlRig/Content/Controls/ControlRig_Arrow4_3mm.ubulk" 393
"../../../Engine/Plugins/Animation/ControlRig/Content/Controls/ControlRig_Arrow4_3mm.uasset" 394
"../../../Engine/Plugins/Animation/ControlRig/Content/Controls/ControlRig_Arrow4_3mm.uexp" 395
"../../../Engine/Plugins/Animation/ControlRig/Content/Controls/ControlRig_Arrow4_1mm.ubulk" 396
"../../../Engine/Plugins/Animation/ControlRig/Content/Controls/ControlRig_Arrow4_1mm.uasset" 397
"../../../Engine/Plugins/Animation/ControlRig/Content/Controls/ControlRig_Arrow4_1mm.uexp" 398
"../../../Engine/Plugins/Animation/ControlRig/Content/Controls/ControlRig_Arrow2_solid.ubulk" 399
"../../../Engine/Plugins/Animation/ControlRig/Content/Controls/ControlRig_Arrow2_solid.uasset" 400
"../../../Engine/Plugins/Animation/ControlRig/Content/Controls/ControlRig_Arrow2_solid.uexp" 401
"../../../Engine/Plugins/Animation/ControlRig/Content/Controls/ControlRig_Arrow2_3mm.ubulk" 402
"../../../Engine/Plugins/Animation/ControlRig/Content/Controls/ControlRig_Arrow2_3mm.uasset" 403
"../../../Engine/Plugins/Animation/ControlRig/Content/Controls/ControlRig_Arrow2_3mm.uexp" 404
"../../../Engine/Plugins/Animation/ControlRig/Content/Controls/ControlRig_Arrow2_1mm.ubulk" 405
"../../../Engine/Plugins/Animation/ControlRig/Content/Controls/ControlRig_Arrow2_1mm.uasset" 406
"../../../Engine/Plugins/Animation/ControlRig/Content/Controls/ControlRig_Arrow2_1mm.uexp" 407
"../../../Engine/Plugins/Animation/ControlRig/Content/Controls/ControlRigGizmoMaterial.uasset" 408
"../../../Engine/Plugins/Animation/ControlRig/Content/Controls/ControlRigGizmoMaterial.uexp" 409
"../../../Engine/Plugins/Editor/SpeedTreeImporter/Content/SpeedTree9/game_wind_noise.ubulk" 410
"../../../Engine/Plugins/Editor/SpeedTreeImporter/Content/SpeedTree9/game_wind_noise.uasset" 411
"../../../Engine/Plugins/Editor/SpeedTreeImporter/Content/SpeedTree9/game_wind_noise.uexp" 412
"../../../Engine/Plugins/Editor/SpeedTreeImporter/Content/SpeedTree9/UnpackDirection.uasset" 413
"../../../Engine/Plugins/Editor/SpeedTreeImporter/Content/SpeedTree9/UnpackDirection.uexp" 414
"../../../Engine/Content/Functions/Engine_MaterialFunctions02/ObjectLocalBounds.uasset" 415
"../../../Engine/Content/Functions/Engine_MaterialFunctions02/ObjectLocalBounds.uexp" 416
"../../../Engine/Content/Functions/Engine_MaterialFunctions02/UVs/BoundingBoxBased_0-1_UVW.uasset" 417
"../../../Engine/Content/Functions/Engine_MaterialFunctions02/UVs/BoundingBoxBased_0-1_UVW.uexp" 418
"../../../Engine/Content/Functions/Engine_MaterialFunctions02/Utility/VectorLength.uasset" 419
"../../../Engine/Content/Functions/Engine_MaterialFunctions02/Utility/VectorLength.uexp" 420
"../../../Engine/Plugins/Editor/SpeedTreeImporter/Content/SpeedTree9/UnpackInteger3.uasset" 421
"../../../Engine/Plugins/Editor/SpeedTreeImporter/Content/SpeedTree9/UnpackInteger3.uexp" 422
"../../../Engine/Plugins/Editor/SpeedTreeImporter/Content/SpeedTree9/SpeedTreeCameraFacing.uasset" 423
"../../../Engine/Plugins/Editor/SpeedTreeImporter/Content/SpeedTree9/SpeedTreeCameraFacing.uexp" 424
"../../../Engine/Content/Functions/Engine_MaterialFunctions02/WorldPositionOffset/ObjectScale.uasset" 425
"../../../Engine/Content/Functions/Engine_MaterialFunctions02/WorldPositionOffset/ObjectScale.uexp" 426
"../../../Engine/Content/Functions/Engine_MaterialFunctions02/SafeNormalize.uasset" 427
"../../../Engine/Content/Functions/Engine_MaterialFunctions02/SafeNormalize.uexp" 428
"../../../Engine/Plugins/Editor/SpeedTreeImporter/Content/SpeedTree9/SpeedTreeWindMotion.uasset" 429
"../../../Engine/Plugins/Editor/SpeedTreeImporter/Content/SpeedTree9/SpeedTreeWindMotion.uexp" 430
"../../../Engine/Plugins/Editor/SpeedTreeImporter/Content/SpeedTree9/SpeedTreeBranchMotion.uasset" 431
"../../../Engine/Plugins/Editor/SpeedTreeImporter/Content/SpeedTree9/SpeedTreeBranchMotion.uexp" 432
"../../../Engine/Plugins/Editor/SpeedTreeImporter/Content/SpeedTree9/SpeedTreeWind.uasset" 433
"../../../Engine/Plugins/Editor/SpeedTreeImporter/Content/SpeedTree9/SpeedTreeWind.uexp" 434
"../../../Engine/Plugins/Editor/SpeedTreeImporter/Content/SpeedTree9/EmptyNormal.uasset" 435
"../../../Engine/Plugins/Editor/SpeedTreeImporter/Content/SpeedTree9/EmptyNormal.uexp" 436
"../../../Engine/Plugins/Editor/SpeedTreeImporter/Content/SpeedTree9/Empty.uasset" 437
"../../../Engine/Plugins/Editor/SpeedTreeImporter/Content/SpeedTree9/Empty.uexp" 438
"../../../Engine/Plugins/Editor/SpeedTreeImporter/Content/SpeedTree9/SpeedTreeMaster.uasset" 439
"../../../Engine/Plugins/Editor/SpeedTreeImporter/Content/SpeedTree9/SpeedTreeMaster.uexp" 440
"../../../Engine/Plugins/Editor/SpeedTreeImporter/Content/SpeedTree9/SpeedTreeBillboard.uasset" 441
"../../../Engine/Plugins/Editor/SpeedTreeImporter/Content/SpeedTree9/SpeedTreeBillboard.uexp" 442
"../../../Engine/Plugins/Editor/SpeedTreeImporter/Content/SpeedTree9/SpeedTreeBillboardMaster.uasset" 443
"../../../Engine/Plugins/Editor/SpeedTreeImporter/Content/SpeedTree9/SpeedTreeBillboardMaster.uexp" 444
"../../../Engine/Plugins/Runtime/HairStrands/Content/Materials/HairMeshesDefaultMaterial.uasset" 445
"../../../Engine/Plugins/Runtime/HairStrands/Content/Materials/HairMeshesDefaultMaterial.uexp" 446
"../../../Engine/Plugins/Runtime/HairStrands/Content/Materials/HairDefaultMaterial.uasset" 447
"../../../Engine/Plugins/Runtime/HairStrands/Content/Materials/HairDefaultMaterial.uexp" 448
"../../../Engine/Plugins/Runtime/HairStrands/Content/Materials/HairGroupColors.uasset" 449
"../../../Engine/Plugins/Runtime/HairStrands/Content/Materials/HairGroupColors.uexp" 450
"../../../Engine/Content/EngineMaterials/HairColorMap.uasset" 451
"../../../Engine/Content/EngineMaterials/HairColorMap.uexp" 452
"../../../Engine/Content/EngineMaterials/HairDebugColor.uasset" 453
"../../../Engine/Content/EngineMaterials/HairDebugColor.uexp" 454
"../../../Engine/Plugins/Runtime/HairStrands/Content/Materials/HairDebugMaterial.uasset" 455
"../../../Engine/Plugins/Runtime/HairStrands/Content/Materials/HairDebugMaterial.uexp" 456
"../../../Engine/Plugins/Runtime/HairStrands/Content/Materials/HairCardsDefaultMaterial.uasset" 457
"../../../Engine/Plugins/Runtime/HairStrands/Content/Materials/HairCardsDefaultMaterial.uexp" 458
"E:/Unreal Projets/OutrunCops/Content/_Game/GameInstance/BP_OutrunCopsInstance.uasset" 459
"E:/Unreal Projets/OutrunCops/Content/_Game/GameInstance/BP_OutrunCopsInstance.uexp" 460
"E:/Unreal Projets/OutrunCops/Content/_Game/Materials/colorpallette2.uasset" 461
"E:/Unreal Projets/OutrunCops/Content/_Game/Materials/colorpallette2.uexp" 462
"E:/Unreal Projets/OutrunCops/Content/_Game/Materials/M_ColorPallete.uasset" 463
"E:/Unreal Projets/OutrunCops/Content/_Game/Materials/M_ColorPallete.uexp" 464
"E:/Unreal Projets/OutrunCops/Content/_Game/Materials/M_Emission.uasset" 465
"E:/Unreal Projets/OutrunCops/Content/_Game/Materials/M_Emission.uexp" 466
"E:/Unreal Projets/OutrunCops/Content/_Game/Assets/Environment/Garage/M_Garage_WorkshopLamp.ubulk" 467
"E:/Unreal Projets/OutrunCops/Content/_Game/Assets/Environment/Garage/M_Garage_WorkshopLamp.uasset" 468
"E:/Unreal Projets/OutrunCops/Content/_Game/Assets/Environment/Garage/M_Garage_WorkshopLamp.uexp" 469
"E:/Unreal Projets/OutrunCops/Content/_Game/Assets/Environment/Garage/M_Garage_EngineCrane.ubulk" 470
"E:/Unreal Projets/OutrunCops/Content/_Game/Assets/Environment/Garage/M_Garage_EngineCrane.uasset" 471
"E:/Unreal Projets/OutrunCops/Content/_Game/Assets/Environment/Garage/M_Garage_EngineCrane.uexp" 472
"E:/Unreal Projets/OutrunCops/Content/_Game/Assets/Player_Vehicles/Polo/BP_Polo_WheelFront.uasset" 473
"E:/Unreal Projets/OutrunCops/Content/_Game/Assets/Player_Vehicles/Polo/BP_Polo_WheelFront.uexp" 474
"E:/Unreal Projets/OutrunCops/Content/_Game/Assets/Player_Vehicles/Polo/Materials/M_Polo_Secondary.uasset" 475
"E:/Unreal Projets/OutrunCops/Content/_Game/Assets/Player_Vehicles/Polo/Materials/M_Polo_Secondary.uexp" 476
"E:/Unreal Projets/OutrunCops/Content/_Game/Assets/Player_Vehicles/Polo/Parts/SM_Polo_BumperRear.ubulk" 477
"E:/Unreal Projets/OutrunCops/Content/_Game/Assets/Player_Vehicles/Polo/Parts/SM_Polo_BumperRear.uasset" 478
"E:/Unreal Projets/OutrunCops/Content/_Game/Assets/Player_Vehicles/Polo/Parts/SM_Polo_BumperRear.uexp" 479
"E:/Unreal Projets/OutrunCops/Content/_Game/Assets/Player_Vehicles/Polo/Materials/M_Polo_Primary.uasset" 480
"E:/Unreal Projets/OutrunCops/Content/_Game/Assets/Player_Vehicles/Polo/Materials/M_Polo_Primary.uexp" 481
"E:/Unreal Projets/OutrunCops/Content/_Game/Assets/Player_Vehicles/Polo/Parts/SM_Polo_BumperFront.ubulk" 482
"E:/Unreal Projets/OutrunCops/Content/_Game/Assets/Player_Vehicles/Polo/Parts/SM_Polo_BumperFront.uasset" 483
"E:/Unreal Projets/OutrunCops/Content/_Game/Assets/Player_Vehicles/Polo/Parts/SM_Polo_BumperFront.uexp" 484
"E:/Unreal Projets/OutrunCops/Content/_Game/Assets/Player_Vehicles/Polo/BP_Polo_WheelRear.uasset" 485
"E:/Unreal Projets/OutrunCops/Content/_Game/Assets/Player_Vehicles/Polo/BP_Polo_WheelRear.uexp" 486
"E:/Unreal Projets/OutrunCops/Content/_Game/HUD/WBP_Pause.uasset" 487
"E:/Unreal Projets/OutrunCops/Content/_Game/HUD/WBP_Pause.uexp" 488
"E:/Unreal Projets/OutrunCops/Content/_Game/PlayerController/BP_OutrunCopsController.uasset" 489
"E:/Unreal Projets/OutrunCops/Content/_Game/PlayerController/BP_OutrunCopsController.uexp" 490
"E:/Unreal Projets/OutrunCops/Content/_Game/Assets/Images/CheckIcon.ubulk" 491
"E:/Unreal Projets/OutrunCops/Content/_Game/Assets/Images/CheckIcon.uasset" 492
"E:/Unreal Projets/OutrunCops/Content/_Game/Assets/Images/CheckIcon.uexp" 493
"E:/Unreal Projets/OutrunCops/Content/_Game/HUD/WBP_EndRun.uasset" 494
"E:/Unreal Projets/OutrunCops/Content/_Game/HUD/WBP_EndRun.uexp" 495
"E:/Unreal Projets/OutrunCops/Content/_Game/Assets/Enemies_Vehicles/FordExp/BP_FordExp_WheelRear.uasset" 496
"E:/Unreal Projets/OutrunCops/Content/_Game/Assets/Enemies_Vehicles/FordExp/BP_FordExp_WheelRear.uexp" 497
"E:/Unreal Projets/OutrunCops/Content/_Game/Assets/Enemies_Vehicles/FordExp/Materials/M_Secondary.uasset" 498
"E:/Unreal Projets/OutrunCops/Content/_Game/Assets/Enemies_Vehicles/FordExp/Materials/M_Secondary.uexp" 499
"E:/Unreal Projets/OutrunCops/Content/_Game/Assets/Enemies_Vehicles/FordExp/FordExp_Skeleton.uasset" 500
"E:/Unreal Projets/OutrunCops/Content/_Game/Assets/Enemies_Vehicles/FordExp/FordExp_Skeleton.uexp" 501
"E:/Unreal Projets/OutrunCops/Content/_Game/Assets/Enemies_Vehicles/FordExp/Materials/M_FrontLight.uasset" 502
"E:/Unreal Projets/OutrunCops/Content/_Game/Assets/Enemies_Vehicles/FordExp/Materials/M_FrontLight.uexp" 503
"E:/Unreal Projets/OutrunCops/Content/_Game/Assets/Enemies_Vehicles/FordExp/Materials/M_Primary.uasset" 504
"E:/Unreal Projets/OutrunCops/Content/_Game/Assets/Enemies_Vehicles/FordExp/Materials/M_Primary.uexp" 505
"E:/Unreal Projets/OutrunCops/Content/_Game/Assets/Enemies_Vehicles/FordExp/Materials/M_Window.uasset" 506
"E:/Unreal Projets/OutrunCops/Content/_Game/Assets/Enemies_Vehicles/FordExp/Materials/M_Window.uexp" 507
"E:/Unreal Projets/OutrunCops/Content/_Game/Assets/Enemies_Vehicles/FordExp/Materials/M_BackLight.uasset" 508
"E:/Unreal Projets/OutrunCops/Content/_Game/Assets/Enemies_Vehicles/FordExp/Materials/M_BackLight.uexp" 509
"E:/Unreal Projets/OutrunCops/Content/_Game/Assets/Enemies_Vehicles/FordExp/FordExp_PhysicsAsset.uasset" 510
"E:/Unreal Projets/OutrunCops/Content/_Game/Assets/Enemies_Vehicles/FordExp/FordExp_PhysicsAsset.uexp" 511
"E:/Unreal Projets/OutrunCops/Content/_Game/Assets/Enemies_Vehicles/FordExp/FordExp.uasset" 512
"E:/Unreal Projets/OutrunCops/Content/_Game/Assets/Enemies_Vehicles/FordExp/FordExp.uexp" 513
"E:/Unreal Projets/OutrunCops/Content/_Game/Assets/Enemies_Vehicles/FordExp/BP_FordExp_WheelFront.uasset" 514
"E:/Unreal Projets/OutrunCops/Content/_Game/Assets/Enemies_Vehicles/FordExp/BP_FordExp_WheelFront.uexp" 515
"E:/Unreal Projets/OutrunCops/Content/_Game/Enemies/BP_BaseEnemy.uasset" 516
"E:/Unreal Projets/OutrunCops/Content/_Game/Enemies/BP_BaseEnemy.uexp" 517
"E:/Unreal Projets/OutrunCops/Content/_Game/Assets/Images/MenuIcon.ubulk" 518
"E:/Unreal Projets/OutrunCops/Content/_Game/Assets/Images/MenuIcon.uasset" 519
"E:/Unreal Projets/OutrunCops/Content/_Game/Assets/Images/MenuIcon.uexp" 520
"E:/Unreal Projets/OutrunCops/Content/_Game/HUD/WBP_Gameplay.uasset" 521
"E:/Unreal Projets/OutrunCops/Content/_Game/HUD/WBP_Gameplay.uexp" 522
"E:/Unreal Projets/OutrunCops/Content/_Game/Gamemodes/BP_GamplayGamemode.uasset" 523
"E:/Unreal Projets/OutrunCops/Content/_Game/Gamemodes/BP_GamplayGamemode.uexp" 524
"E:/Unreal Projets/OutrunCops/Content/_Game/HUD/WBP_Vehicle.uasset" 525
"E:/Unreal Projets/OutrunCops/Content/_Game/HUD/WBP_Vehicle.uexp" 526
"E:/Unreal Projets/OutrunCops/Content/_Game/Assets/Player_Vehicles/Polo/Materials/M_Polo_Tire.uasset" 527
"E:/Unreal Projets/OutrunCops/Content/_Game/Assets/Player_Vehicles/Polo/Materials/M_Polo_Tire.uexp" 528
"E:/Unreal Projets/OutrunCops/Content/_Game/Assets/Player_Vehicles/Polo/Materials/M_Polo_Rim.uasset" 529
"E:/Unreal Projets/OutrunCops/Content/_Game/Assets/Player_Vehicles/Polo/Materials/M_Polo_Rim.uexp" 530
"E:/Unreal Projets/OutrunCops/Content/_Game/Assets/Player_Vehicles/Polo/Parts/SM_Polo_Wheel.ubulk" 531
"E:/Unreal Projets/OutrunCops/Content/_Game/Assets/Player_Vehicles/Polo/Parts/SM_Polo_Wheel.uasset" 532
"E:/Unreal Projets/OutrunCops/Content/_Game/Assets/Player_Vehicles/Polo/Parts/SM_Polo_Wheel.uexp" 533
"E:/Unreal Projets/OutrunCops/Content/_Game/Assets/Player_Vehicles/Polo/Polo_Skeleton.uasset" 534
"E:/Unreal Projets/OutrunCops/Content/_Game/Assets/Player_Vehicles/Polo/Polo_Skeleton.uexp" 535
"E:/Unreal Projets/OutrunCops/Content/_Game/Assets/Player_Vehicles/Polo/ABP_Polo.uasset" 536
"E:/Unreal Projets/OutrunCops/Content/_Game/Assets/Player_Vehicles/Polo/ABP_Polo.uexp" 537
"E:/Unreal Projets/OutrunCops/Content/_Game/Assets/Player_Vehicles/Polo/Parts/SM_Polo_Hood.ubulk" 538
"E:/Unreal Projets/OutrunCops/Content/_Game/Assets/Player_Vehicles/Polo/Parts/SM_Polo_Hood.uasset" 539
"E:/Unreal Projets/OutrunCops/Content/_Game/Assets/Player_Vehicles/Polo/Parts/SM_Polo_Hood.uexp" 540
"E:/Unreal Projets/OutrunCops/Content/_Game/Assets/Player_Vehicles/Polo/Materials/M_Polo_LightsFront.uasset" 541
"E:/Unreal Projets/OutrunCops/Content/_Game/Assets/Player_Vehicles/Polo/Materials/M_Polo_LightsFront.uexp" 542
"E:/Unreal Projets/OutrunCops/Content/_Game/Assets/Player_Vehicles/Polo/Polo_PhysicsAsset.uasset" 543
"E:/Unreal Projets/OutrunCops/Content/_Game/Assets/Player_Vehicles/Polo/Polo_PhysicsAsset.uexp" 544
"E:/Unreal Projets/OutrunCops/Content/_Game/Assets/Player_Vehicles/Polo/Materials/M_Polo_LightsRear.uasset" 545
"E:/Unreal Projets/OutrunCops/Content/_Game/Assets/Player_Vehicles/Polo/Materials/M_Polo_LightsRear.uexp" 546
"E:/Unreal Projets/OutrunCops/Content/_Game/Assets/Player_Vehicles/Polo/Materials/M_Polo_Window.uasset" 547
"E:/Unreal Projets/OutrunCops/Content/_Game/Assets/Player_Vehicles/Polo/Materials/M_Polo_Window.uexp" 548
"E:/Unreal Projets/OutrunCops/Content/_Game/Assets/Player_Vehicles/Polo/Polo.uasset" 549
"E:/Unreal Projets/OutrunCops/Content/_Game/Assets/Player_Vehicles/Polo/Polo.uexp" 550
"E:/Unreal Projets/OutrunCops/Content/_Game/Player/BP_Polo.uasset" 551
"E:/Unreal Projets/OutrunCops/Content/_Game/Player/BP_Polo.uexp" 552
"E:/Unreal Projets/OutrunCops/Content/_Game/Assets/Environment/Garage/M_Garage_GarageDoor.ubulk" 553
"E:/Unreal Projets/OutrunCops/Content/_Game/Assets/Environment/Garage/M_Garage_GarageDoor.uasset" 554
"E:/Unreal Projets/OutrunCops/Content/_Game/Assets/Environment/Garage/M_Garage_GarageDoor.uexp" 555
"E:/Unreal Projets/OutrunCops/Content/_Game/Assets/Images/WrenchIcon.ubulk" 556
"E:/Unreal Projets/OutrunCops/Content/_Game/Assets/Images/WrenchIcon.uasset" 557
"E:/Unreal Projets/OutrunCops/Content/_Game/Assets/Images/WrenchIcon.uexp" 558
"E:/Unreal Projets/OutrunCops/Content/_Game/Assets/Images/OptionsIcon.ubulk" 559
"E:/Unreal Projets/OutrunCops/Content/_Game/Assets/Images/OptionsIcon.uasset" 560
"E:/Unreal Projets/OutrunCops/Content/_Game/Assets/Images/OptionsIcon.uexp" 561
"E:/Unreal Projets/OutrunCops/Content/_Game/Assets/Images/ArrowIcon.ubulk" 562
"E:/Unreal Projets/OutrunCops/Content/_Game/Assets/Images/ArrowIcon.uasset" 563
"E:/Unreal Projets/OutrunCops/Content/_Game/Assets/Images/ArrowIcon.uexp" 564
"E:/Unreal Projets/OutrunCops/Content/_Game/Assets/Images/XIcon.ubulk" 565
"E:/Unreal Projets/OutrunCops/Content/_Game/Assets/Images/XIcon.uasset" 566
"E:/Unreal Projets/OutrunCops/Content/_Game/Assets/Images/XIcon.uexp" 567
"E:/Unreal Projets/OutrunCops/Content/_Game/Assets/Images/DollarIcon.ubulk" 568
"E:/Unreal Projets/OutrunCops/Content/_Game/Assets/Images/DollarIcon.uasset" 569
"E:/Unreal Projets/OutrunCops/Content/_Game/Assets/Images/DollarIcon.uexp" 570
"../../../Engine/Content/MapTemplates/Materials/BasicAsset01.uasset" 571
"../../../Engine/Content/MapTemplates/Materials/BasicAsset01.uexp" 572
"E:/Unreal Projets/OutrunCops/Content/_Game/Assets/Fonts/Pacifico-Regular.uexp" 573
"E:/Unreal Projets/OutrunCops/Content/_Game/Assets/Fonts/Pacifico-Regular.uasset" 574
"E:/Unreal Projets/OutrunCops/Content/_Game/Assets/Fonts/Pacifico-Regular.ufont" 575
"E:/Unreal Projets/OutrunCops/Content/_Game/Assets/Fonts/Pacifico-Regular_Font.uasset" 576
"E:/Unreal Projets/OutrunCops/Content/_Game/Assets/Fonts/Pacifico-Regular_Font.uexp" 577
"E:/Unreal Projets/OutrunCops/Content/_Game/Assets/Images/CartIcon.ubulk" 578
"E:/Unreal Projets/OutrunCops/Content/_Game/Assets/Images/CartIcon.uasset" 579
"E:/Unreal Projets/OutrunCops/Content/_Game/Assets/Images/CartIcon.uexp" 580
"E:/Unreal Projets/OutrunCops/Content/_Game/HUD/WBP_Shop.uasset" 581
"E:/Unreal Projets/OutrunCops/Content/_Game/HUD/WBP_Shop.uexp" 582
"E:/Unreal Projets/OutrunCops/Content/_Game/Assets/Environment/Garage/M_Garage_Workbench.ubulk" 583
"E:/Unreal Projets/OutrunCops/Content/_Game/Assets/Environment/Garage/M_Garage_Workbench.uasset" 584
"E:/Unreal Projets/OutrunCops/Content/_Game/Assets/Environment/Garage/M_Garage_Workbench.uexp" 585
"E:/Unreal Projets/OutrunCops/Content/_Game/Assets/Environment/Garage/M_Garage_GarageDoor_001.ubulk" 586
"E:/Unreal Projets/OutrunCops/Content/_Game/Assets/Environment/Garage/M_Garage_GarageDoor_001.uasset" 587
"E:/Unreal Projets/OutrunCops/Content/_Game/Assets/Environment/Garage/M_Garage_GarageDoor_001.uexp" 588
"E:/Unreal Projets/OutrunCops/Content/_Game/Assets/Environment/Garage/M_Garage_CeilingSupports.ubulk" 589
"E:/Unreal Projets/OutrunCops/Content/_Game/Assets/Environment/Garage/M_Garage_CeilingSupports.uasset" 590
"E:/Unreal Projets/OutrunCops/Content/_Game/Assets/Environment/Garage/M_Garage_CeilingSupports.uexp" 591
"E:/Unreal Projets/OutrunCops/Content/_Game/Assets/Environment/Garage/M_Garage_GarageWalls.ubulk" 592
"E:/Unreal Projets/OutrunCops/Content/_Game/Assets/Environment/Garage/M_Garage_GarageWalls.uasset" 593
"E:/Unreal Projets/OutrunCops/Content/_Game/Assets/Environment/Garage/M_Garage_GarageWalls.uexp" 594
"E:/Unreal Projets/OutrunCops/Content/_Game/HUD/WBP_LevelSelector.uasset" 595
"E:/Unreal Projets/OutrunCops/Content/_Game/HUD/WBP_LevelSelector.uexp" 596
"E:/Unreal Projets/OutrunCops/Content/_Game/Assets/Environment/Garage/M_Garage_CarPlatform.ubulk" 597
"E:/Unreal Projets/OutrunCops/Content/_Game/Assets/Environment/Garage/M_Garage_CarPlatform.uasset" 598
"E:/Unreal Projets/OutrunCops/Content/_Game/Assets/Environment/Garage/M_Garage_CarPlatform.uexp" 599
"E:/Unreal Projets/OutrunCops/Content/_Game/Assets/Player_Vehicles/Subaru/Materials/M_Subaru_Primary.uasset" 600
"E:/Unreal Projets/OutrunCops/Content/_Game/Assets/Player_Vehicles/Subaru/Materials/M_Subaru_Primary.uexp" 601
"E:/Unreal Projets/OutrunCops/Content/_Game/Assets/Player_Vehicles/Subaru/Materials/M_Subaru_Secondary.uasset" 602
"E:/Unreal Projets/OutrunCops/Content/_Game/Assets/Player_Vehicles/Subaru/Materials/M_Subaru_Secondary.uexp" 603
"E:/Unreal Projets/OutrunCops/Content/_Game/Assets/Player_Vehicles/Subaru/Parts/SM_Subaru_BumperRear.ubulk" 604
"E:/Unreal Projets/OutrunCops/Content/_Game/Assets/Player_Vehicles/Subaru/Parts/SM_Subaru_BumperRear.uasset" 605
"E:/Unreal Projets/OutrunCops/Content/_Game/Assets/Player_Vehicles/Subaru/Parts/SM_Subaru_BumperRear.uexp" 606
"E:/Unreal Projets/OutrunCops/Content/_Game/Assets/Player_Vehicles/Subaru/BP_Subaru_WheelRear.uasset" 607
"E:/Unreal Projets/OutrunCops/Content/_Game/Assets/Player_Vehicles/Subaru/BP_Subaru_WheelRear.uexp" 608
"E:/Unreal Projets/OutrunCops/Content/_Game/Assets/Player_Vehicles/Subaru/Subaru_Skeleton.uasset" 609
"E:/Unreal Projets/OutrunCops/Content/_Game/Assets/Player_Vehicles/Subaru/Subaru_Skeleton.uexp" 610
"E:/Unreal Projets/OutrunCops/Content/_Game/Assets/Player_Vehicles/Subaru/Materials/M_Subaru_Window.uasset" 611
"E:/Unreal Projets/OutrunCops/Content/_Game/Assets/Player_Vehicles/Subaru/Materials/M_Subaru_Window.uexp" 612
"E:/Unreal Projets/OutrunCops/Content/_Game/Assets/Player_Vehicles/Subaru/Subaru_PhysicsAsset.uasset" 613
"E:/Unreal Projets/OutrunCops/Content/_Game/Assets/Player_Vehicles/Subaru/Subaru_PhysicsAsset.uexp" 614
"E:/Unreal Projets/OutrunCops/Content/_Game/Assets/Player_Vehicles/Subaru/Materials/M_Subaru_LightBack.uasset" 615
"E:/Unreal Projets/OutrunCops/Content/_Game/Assets/Player_Vehicles/Subaru/Materials/M_Subaru_LightBack.uexp" 616
"E:/Unreal Projets/OutrunCops/Content/_Game/Assets/Player_Vehicles/Subaru/Materials/M_Subaru_LightFront.uasset" 617
"E:/Unreal Projets/OutrunCops/Content/_Game/Assets/Player_Vehicles/Subaru/Materials/M_Subaru_LightFront.uexp" 618
"E:/Unreal Projets/OutrunCops/Content/_Game/Assets/Player_Vehicles/Subaru/Subaru.uasset" 619
"E:/Unreal Projets/OutrunCops/Content/_Game/Assets/Player_Vehicles/Subaru/Subaru.uexp" 620
"E:/Unreal Projets/OutrunCops/Content/_Game/Assets/Player_Vehicles/Subaru/Parts/SM_Subaru_Wing.ubulk" 621
"E:/Unreal Projets/OutrunCops/Content/_Game/Assets/Player_Vehicles/Subaru/Parts/SM_Subaru_Wing.uasset" 622
"E:/Unreal Projets/OutrunCops/Content/_Game/Assets/Player_Vehicles/Subaru/Parts/SM_Subaru_Wing.uexp" 623
"E:/Unreal Projets/OutrunCops/Content/_Game/Assets/Player_Vehicles/Subaru/BP_Subaru_WheelFront.uasset" 624
"E:/Unreal Projets/OutrunCops/Content/_Game/Assets/Player_Vehicles/Subaru/BP_Subaru_WheelFront.uexp" 625
"E:/Unreal Projets/OutrunCops/Content/_Game/Assets/Player_Vehicles/Subaru/ABP_Subaru.uasset" 626
"E:/Unreal Projets/OutrunCops/Content/_Game/Assets/Player_Vehicles/Subaru/ABP_Subaru.uexp" 627
"E:/Unreal Projets/OutrunCops/Content/_Game/Assets/Player_Vehicles/Subaru/Parts/SM_Subaru_Hood.ubulk" 628
"E:/Unreal Projets/OutrunCops/Content/_Game/Assets/Player_Vehicles/Subaru/Parts/SM_Subaru_Hood.uasset" 629
"E:/Unreal Projets/OutrunCops/Content/_Game/Assets/Player_Vehicles/Subaru/Parts/SM_Subaru_Hood.uexp" 630
"E:/Unreal Projets/OutrunCops/Content/_Game/Assets/Player_Vehicles/Subaru/Parts/SM_Subaru_BumperFront.ubulk" 631
"E:/Unreal Projets/OutrunCops/Content/_Game/Assets/Player_Vehicles/Subaru/Parts/SM_Subaru_BumperFront.uasset" 632
"E:/Unreal Projets/OutrunCops/Content/_Game/Assets/Player_Vehicles/Subaru/Parts/SM_Subaru_BumperFront.uexp" 633
"E:/Unreal Projets/OutrunCops/Content/_Game/Player/BP_Subaru.uasset" 634
"E:/Unreal Projets/OutrunCops/Content/_Game/Player/BP_Subaru.uexp" 635
"E:/Unreal Projets/OutrunCops/Content/_Game/Assets/Player_Vehicles/Mustang/Mustang_Skeleton.uasset" 636
"E:/Unreal Projets/OutrunCops/Content/_Game/Assets/Player_Vehicles/Mustang/Mustang_Skeleton.uexp" 637
"E:/Unreal Projets/OutrunCops/Content/_Game/Assets/Player_Vehicles/Mustang/ABP_Mustang.uasset" 638
"E:/Unreal Projets/OutrunCops/Content/_Game/Assets/Player_Vehicles/Mustang/ABP_Mustang.uexp" 639
"E:/Unreal Projets/OutrunCops/Content/_Game/Assets/Player_Vehicles/Mustang/BP_Mustang_WheelRear.uasset" 640
"E:/Unreal Projets/OutrunCops/Content/_Game/Assets/Player_Vehicles/Mustang/BP_Mustang_WheelRear.uexp" 641
"E:/Unreal Projets/OutrunCops/Content/_Game/Assets/Player_Vehicles/Mustang/BP_Mustang_WheelFront.uasset" 642
"E:/Unreal Projets/OutrunCops/Content/_Game/Assets/Player_Vehicles/Mustang/BP_Mustang_WheelFront.uexp" 643
"E:/Unreal Projets/OutrunCops/Content/_Game/Assets/Player_Vehicles/Mustang/Materials/M_Mustang_Secondary.uasset" 644
"E:/Unreal Projets/OutrunCops/Content/_Game/Assets/Player_Vehicles/Mustang/Materials/M_Mustang_Secondary.uexp" 645
"E:/Unreal Projets/OutrunCops/Content/_Game/Assets/Player_Vehicles/Mustang/Parts/SM_Mustang_BumperRear.ubulk" 646
"E:/Unreal Projets/OutrunCops/Content/_Game/Assets/Player_Vehicles/Mustang/Parts/SM_Mustang_BumperRear.uasset" 647
"E:/Unreal Projets/OutrunCops/Content/_Game/Assets/Player_Vehicles/Mustang/Parts/SM_Mustang_BumperRear.uexp" 648
"E:/Unreal Projets/OutrunCops/Content/_Game/Assets/Player_Vehicles/Mustang/Materials/M_Mustang_Primary.uasset" 649
"E:/Unreal Projets/OutrunCops/Content/_Game/Assets/Player_Vehicles/Mustang/Materials/M_Mustang_Primary.uexp" 650
"E:/Unreal Projets/OutrunCops/Content/_Game/Assets/Player_Vehicles/Mustang/Parts/SM_Mustang_BumperFront.ubulk" 651
"E:/Unreal Projets/OutrunCops/Content/_Game/Assets/Player_Vehicles/Mustang/Parts/SM_Mustang_BumperFront.uasset" 652
"E:/Unreal Projets/OutrunCops/Content/_Game/Assets/Player_Vehicles/Mustang/Parts/SM_Mustang_BumperFront.uexp" 653
"E:/Unreal Projets/OutrunCops/Content/_Game/Assets/Player_Vehicles/Mustang/Parts/SM_Mustang_Trunk.ubulk" 654
"E:/Unreal Projets/OutrunCops/Content/_Game/Assets/Player_Vehicles/Mustang/Parts/SM_Mustang_Trunk.uasset" 655
"E:/Unreal Projets/OutrunCops/Content/_Game/Assets/Player_Vehicles/Mustang/Parts/SM_Mustang_Trunk.uexp" 656
"E:/Unreal Projets/OutrunCops/Content/_Game/Assets/Player_Vehicles/Mustang/Mustang_PhysicsAsset.uasset" 657
"E:/Unreal Projets/OutrunCops/Content/_Game/Assets/Player_Vehicles/Mustang/Mustang_PhysicsAsset.uexp" 658
"E:/Unreal Projets/OutrunCops/Content/_Game/Assets/Player_Vehicles/Mustang/Materials/M_Mustang_LightsRear.uasset" 659
"E:/Unreal Projets/OutrunCops/Content/_Game/Assets/Player_Vehicles/Mustang/Materials/M_Mustang_LightsRear.uexp" 660
"E:/Unreal Projets/OutrunCops/Content/_Game/Assets/Player_Vehicles/Mustang/Materials/M_Mustang_Window.uasset" 661
"E:/Unreal Projets/OutrunCops/Content/_Game/Assets/Player_Vehicles/Mustang/Materials/M_Mustang_Window.uexp" 662
"E:/Unreal Projets/OutrunCops/Content/_Game/Assets/Player_Vehicles/Mustang/Materials/M_Mustang_LightsFront.uasset" 663
"E:/Unreal Projets/OutrunCops/Content/_Game/Assets/Player_Vehicles/Mustang/Materials/M_Mustang_LightsFront.uexp" 664
"E:/Unreal Projets/OutrunCops/Content/_Game/Assets/Player_Vehicles/Mustang/Mustang.uasset" 665
"E:/Unreal Projets/OutrunCops/Content/_Game/Assets/Player_Vehicles/Mustang/Mustang.uexp" 666
"E:/Unreal Projets/OutrunCops/Content/_Game/Assets/Player_Vehicles/Mustang/Parts/SM_Mustang_MirrorRight.ubulk" 667
"E:/Unreal Projets/OutrunCops/Content/_Game/Assets/Player_Vehicles/Mustang/Parts/SM_Mustang_MirrorRight.uasset" 668
"E:/Unreal Projets/OutrunCops/Content/_Game/Assets/Player_Vehicles/Mustang/Parts/SM_Mustang_MirrorRight.uexp" 669
"E:/Unreal Projets/OutrunCops/Content/_Game/Assets/Player_Vehicles/Mustang/Materials/M_Mustang_Rim.uasset" 670
"E:/Unreal Projets/OutrunCops/Content/_Game/Assets/Player_Vehicles/Mustang/Materials/M_Mustang_Rim.uexp" 671
"E:/Unreal Projets/OutrunCops/Content/_Game/Assets/Player_Vehicles/Mustang/Materials/M_Mustang_Tire.uasset" 672
"E:/Unreal Projets/OutrunCops/Content/_Game/Assets/Player_Vehicles/Mustang/Materials/M_Mustang_Tire.uexp" 673
"E:/Unreal Projets/OutrunCops/Content/_Game/Assets/Player_Vehicles/Mustang/Parts/SM_Mustang_Wheel.ubulk" 674
"E:/Unreal Projets/OutrunCops/Content/_Game/Assets/Player_Vehicles/Mustang/Parts/SM_Mustang_Wheel.uasset" 675
"E:/Unreal Projets/OutrunCops/Content/_Game/Assets/Player_Vehicles/Mustang/Parts/SM_Mustang_Wheel.uexp" 676
"E:/Unreal Projets/OutrunCops/Content/_Game/Assets/Player_Vehicles/Mustang/Parts/SM_Mustang_MirrorLeft.ubulk" 677
"E:/Unreal Projets/OutrunCops/Content/_Game/Assets/Player_Vehicles/Mustang/Parts/SM_Mustang_MirrorLeft.uasset" 678
"E:/Unreal Projets/OutrunCops/Content/_Game/Assets/Player_Vehicles/Mustang/Parts/SM_Mustang_MirrorLeft.uexp" 679
"E:/Unreal Projets/OutrunCops/Content/_Game/Assets/Player_Vehicles/Mustang/Parts/SM_Mustang_Hood.ubulk" 680
"E:/Unreal Projets/OutrunCops/Content/_Game/Assets/Player_Vehicles/Mustang/Parts/SM_Mustang_Hood.uasset" 681
"E:/Unreal Projets/OutrunCops/Content/_Game/Assets/Player_Vehicles/Mustang/Parts/SM_Mustang_Hood.uexp" 682
"E:/Unreal Projets/OutrunCops/Content/_Game/Player/BP_Mustang.uasset" 683
"E:/Unreal Projets/OutrunCops/Content/_Game/Player/BP_Mustang.uexp" 684
"E:/Unreal Projets/OutrunCops/Content/_Game/Assets/Environment/Garage/M_Garage_Went.ubulk" 685
"E:/Unreal Projets/OutrunCops/Content/_Game/Assets/Environment/Garage/M_Garage_Went.uasset" 686
"E:/Unreal Projets/OutrunCops/Content/_Game/Assets/Environment/Garage/M_Garage_Went.uexp" 687
"E:/Unreal Projets/OutrunCops/Content/_Game/Garage/BP_Garage.uasset" 688
"E:/Unreal Projets/OutrunCops/Content/_Game/Garage/BP_Garage.uexp" 689
"E:/Unreal Projets/OutrunCops/Content/_Game/Gamemodes/BP_MenuGameMode.uasset" 690
"E:/Unreal Projets/OutrunCops/Content/_Game/Gamemodes/BP_MenuGameMode.uexp" 691
"E:/Unreal Projets/OutrunCops/Content/_Game/Levels/MainMenu.uexp" 692
"E:/Unreal Projets/OutrunCops/Content/_Game/Levels/MainMenu.umap" 693
"E:/Unreal Projets/OutrunCops/Content/_Game/Assets/Environment/Levels/Desert/Tiles/SM_Desert_StraightTile.ubulk" 694
"E:/Unreal Projets/OutrunCops/Content/_Game/Assets/Environment/Levels/Desert/Tiles/SM_Desert_StraightTile.uasset" 695
"E:/Unreal Projets/OutrunCops/Content/_Game/Assets/Environment/Levels/Desert/Tiles/SM_Desert_StraightTile.uexp" 696
"E:/Unreal Projets/OutrunCops/Content/_Game/Assets/Environment/Levels/Desert/Props/SM_Desert_Rock_01.ubulk" 697
"E:/Unreal Projets/OutrunCops/Content/_Game/Assets/Environment/Levels/Desert/Props/SM_Desert_Rock_01.uasset" 698
"E:/Unreal Projets/OutrunCops/Content/_Game/Assets/Environment/Levels/Desert/Props/SM_Desert_Rock_01.uexp" 699
"E:/Unreal Projets/OutrunCops/Content/_Game/Materials/Asphalt.uasset" 700
"E:/Unreal Projets/OutrunCops/Content/_Game/Materials/Asphalt.uexp" 701
"E:/Unreal Projets/OutrunCops/Content/_Game/Materials/M_Asphalt.uasset" 702
"E:/Unreal Projets/OutrunCops/Content/_Game/Materials/M_Asphalt.uexp" 703
"E:/Unreal Projets/OutrunCops/Content/_Game/Assets/Environment/Levels/Desert/SM_Desert_StraightRoad.ubulk" 704
"E:/Unreal Projets/OutrunCops/Content/_Game/Assets/Environment/Levels/Desert/SM_Desert_StraightRoad.uasset" 705
"E:/Unreal Projets/OutrunCops/Content/_Game/Assets/Environment/Levels/Desert/SM_Desert_StraightRoad.uexp" 706
"E:/Unreal Projets/OutrunCops/Content/_Game/Assets/Environment/Levels/Desert/Props/SM_Desert_StraightBarrier.ubulk" 707
"E:/Unreal Projets/OutrunCops/Content/_Game/Assets/Environment/Levels/Desert/Props/SM_Desert_StraightBarrier.uasset" 708
"E:/Unreal Projets/OutrunCops/Content/_Game/Assets/Environment/Levels/Desert/Props/SM_Desert_StraightBarrier.uexp" 709
"E:/Unreal Projets/OutrunCops/Content/_Game/Assets/Environment/Levels/Desert/Props/SM_Desert_Cactus.ubulk" 710
"E:/Unreal Projets/OutrunCops/Content/_Game/Assets/Environment/Levels/Desert/Props/SM_Desert_Cactus.uasset" 711
"E:/Unreal Projets/OutrunCops/Content/_Game/Assets/Environment/Levels/Desert/Props/SM_Desert_Cactus.uexp" 712
"E:/Unreal Projets/OutrunCops/Content/_Game/Assets/Environment/Levels/Desert/Props/SM_Desert_Rock_06.ubulk" 713
"E:/Unreal Projets/OutrunCops/Content/_Game/Assets/Environment/Levels/Desert/Props/SM_Desert_Rock_06.uasset" 714
"E:/Unreal Projets/OutrunCops/Content/_Game/Assets/Environment/Levels/Desert/Props/SM_Desert_Rock_06.uexp" 715
"E:/Unreal Projets/OutrunCops/Content/_Game/Spawners/Roads/Desert/BP_Desert_Straight.uasset" 716
"E:/Unreal Projets/OutrunCops/Content/_Game/Spawners/Roads/Desert/BP_Desert_Straight.uexp" 717
"E:/Unreal Projets/OutrunCops/Content/_Game/Assets/Environment/Levels/Desert/Props/SM_Desert_Rock_03.ubulk" 718
"E:/Unreal Projets/OutrunCops/Content/_Game/Assets/Environment/Levels/Desert/Props/SM_Desert_Rock_03.uasset" 719
"E:/Unreal Projets/OutrunCops/Content/_Game/Assets/Environment/Levels/Desert/Props/SM_Desert_Rock_03.uexp" 720
"E:/Unreal Projets/OutrunCops/Content/_Game/Materials/M_Transparent.uasset" 721
"E:/Unreal Projets/OutrunCops/Content/_Game/Materials/M_Transparent.uexp" 722
"E:/Unreal Projets/OutrunCops/Content/_Game/Assets/Environment/Levels/Desert/SM_Desert_Turn_R.ubulk" 723
"E:/Unreal Projets/OutrunCops/Content/_Game/Assets/Environment/Levels/Desert/SM_Desert_Turn_R.uasset" 724
"E:/Unreal Projets/OutrunCops/Content/_Game/Assets/Environment/Levels/Desert/SM_Desert_Turn_R.uexp" 725
"E:/Unreal Projets/OutrunCops/Content/_Game/Assets/Environment/Levels/Desert/HitBoxes/HB_Desert_TurnShort_R.ubulk" 726
"E:/Unreal Projets/OutrunCops/Content/_Game/Assets/Environment/Levels/Desert/HitBoxes/HB_Desert_TurnShort_R.uasset" 727
"E:/Unreal Projets/OutrunCops/Content/_Game/Assets/Environment/Levels/Desert/HitBoxes/HB_Desert_TurnShort_R.uexp" 728
"E:/Unreal Projets/OutrunCops/Content/_Game/Assets/Environment/Levels/Desert/Props/SM_Desert_TurnBarrierLong_R.ubulk" 729
"E:/Unreal Projets/OutrunCops/Content/_Game/Assets/Environment/Levels/Desert/Props/SM_Desert_TurnBarrierLong_R.uasset" 730
"E:/Unreal Projets/OutrunCops/Content/_Game/Assets/Environment/Levels/Desert/Props/SM_Desert_TurnBarrierLong_R.uexp" 731
"E:/Unreal Projets/OutrunCops/Content/_Game/Assets/Environment/Levels/Desert/Props/SM_Desert_TurnBarrierShort_R.ubulk" 732
"E:/Unreal Projets/OutrunCops/Content/_Game/Assets/Environment/Levels/Desert/Props/SM_Desert_TurnBarrierShort_R.uasset" 733
"E:/Unreal Projets/OutrunCops/Content/_Game/Assets/Environment/Levels/Desert/Props/SM_Desert_TurnBarrierShort_R.uexp" 734
"E:/Unreal Projets/OutrunCops/Content/_Game/Assets/Environment/Levels/Desert/HitBoxes/HB_Desert_TurnLong_R.ubulk" 735
"E:/Unreal Projets/OutrunCops/Content/_Game/Assets/Environment/Levels/Desert/HitBoxes/HB_Desert_TurnLong_R.uasset" 736
"E:/Unreal Projets/OutrunCops/Content/_Game/Assets/Environment/Levels/Desert/HitBoxes/HB_Desert_TurnLong_R.uexp" 737
"E:/Unreal Projets/OutrunCops/Content/_Game/Spawners/Roads/Desert/BP_Desert_Turn_R.uasset" 738
"E:/Unreal Projets/OutrunCops/Content/_Game/Spawners/Roads/Desert/BP_Desert_Turn_R.uexp" 739
"E:/Unreal Projets/OutrunCops/Content/_Game/Assets/Environment/Levels/Desert/Props/SM_Desert_GasStation.ubulk" 740
"E:/Unreal Projets/OutrunCops/Content/_Game/Assets/Environment/Levels/Desert/Props/SM_Desert_GasStation.uasset" 741
"E:/Unreal Projets/OutrunCops/Content/_Game/Assets/Environment/Levels/Desert/Props/SM_Desert_GasStation.uexp" 742
"E:/Unreal Projets/OutrunCops/Content/_Game/Assets/Environment/Levels/Desert/Props/SM_Desert_Rock_05.ubulk" 743
"E:/Unreal Projets/OutrunCops/Content/_Game/Assets/Environment/Levels/Desert/Props/SM_Desert_Rock_05.uasset" 744
"E:/Unreal Projets/OutrunCops/Content/_Game/Assets/Environment/Levels/Desert/Props/SM_Desert_Rock_05.uexp" 745
"E:/Unreal Projets/OutrunCops/Content/_Game/Assets/Environment/Levels/Desert/Props/SM_Desert_SolarPanel.ubulk" 746
"E:/Unreal Projets/OutrunCops/Content/_Game/Assets/Environment/Levels/Desert/Props/SM_Desert_SolarPanel.uasset" 747
"E:/Unreal Projets/OutrunCops/Content/_Game/Assets/Environment/Levels/Desert/Props/SM_Desert_SolarPanel.uexp" 748
"E:/Unreal Projets/OutrunCops/Content/_Game/Assets/Environment/Levels/Desert/Props/SM_Desert_DryBush.ubulk" 749
"E:/Unreal Projets/OutrunCops/Content/_Game/Assets/Environment/Levels/Desert/Props/SM_Desert_DryBush.uasset" 750
"E:/Unreal Projets/OutrunCops/Content/_Game/Assets/Environment/Levels/Desert/Props/SM_Desert_DryBush.uexp" 751
"E:/Unreal Projets/OutrunCops/Content/_Game/Assets/Environment/Levels/Desert/Props/SM_Desert_Sattelite.ubulk" 752
"E:/Unreal Projets/OutrunCops/Content/_Game/Assets/Environment/Levels/Desert/Props/SM_Desert_Sattelite.uasset" 753
"E:/Unreal Projets/OutrunCops/Content/_Game/Assets/Environment/Levels/Desert/Props/SM_Desert_Sattelite.uexp" 754
"E:/Unreal Projets/OutrunCops/Content/_Game/Assets/Environment/Levels/Desert/Props/SM_Desert_Rock_02.ubulk" 755
"E:/Unreal Projets/OutrunCops/Content/_Game/Assets/Environment/Levels/Desert/Props/SM_Desert_Rock_02.uasset" 756
"E:/Unreal Projets/OutrunCops/Content/_Game/Assets/Environment/Levels/Desert/Props/SM_Desert_Rock_02.uexp" 757
"E:/Unreal Projets/OutrunCops/Content/_Game/Spawners/Roads/Desert/BP_Desert_GasStation.uasset" 758
"E:/Unreal Projets/OutrunCops/Content/_Game/Spawners/Roads/Desert/BP_Desert_GasStation.uexp" 759
"E:/Unreal Projets/OutrunCops/Content/_Game/Assets/Environment/Levels/Desert/Props/SM_Desert_ElecPoles.ubulk" 760
"E:/Unreal Projets/OutrunCops/Content/_Game/Assets/Environment/Levels/Desert/Props/SM_Desert_ElecPoles.uasset" 761
"E:/Unreal Projets/OutrunCops/Content/_Game/Assets/Environment/Levels/Desert/Props/SM_Desert_ElecPoles.uexp" 762
"E:/Unreal Projets/OutrunCops/Content/_Game/Assets/Environment/Levels/Desert/HitBoxes/HB_Desert_TunnelRoad.ubulk" 763
"E:/Unreal Projets/OutrunCops/Content/_Game/Assets/Environment/Levels/Desert/HitBoxes/HB_Desert_TunnelRoad.uasset" 764
"E:/Unreal Projets/OutrunCops/Content/_Game/Assets/Environment/Levels/Desert/HitBoxes/HB_Desert_TunnelRoad.uexp" 765
"E:/Unreal Projets/OutrunCops/Content/_Game/Assets/Environment/Levels/Desert/Tiles/SM_Desert_TunnelTile.ubulk" 766
"E:/Unreal Projets/OutrunCops/Content/_Game/Assets/Environment/Levels/Desert/Tiles/SM_Desert_TunnelTile.uasset" 767
"E:/Unreal Projets/OutrunCops/Content/_Game/Assets/Environment/Levels/Desert/Tiles/SM_Desert_TunnelTile.uexp" 768
"E:/Unreal Projets/OutrunCops/Content/_Game/Assets/Environment/Levels/Desert/SM_Desert_TunnelRoad.ubulk" 769
"E:/Unreal Projets/OutrunCops/Content/_Game/Assets/Environment/Levels/Desert/SM_Desert_TunnelRoad.uasset" 770
"E:/Unreal Projets/OutrunCops/Content/_Game/Assets/Environment/Levels/Desert/SM_Desert_TunnelRoad.uexp" 771
"E:/Unreal Projets/OutrunCops/Content/_Game/Assets/Environment/Levels/Desert/Props/SM_Desert_TunnelShape.ubulk" 772
"E:/Unreal Projets/OutrunCops/Content/_Game/Assets/Environment/Levels/Desert/Props/SM_Desert_TunnelShape.uasset" 773
"E:/Unreal Projets/OutrunCops/Content/_Game/Assets/Environment/Levels/Desert/Props/SM_Desert_TunnelShape.uexp" 774
"E:/Unreal Projets/OutrunCops/Content/_Game/Spawners/Roads/Desert/BP_Desert_Tunnel.uasset" 775
"E:/Unreal Projets/OutrunCops/Content/_Game/Spawners/Roads/Desert/BP_Desert_Tunnel.uexp" 776
"E:/Unreal Projets/OutrunCops/Content/_Game/Assets/Environment/Levels/Desert/Props/SM_Desert_Barricade.ubulk" 777
"E:/Unreal Projets/OutrunCops/Content/_Game/Assets/Environment/Levels/Desert/Props/SM_Desert_Barricade.uasset" 778
"E:/Unreal Projets/OutrunCops/Content/_Game/Assets/Environment/Levels/Desert/Props/SM_Desert_Barricade.uexp" 779
"../../../Engine/Plugins/Animation/ControlRig/Content/Controls/ControlRig_Box_solid.ubulk" 780
"../../../Engine/Plugins/Animation/ControlRig/Content/Controls/ControlRig_Box_solid.uasset" 781
"../../../Engine/Plugins/Animation/ControlRig/Content/Controls/ControlRig_Box_solid.uexp" 782
"E:/Unreal Projets/OutrunCops/Content/_Game/Spawners/Roads/Desert/BP_Desert_Barricade.uasset" 783
"E:/Unreal Projets/OutrunCops/Content/_Game/Spawners/Roads/Desert/BP_Desert_Barricade.uexp" 784
"E:/Unreal Projets/OutrunCops/Content/_Game/Assets/Environment/Levels/Desert/SM_Desert_BridgeRoad.ubulk" 785
"E:/Unreal Projets/OutrunCops/Content/_Game/Assets/Environment/Levels/Desert/SM_Desert_BridgeRoad.uasset" 786
"E:/Unreal Projets/OutrunCops/Content/_Game/Assets/Environment/Levels/Desert/SM_Desert_BridgeRoad.uexp" 787
"E:/Unreal Projets/OutrunCops/Content/_Game/Assets/Environment/Levels/Desert/HitBoxes/HB_Desert_BridgeRoad.ubulk" 788
"E:/Unreal Projets/OutrunCops/Content/_Game/Assets/Environment/Levels/Desert/HitBoxes/HB_Desert_BridgeRoad.uasset" 789
"E:/Unreal Projets/OutrunCops/Content/_Game/Assets/Environment/Levels/Desert/HitBoxes/HB_Desert_BridgeRoad.uexp" 790
"E:/Unreal Projets/OutrunCops/Content/_Game/Assets/Environment/Levels/Desert/Props/SM_Desert_Rock_04.ubulk" 791
"E:/Unreal Projets/OutrunCops/Content/_Game/Assets/Environment/Levels/Desert/Props/SM_Desert_Rock_04.uasset" 792
"E:/Unreal Projets/OutrunCops/Content/_Game/Assets/Environment/Levels/Desert/Props/SM_Desert_Rock_04.uexp" 793
"E:/Unreal Projets/OutrunCops/Content/_Game/Assets/Environment/Levels/Desert/Tiles/SM_Desert_BridgeWaterTile.ubulk" 794
"E:/Unreal Projets/OutrunCops/Content/_Game/Assets/Environment/Levels/Desert/Tiles/SM_Desert_BridgeWaterTile.uasset" 795
"E:/Unreal Projets/OutrunCops/Content/_Game/Assets/Environment/Levels/Desert/Tiles/SM_Desert_BridgeWaterTile.uexp" 796
"E:/Unreal Projets/OutrunCops/Content/_Game/Assets/Environment/Levels/Desert/Tiles/SM_Desert_BridgeTile.ubulk" 797
"E:/Unreal Projets/OutrunCops/Content/_Game/Assets/Environment/Levels/Desert/Tiles/SM_Desert_BridgeTile.uasset" 798
"E:/Unreal Projets/OutrunCops/Content/_Game/Assets/Environment/Levels/Desert/Tiles/SM_Desert_BridgeTile.uexp" 799
"E:/Unreal Projets/OutrunCops/Content/_Game/Assets/Environment/Levels/Desert/Props/SM_Desert_BridgeBarrier.ubulk" 800
"E:/Unreal Projets/OutrunCops/Content/_Game/Assets/Environment/Levels/Desert/Props/SM_Desert_BridgeBarrier.uasset" 801
"E:/Unreal Projets/OutrunCops/Content/_Game/Assets/Environment/Levels/Desert/Props/SM_Desert_BridgeBarrier.uexp" 802
"E:/Unreal Projets/OutrunCops/Content/_Game/Spawners/Roads/Desert/BP_Desert_Bridge.uasset" 803
"E:/Unreal Projets/OutrunCops/Content/_Game/Spawners/Roads/Desert/BP_Desert_Bridge.uexp" 804
"E:/Unreal Projets/OutrunCops/Content/_Game/Assets/Environment/Levels/Desert/Props/SM_Desert_TurnBarrierLong_L.ubulk" 805
"E:/Unreal Projets/OutrunCops/Content/_Game/Assets/Environment/Levels/Desert/Props/SM_Desert_TurnBarrierLong_L.uasset" 806
"E:/Unreal Projets/OutrunCops/Content/_Game/Assets/Environment/Levels/Desert/Props/SM_Desert_TurnBarrierLong_L.uexp" 807
"E:/Unreal Projets/OutrunCops/Content/_Game/Assets/Environment/Levels/Desert/Props/SM_Desert_TurnBarrierShort_L.ubulk" 808
"E:/Unreal Projets/OutrunCops/Content/_Game/Assets/Environment/Levels/Desert/Props/SM_Desert_TurnBarrierShort_L.uasset" 809
"E:/Unreal Projets/OutrunCops/Content/_Game/Assets/Environment/Levels/Desert/Props/SM_Desert_TurnBarrierShort_L.uexp" 810
"E:/Unreal Projets/OutrunCops/Content/_Game/Assets/Environment/Levels/Desert/SM_Desert_Turn_L.ubulk" 811
"E:/Unreal Projets/OutrunCops/Content/_Game/Assets/Environment/Levels/Desert/SM_Desert_Turn_L.uasset" 812
"E:/Unreal Projets/OutrunCops/Content/_Game/Assets/Environment/Levels/Desert/SM_Desert_Turn_L.uexp" 813
"E:/Unreal Projets/OutrunCops/Content/_Game/Assets/Environment/Levels/Desert/HitBoxes/HB_Desert_TurnShort_L.ubulk" 814
"E:/Unreal Projets/OutrunCops/Content/_Game/Assets/Environment/Levels/Desert/HitBoxes/HB_Desert_TurnShort_L.uasset" 815
"E:/Unreal Projets/OutrunCops/Content/_Game/Assets/Environment/Levels/Desert/HitBoxes/HB_Desert_TurnShort_L.uexp" 816
"E:/Unreal Projets/OutrunCops/Content/_Game/Assets/Environment/Levels/Desert/HitBoxes/HB_Desert_TurnLong_L.ubulk" 817
"E:/Unreal Projets/OutrunCops/Content/_Game/Assets/Environment/Levels/Desert/HitBoxes/HB_Desert_TurnLong_L.uasset" 818
"E:/Unreal Projets/OutrunCops/Content/_Game/Assets/Environment/Levels/Desert/HitBoxes/HB_Desert_TurnLong_L.uexp" 819
"E:/Unreal Projets/OutrunCops/Content/_Game/Spawners/Roads/Desert/BP_Desert_Turn_L.uasset" 820
"E:/Unreal Projets/OutrunCops/Content/_Game/Spawners/Roads/Desert/BP_Desert_Turn_L.uexp" 821
"E:/Unreal Projets/OutrunCops/Content/_Game/Spawners/BP_DesertSpawner.uasset" 822
"E:/Unreal Projets/OutrunCops/Content/_Game/Spawners/BP_DesertSpawner.uexp" 823
"E:/Unreal Projets/OutrunCops/Content/_Game/Levels/Desert.uexp" 824
"E:/Unreal Projets/OutrunCops/Content/_Game/Levels/Desert.umap" 825
