"../../../Engine/Content/Functions/Engine_MaterialFunctions01/Shading/PowerToRoughness.uasset" 0
"../../../Engine/Content/Functions/Engine_MaterialFunctions01/Shading/PowerToRoughness.uexp" 1
"../../../Engine/Content/Functions/Engine_MaterialFunctions01/Shading/ConvertFromDiffSpec.uasset" 2
"../../../Engine/Content/Functions/Engine_MaterialFunctions01/Shading/ConvertFromDiffSpec.uexp" 3
"../../../Engine/Content/EngineSounds/Master.uasset" 4
"../../../Engine/Content/EngineSounds/Master.uexp" 5
"../../../Engine/Content/EngineSky/VolumetricClouds/CloudWeatherTexture.uasset" 6
"../../../Engine/Content/EngineSky/VolumetricClouds/CloudWeatherTexture.uexp" 7
"../../../Engine/Content/Functions/Engine_MaterialFunctions02/Utility/MakeFloat2.uasset" 8
"../../../Engine/Content/Functions/Engine_MaterialFunctions02/Utility/MakeFloat2.uexp" 9
"../../../Engine/Content/EngineSky/VolumetricClouds/CloudGradientTexture.uasset" 10
"../../../Engine/Content/EngineSky/VolumetricClouds/CloudGradientTexture.uexp" 11
"../../../Engine/Content/EngineSky/VolumetricClouds/T_NoiseShape64.ubulk" 12
"../../../Engine/Content/EngineSky/VolumetricClouds/T_NoiseShape64.uasset" 13
"../../../Engine/Content/EngineSky/VolumetricClouds/T_NoiseShape64.uexp" 14
"../../../Engine/Content/EngineSky/VolumetricClouds/T_VolumeNoiseShape64.uasset" 15
"../../../Engine/Content/EngineSky/VolumetricClouds/T_VolumeNoiseShape64.uexp" 16
"../../../Engine/Content/EngineSky/VolumetricClouds/T_NoiseErosion.ubulk" 17
"../../../Engine/Content/EngineSky/VolumetricClouds/T_NoiseErosion.uasset" 18
"../../../Engine/Content/EngineSky/VolumetricClouds/T_NoiseErosion.uexp" 19
"../../../Engine/Content/EngineSky/VolumetricClouds/T_VolumeNoiseErosion32.uasset" 20
"../../../Engine/Content/EngineSky/VolumetricClouds/T_VolumeNoiseErosion32.uexp" 21
"../../../Engine/Content/EngineSky/VolumetricClouds/m_SimpleVolumetricCloud.uasset" 22
"../../../Engine/Content/EngineSky/VolumetricClouds/m_SimpleVolumetricCloud.uexp" 23
"../../../Engine/Content/EngineSky/VolumetricClouds/m_SimpleVolumetricCloud_Inst.uasset" 24
"../../../Engine/Content/EngineSky/VolumetricClouds/m_SimpleVolumetricCloud_Inst.uexp" 25
"../../../Engine/Content/EngineResources/GradientTexture0.uasset" 26
"../../../Engine/Content/EngineResources/GradientTexture0.uexp" 27
"../../../Engine/Content/EngineResources/DefaultVolumeTexture2D.uasset" 28
"../../../Engine/Content/EngineResources/DefaultVolumeTexture2D.uexp" 29
"../../../Engine/Content/EngineResources/DefaultVolumeTexture.uasset" 30
"../../../Engine/Content/EngineResources/DefaultVolumeTexture.uexp" 31
"../../../Engine/Content/EngineResources/DefaultTextureCube.uasset" 32
"../../../Engine/Content/EngineResources/DefaultTextureCube.uexp" 33
"../../../Engine/Content/EngineResources/DefaultTexture.ubulk" 34
"../../../Engine/Content/EngineResources/DefaultTexture.uasset" 35
"../../../Engine/Content/EngineResources/DefaultTexture.uexp" 36
"../../../Engine/Content/EngineResources/Black.uasset" 37
"../../../Engine/Content/EngineResources/Black.uexp" 38
"../../../Engine/Content/EngineResources/FilmGrains/Marcie_Grain_v3_128_M2_000.uasset" 39
"../../../Engine/Content/EngineResources/FilmGrains/Marcie_Grain_v3_128_M2_000.uexp" 40
"../../../Engine/Content/EngineMeshes/Sphere.uasset" 41
"../../../Engine/Content/EngineMeshes/Sphere.uexp" 42
"../../../Engine/Content/EngineMaterials/T_Default_Material_Grid_M.ubulk" 43
"../../../Engine/Content/EngineMaterials/T_Default_Material_Grid_M.uasset" 44
"../../../Engine/Content/EngineMaterials/T_Default_Material_Grid_M.uexp" 45
"../../../Engine/Content/EngineMaterials/T_Default_Material_Grid_N.ubulk" 46
"../../../Engine/Content/EngineMaterials/T_Default_Material_Grid_N.uasset" 47
"../../../Engine/Content/EngineMaterials/T_Default_Material_Grid_N.uexp" 48
"../../../Engine/Content/Functions/Engine_MaterialFunctions01/Opacity/CameraDepthFade.uasset" 49
"../../../Engine/Content/Functions/Engine_MaterialFunctions01/Opacity/CameraDepthFade.uexp" 50
"../../../Engine/Content/EngineMaterials/DefaultMaterial.uasset" 51
"../../../Engine/Content/EngineMaterials/DefaultMaterial.uexp" 52
"../../../Engine/Content/EngineMeshes/Cylinder.uasset" 53
"../../../Engine/Content/EngineMeshes/Cylinder.uexp" 54
"../../../Engine/Content/EngineResources/WhiteSquareTexture.uasset" 55
"../../../Engine/Content/EngineResources/WhiteSquareTexture.uexp" 56
"../../../Engine/Content/EngineMaterials/Widget3DPassThrough.uasset" 57
"../../../Engine/Content/EngineMaterials/Widget3DPassThrough.uexp" 58
"../../../Engine/Content/EngineMaterials/Widget3DPassThrough_Opaque.uasset" 59
"../../../Engine/Content/EngineMaterials/Widget3DPassThrough_Opaque.uexp" 60
"../../../Engine/Content/EngineMaterials/Widget3DPassThrough_Opaque_OneSided.uasset" 61
"../../../Engine/Content/EngineMaterials/Widget3DPassThrough_Opaque_OneSided.uexp" 62
"../../../Engine/Content/EngineMaterials/Widget3DPassThrough_Masked_OneSided.uasset" 63
"../../../Engine/Content/EngineMaterials/Widget3DPassThrough_Masked_OneSided.uexp" 64
"../../../Engine/Content/EngineMaterials/Widget3DPassThrough_Masked.uasset" 65
"../../../Engine/Content/EngineMaterials/Widget3DPassThrough_Masked.uexp" 66
"../../../Engine/Content/EngineMaterials/WeightMapPlaceholderTexture.uasset" 67
"../../../Engine/Content/EngineMaterials/WeightMapPlaceholderTexture.uexp" 68
"../../../Engine/Content/EngineMaterials/RemoveSurfaceMaterial.uasset" 69
"../../../Engine/Content/EngineMaterials/RemoveSurfaceMaterial.uexp" 70
"../../../Engine/Content/EngineMaterials/PreintegratedSkinBRDF.uasset" 71
"../../../Engine/Content/EngineMaterials/PreintegratedSkinBRDF.uexp" 72
"../../../Engine/Content/EngineMaterials/DefaultCalibrationGrayscale.uasset" 73
"../../../Engine/Content/EngineMaterials/DefaultCalibrationGrayscale.uexp" 74
"../../../Engine/Content/EngineMaterials/PPM_DefaultCalibrationGrayscale.uasset" 75
"../../../Engine/Content/EngineMaterials/PPM_DefaultCalibrationGrayscale.uexp" 76
"../../../Engine/Content/EngineMaterials/DefaultCalibrationColor.uasset" 77
"../../../Engine/Content/EngineMaterials/DefaultCalibrationColor.uexp" 78
"../../../Engine/Content/EngineMaterials/PPM_DefaultCalibrationColor.uasset" 79
"../../../Engine/Content/EngineMaterials/PPM_DefaultCalibrationColor.uexp" 80
"../../../Engine/Content/Functions/Engine_MaterialFunctions02/WorldPositionOffset/CameraOffset.uasset" 81
"../../../Engine/Content/Functions/Engine_MaterialFunctions02/WorldPositionOffset/CameraOffset.uexp" 82
"../../../Engine/Content/EngineMaterials/PhAT_JointLimitMaterial.uasset" 83
"../../../Engine/Content/EngineMaterials/PhAT_JointLimitMaterial.uexp" 84
"../../../Engine/Content/EngineMaterials/InvalidLightmapSettings.ubulk" 85
"../../../Engine/Content/EngineMaterials/InvalidLightmapSettings.uasset" 86
"../../../Engine/Content/EngineMaterials/InvalidLightmapSettings.uexp" 87
"../../../Engine/Content/EngineMaterials/M_InvalidLightmapSettings.uasset" 88
"../../../Engine/Content/EngineMaterials/M_InvalidLightmapSettings.uexp" 89
"../../../Engine/Content/EngineMaterials/MiniFont.uasset" 90
"../../../Engine/Content/EngineMaterials/MiniFont.uexp" 91
"../../../Engine/Content/EngineMaterials/Good64x64TilingNoiseHighFreq.uasset" 92
"../../../Engine/Content/EngineMaterials/Good64x64TilingNoiseHighFreq.uexp" 93
"../../../Engine/Content/EngineMaterials/GizmoMaterial.uasset" 94
"../../../Engine/Content/EngineMaterials/GizmoMaterial.uexp" 95
"../../../Engine/Content/EngineMaterials/BaseFlattenEmissiveMap_VT.uasset" 96
"../../../Engine/Content/EngineMaterials/BaseFlattenEmissiveMap_VT.uexp" 97
"../../../Engine/Content/EngineMaterials/BaseFlattenGrayscaleMap_VT.uasset" 98
"../../../Engine/Content/EngineMaterials/BaseFlattenGrayscaleMap_VT.uexp" 99
"../../../Engine/Content/EngineMaterials/BaseFlattenLinearColor_VT.uasset" 100
"../../../Engine/Content/EngineMaterials/BaseFlattenLinearColor_VT.uexp" 101
"../../../Engine/Content/EngineMaterials/Black_1x1_EXR_Texture_VT.uasset" 102
"../../../Engine/Content/EngineMaterials/Black_1x1_EXR_Texture_VT.uexp" 103
"../../../Engine/Content/EngineMaterials/BaseFlattenDiffuseMap_VT.uasset" 104
"../../../Engine/Content/EngineMaterials/BaseFlattenDiffuseMap_VT.uexp" 105
"../../../Engine/Content/EngineMaterials/BaseFlattenNormalMap_VT.uasset" 106
"../../../Engine/Content/EngineMaterials/BaseFlattenNormalMap_VT.uexp" 107
"../../../Engine/Content/EngineMaterials/FlattenMaterial_WS_Normal_VT.uasset" 108
"../../../Engine/Content/EngineMaterials/FlattenMaterial_WS_Normal_VT.uexp" 109
"../../../Engine/Content/EngineMaterials/FlattenMaterial_VT.uasset" 110
"../../../Engine/Content/EngineMaterials/FlattenMaterial_VT.uexp" 111
"../../../Engine/Content/EngineMaterials/BaseFlattenNormalMap.uasset" 112
"../../../Engine/Content/EngineMaterials/BaseFlattenNormalMap.uexp" 113
"../../../Engine/Content/EngineMaterials/BaseFlattenGrayscaleMap.uasset" 114
"../../../Engine/Content/EngineMaterials/BaseFlattenGrayscaleMap.uexp" 115
"../../../Engine/Content/EngineMaterials/BaseFlattenDiffuseMap.uasset" 116
"../../../Engine/Content/EngineMaterials/BaseFlattenDiffuseMap.uexp" 117
"../../../Engine/Content/Functions/Engine_MaterialFunctions02/PivotPainter2/Black_1x1_EXR_Texture.uasset" 118
"../../../Engine/Content/Functions/Engine_MaterialFunctions02/PivotPainter2/Black_1x1_EXR_Texture.uexp" 119
"../../../Engine/Content/EngineMaterials/BaseFlattenEmissiveMap.uasset" 120
"../../../Engine/Content/EngineMaterials/BaseFlattenEmissiveMap.uexp" 121
"../../../Engine/Content/EngineMaterials/BaseFlattenLinearColor.uasset" 122
"../../../Engine/Content/EngineMaterials/BaseFlattenLinearColor.uexp" 123
"../../../Engine/Content/EngineMaterials/FlattenMaterial.uasset" 124
"../../../Engine/Content/EngineMaterials/FlattenMaterial.uexp" 125
"../../../Engine/Content/EngineMaterials/DefaultWhiteGrid_Low.uasset" 126
"../../../Engine/Content/EngineMaterials/DefaultWhiteGrid_Low.uexp" 127
"../../../Engine/Content/EngineMaterials/EmissiveMeshMaterial.uasset" 128
"../../../Engine/Content/EngineMaterials/EmissiveMeshMaterial.uexp" 129
"../../../Engine/Content/EngineMaterials/DefaultWhiteGrid.ubulk" 130
"../../../Engine/Content/EngineMaterials/DefaultWhiteGrid.uasset" 131
"../../../Engine/Content/EngineMaterials/DefaultWhiteGrid.uexp" 132
"../../../Engine/Content/EngineFonts/RobotoDistanceField.uasset" 133
"../../../Engine/Content/EngineFonts/RobotoDistanceField.uexp" 134
"../../../Engine/Content/EngineMaterials/DefaultTextMaterialOpaque.uasset" 135
"../../../Engine/Content/EngineMaterials/DefaultTextMaterialOpaque.uexp" 136
"../../../Engine/Content/EngineMaterials/DefaultDiffuse.ubulk" 137
"../../../Engine/Content/EngineMaterials/DefaultDiffuse.uasset" 138
"../../../Engine/Content/EngineMaterials/DefaultDiffuse.uexp" 139
"../../../Engine/Content/Functions/Engine_MaterialFunctions02/Utility/BreakOutFloat2Components.uasset" 140
"../../../Engine/Content/Functions/Engine_MaterialFunctions02/Utility/BreakOutFloat2Components.uexp" 141
"../../../Engine/Content/EngineMaterials/DefaultPostProcessMaterial.uasset" 142
"../../../Engine/Content/EngineMaterials/DefaultPostProcessMaterial.uexp" 143
"../../../Engine/Content/EngineMaterials/DefaultPhysicalMaterial.uasset" 144
"../../../Engine/Content/EngineMaterials/DefaultPhysicalMaterial.uexp" 145
"../../../Engine/Content/EngineMaterials/DefaultLightFunctionMaterial.uasset" 146
"../../../Engine/Content/EngineMaterials/DefaultLightFunctionMaterial.uexp" 147
"../../../Engine/Content/EngineMaterials/DefaultDestructiblePhysicalMaterial.uasset" 148
"../../../Engine/Content/EngineMaterials/DefaultDestructiblePhysicalMaterial.uexp" 149
"../../../Engine/Content/EngineMaterials/DefaultDeferredDecalMaterial.uasset" 150
"../../../Engine/Content/EngineMaterials/DefaultDeferredDecalMaterial.uexp" 151
"../../../Engine/Content/EngineMaterials/DefaultBokeh.uasset" 152
"../../../Engine/Content/EngineMaterials/DefaultBokeh.uexp" 153
"../../../Engine/Content/EngineMaterials/DefaultBloomKernel.uasset" 154
"../../../Engine/Content/EngineMaterials/DefaultBloomKernel.uexp" 155
"../../../Engine/Content/EngineMaterials/BlueNoise.uasset" 156
"../../../Engine/Content/EngineMaterials/BlueNoise.uexp" 157
"../../../Engine/Content/EngineFonts/Faces/RobotoLight.uexp" 158
"../../../Engine/Content/EngineFonts/Faces/RobotoLight.uasset" 159
"../../../Engine/Content/EngineFonts/Faces/RobotoLight.ufont" 160
"../../../Engine/Content/EngineFonts/Faces/RobotoBold.uexp" 161
"../../../Engine/Content/EngineFonts/Faces/RobotoBold.uasset" 162
"../../../Engine/Content/EngineFonts/Faces/RobotoBold.ufont" 163
"../../../Engine/Content/EngineFonts/Faces/RobotoRegular.uexp" 164
"../../../Engine/Content/EngineFonts/Faces/RobotoRegular.uasset" 165
"../../../Engine/Content/EngineFonts/Faces/RobotoRegular.ufont" 166
"../../../Engine/Content/EngineFonts/Faces/DroidSansFallback.uexp" 167
"../../../Engine/Content/EngineFonts/Faces/DroidSansFallback.uasset" 168
"../../../Engine/Content/EngineFonts/Faces/DroidSansFallback.ufont" 169
"../../../Engine/Content/EngineFonts/Faces/RobotoItalic.uexp" 170
"../../../Engine/Content/EngineFonts/Faces/RobotoItalic.uasset" 171
"../../../Engine/Content/EngineFonts/Faces/RobotoItalic.ufont" 172
"../../../Engine/Content/EngineFonts/Faces/RobotoBoldItalic.uexp" 173
"../../../Engine/Content/EngineFonts/Faces/RobotoBoldItalic.uasset" 174
"../../../Engine/Content/EngineFonts/Faces/RobotoBoldItalic.ufont" 175
"../../../Engine/Content/EngineFonts/Roboto.uasset" 176
"../../../Engine/Content/EngineFonts/Roboto.uexp" 177
"../../../Engine/Content/Functions/Engine_MaterialFunctions02/Utility/CameraDirectionVector.uasset" 178
"../../../Engine/Content/Functions/Engine_MaterialFunctions02/Utility/CameraDirectionVector.uexp" 179
"../../../Engine/Content/EngineDebugMaterials/VolumeToRender.uasset" 180
"../../../Engine/Content/EngineDebugMaterials/VolumeToRender.uexp" 181
"../../../Engine/Content/EngineDebugMaterials/M_VolumeRenderSphereTracePP.uasset" 182
"../../../Engine/Content/EngineDebugMaterials/M_VolumeRenderSphereTracePP.uexp" 183
"../../../Engine/Content/EngineDebugMaterials/M_SimpleUnlitTranslucent.uasset" 184
"../../../Engine/Content/EngineDebugMaterials/M_SimpleUnlitTranslucent.uexp" 185
"../../../Engine/Content/EngineDebugMaterials/DebugMeshMaterial.uasset" 186
"../../../Engine/Content/EngineDebugMaterials/DebugMeshMaterial.uexp" 187
"../../../Engine/Content/EngineDebugMaterials/DebugEditorMaterial.uasset" 188
"../../../Engine/Content/EngineDebugMaterials/DebugEditorMaterial.uexp" 189
"../../../Engine/Content/EngineDamageTypes/DmgTypeBP_Environmental.uasset" 190
"../../../Engine/Content/EngineDamageTypes/DmgTypeBP_Environmental.uexp" 191
"../../../Engine/Content/EditorResources/S_TriggerSphere.uasset" 192
"../../../Engine/Content/EditorResources/S_TriggerSphere.uexp" 193
"../../../Engine/Content/EditorResources/S_TriggerCapsule.uasset" 194
"../../../Engine/Content/EditorResources/S_TriggerCapsule.uexp" 195
"../../../Engine/Content/EditorResources/S_TriggerBox.uasset" 196
"../../../Engine/Content/EditorResources/S_TriggerBox.uexp" 197
"../../../Engine/Content/EditorResources/S_Trigger.ubulk" 198
"../../../Engine/Content/EditorResources/S_Trigger.uasset" 199
"../../../Engine/Content/EditorResources/S_Trigger.uexp" 200
"../../../Engine/Content/EditorResources/S_Terrain.ubulk" 201
"../../../Engine/Content/EditorResources/S_Terrain.uasset" 202
"../../../Engine/Content/EditorResources/S_Terrain.uexp" 203
"../../../Engine/Content/EditorResources/S_Solver.ubulk" 204
"../../../Engine/Content/EditorResources/S_Solver.uasset" 205
"../../../Engine/Content/EditorResources/S_Solver.uexp" 206
"../../../Engine/Content/EditorResources/S_BoxReflectionCapture.uasset" 207
"../../../Engine/Content/EditorResources/S_BoxReflectionCapture.uexp" 208
"../../../Engine/Content/EditorResources/S_Actor.ubulk" 209
"../../../Engine/Content/EditorResources/S_Actor.uasset" 210
"../../../Engine/Content/EditorResources/S_Actor.uexp" 211
"../../../Engine/Content/EditorResources/EmptyActor.uasset" 212
"../../../Engine/Content/EditorResources/EmptyActor.uexp" 213
"../../../Engine/Content/EditorResources/BSPVertex.uasset" 214
"../../../Engine/Content/EditorResources/BSPVertex.uexp" 215
"../../../Engine/Content/EditorResources/SequenceRecorder/RecordingIndicator.uasset" 216
"../../../Engine/Content/EditorResources/SequenceRecorder/RecordingIndicator.uexp" 217
"../../../Engine/Content/EditorResources/SequenceRecorder/Countdown.uasset" 218
"../../../Engine/Content/EditorResources/SequenceRecorder/Countdown.uexp" 219
"../../../Engine/Content/EditorResources/LightIcons/S_LightError.uasset" 220
"../../../Engine/Content/EditorResources/LightIcons/S_LightError.uexp" 221
"../../../Engine/Content/EditorResources/AudioIcons/S_AudioComponent_AutoActivate.uasset" 222
"../../../Engine/Content/EditorResources/AudioIcons/S_AudioComponent_AutoActivate.uexp" 223
"../../../Engine/Content/EditorMaterials/Camera/CineMat.uasset" 224
"../../../Engine/Content/EditorMaterials/Camera/CineMat.uexp" 225
"../../../Engine/Content/EditorMaterials/Camera/MI_CineMat_Rig.uasset" 226
"../../../Engine/Content/EditorMaterials/Camera/MI_CineMat_Rig.uexp" 227
"../../../Engine/Content/EditorMeshes/Camera/SM_RailRig_Track.uasset" 228
"../../../Engine/Content/EditorMeshes/Camera/SM_RailRig_Track.uexp" 229
"../../../Engine/Content/EditorMeshes/Camera/SM_RailRig_Mount.uasset" 230
"../../../Engine/Content/EditorMeshes/Camera/SM_RailRig_Mount.uexp" 231
"../../../Engine/Content/EditorMeshes/Camera/SM_CraneRig_Mount.uasset" 232
"../../../Engine/Content/EditorMeshes/Camera/SM_CraneRig_Mount.uexp" 233
"../../../Engine/Content/EditorMeshes/Camera/SM_CraneRig_Body.uasset" 234
"../../../Engine/Content/EditorMeshes/Camera/SM_CraneRig_Body.uexp" 235
"../../../Engine/Content/EditorMeshes/Camera/SM_CraneRig_Base.uasset" 236
"../../../Engine/Content/EditorMeshes/Camera/SM_CraneRig_Base.uexp" 237
"../../../Engine/Content/EditorMeshes/Camera/SM_CraneRig_Arm.uasset" 238
"../../../Engine/Content/EditorMeshes/Camera/SM_CraneRig_Arm.uexp" 239
"../../../Engine/Content/EditorMaterials/PreviewShadowIndicator.ubulk" 240
"../../../Engine/Content/EditorMaterials/PreviewShadowIndicator.uasset" 241
"../../../Engine/Content/EditorMaterials/PreviewShadowIndicator.uexp" 242
"../../../Engine/Content/EditorMaterials/PreviewShadowIndicatorMaterial.uasset" 243
"../../../Engine/Content/EditorMaterials/PreviewShadowIndicatorMaterial.uexp" 244
"../../../Engine/Content/EditorMaterials/MAT_Groups_Visibility.uasset" 245
"../../../Engine/Content/EditorMaterials/MAT_Groups_Visibility.uexp" 246
"../../../Engine/Content/EditorMaterials/MAT_Groups_Toggle.uasset" 247
"../../../Engine/Content/EditorMaterials/MAT_Groups_Toggle.uexp" 248
"../../../Engine/Content/Functions/Engine_MaterialFunctions02/Utility/MakeFloat4.uasset" 249
"../../../Engine/Content/Functions/Engine_MaterialFunctions02/Utility/MakeFloat4.uexp" 250
"../../../Engine/Content/Functions/Engine_MaterialFunctions02/Utility/MakeFloat3.uasset" 251
"../../../Engine/Content/Functions/Engine_MaterialFunctions02/Utility/MakeFloat3.uexp" 252
"../../../Engine/Content/Functions/Engine_MaterialFunctions02/Utility/BreakOutFloat3Components.uasset" 253
"../../../Engine/Content/Functions/Engine_MaterialFunctions02/Utility/BreakOutFloat3Components.uexp" 254
"../../../Engine/Content/EditorMaterials/WorldPartition/WorldPartitionSpatialHashGridPreviewMaterial.uasset" 255
"../../../Engine/Content/EditorMaterials/WorldPartition/WorldPartitionSpatialHashGridPreviewMaterial.uexp" 256
"../../../Engine/Content/EditorMaterials/ParticleSystems/PSysThumbnail_OOD.ubulk" 257
"../../../Engine/Content/EditorMaterials/ParticleSystems/PSysThumbnail_OOD.uasset" 258
"../../../Engine/Content/EditorMaterials/ParticleSystems/PSysThumbnail_OOD.uexp" 259
"../../../Engine/Content/EditorMaterials/ParticleSystems/PSysThumbnail_NoImage.ubulk" 260
"../../../Engine/Content/EditorMaterials/ParticleSystems/PSysThumbnail_NoImage.uasset" 261
"../../../Engine/Content/EditorMaterials/ParticleSystems/PSysThumbnail_NoImage.uexp" 262
"../../../Engine/Content/EditorMaterials/MatineeGroups/MAT_Groups_Vector.uasset" 263
"../../../Engine/Content/EditorMaterials/MatineeGroups/MAT_Groups_Vector.uexp" 264
"../../../Engine/Content/EditorMaterials/MatineeGroups/MAT_Groups_Sound.uasset" 265
"../../../Engine/Content/EditorMaterials/MatineeGroups/MAT_Groups_Sound.uexp" 266
"../../../Engine/Content/EditorMaterials/MatineeGroups/MAT_Groups_Slomo.uasset" 267
"../../../Engine/Content/EditorMaterials/MatineeGroups/MAT_Groups_Slomo.uexp" 268
"../../../Engine/Content/EditorMaterials/MatineeGroups/MAT_Groups_Move.uasset" 269
"../../../Engine/Content/EditorMaterials/MatineeGroups/MAT_Groups_Move.uexp" 270
"../../../Engine/Content/EditorMaterials/MatineeGroups/MAT_Groups_Float.uasset" 271
"../../../Engine/Content/EditorMaterials/MatineeGroups/MAT_Groups_Float.uexp" 272
"../../../Engine/Content/EditorMaterials/MatineeGroups/MAT_Groups_Fade.uasset" 273
"../../../Engine/Content/EditorMaterials/MatineeGroups/MAT_Groups_Fade.uexp" 274
"../../../Engine/Content/EditorMaterials/MatineeGroups/MAT_Groups_Event.uasset" 275
"../../../Engine/Content/EditorMaterials/MatineeGroups/MAT_Groups_Event.uexp" 276
"../../../Engine/Content/EditorMaterials/MatineeGroups/MAT_Groups_Director.uasset" 277
"../../../Engine/Content/EditorMaterials/MatineeGroups/MAT_Groups_Director.uexp" 278
"../../../Engine/Content/EditorMaterials/MatineeGroups/MAT_Groups_AudioMaster.uasset" 279
"../../../Engine/Content/EditorMaterials/MatineeGroups/MAT_Groups_AudioMaster.uexp" 280
"../../../Engine/Content/EditorMaterials/MatineeGroups/MAT_Groups_Anim.uasset" 281
"../../../Engine/Content/EditorMaterials/MatineeGroups/MAT_Groups_Anim.uexp" 282
"../../../Engine/Content/EditorMaterials/MatineeGroups/MAT_ColorTrack.uasset" 283
"../../../Engine/Content/EditorMaterials/MatineeGroups/MAT_ColorTrack.uexp" 284
"../../../Engine/Content/EditorLandscapeResources/DefaultAlphaTexture.uasset" 285
"../../../Engine/Content/EditorLandscapeResources/DefaultAlphaTexture.uexp" 286
"../../../Engine/Content/EditorLandscapeResources/DataLayer.uasset" 287
"../../../Engine/Content/EditorLandscapeResources/DataLayer.uexp" 288
"../../../Engine/Content/BasicShapes/Sphere.uasset" 289
"../../../Engine/Content/BasicShapes/Sphere.uexp" 290
"../../../Engine/Content/EngineMaterials/WorldGridMaterial.uasset" 291
"../../../Engine/Content/EngineMaterials/WorldGridMaterial.uexp" 292
"../../../Engine/Content/BasicShapes/Plane.uasset" 293
"../../../Engine/Content/BasicShapes/Plane.uexp" 294
"../../../Engine/Content/BasicShapes/Cylinder.uasset" 295
"../../../Engine/Content/BasicShapes/Cylinder.uexp" 296
"../../../Engine/Content/BasicShapes/Cube.uasset" 297
"../../../Engine/Content/BasicShapes/Cube.uexp" 298
"../../../Engine/Content/BasicShapes/Cone.uasset" 299
"../../../Engine/Content/BasicShapes/Cone.uexp" 300
"../../../Engine/Content/ArtTools/RenderToTexture/Meshes/S_1_Unit_Plane.uasset" 301
"../../../Engine/Content/ArtTools/RenderToTexture/Meshes/S_1_Unit_Plane.uexp" 302
"../../../Engine/Content/MobileResources/HUD/VirtualJoystick_Background.uasset" 303
"../../../Engine/Content/MobileResources/HUD/VirtualJoystick_Background.uexp" 304
"../../../Engine/Content/MobileResources/HUD/VirtualJoystick_Thumb.uasset" 305
"../../../Engine/Content/MobileResources/HUD/VirtualJoystick_Thumb.uexp" 306
"../../../Engine/Content/MobileResources/HUD/DefaultVirtualJoysticks.uasset" 307
"../../../Engine/Content/MobileResources/HUD/DefaultVirtualJoysticks.uexp" 308
"../../../Engine/Content/Tutorial/ContentIntroCurve.uasset" 309
"../../../Engine/Content/Tutorial/ContentIntroCurve.uexp" 310
"../../../Engine/Content/VREditor/TransformGizmo/Main.uasset" 311
"../../../Engine/Content/VREditor/TransformGizmo/Main.uexp" 312
"../../../Engine/Content/VREditor/TransformGizmo/Xray.uasset" 313
"../../../Engine/Content/VREditor/TransformGizmo/Xray.uexp" 314
"../../../Engine/Content/VREditor/TransformGizmo/SM_Sequencer_Node.uasset" 315
"../../../Engine/Content/VREditor/TransformGizmo/SM_Sequencer_Node.uexp" 316
"../../../Engine/Content/VREditor/LaserPointer/VR_LaserPower_01.ubulk" 317
"../../../Engine/Content/VREditor/LaserPointer/VR_LaserPower_01.uasset" 318
"../../../Engine/Content/VREditor/LaserPointer/VR_LaserPower_01.uexp" 319
"../../../Engine/Content/VREditor/TransformGizmo/TransformGizmoMaterial.uasset" 320
"../../../Engine/Content/VREditor/TransformGizmo/TransformGizmoMaterial.uexp" 321
"../../../Engine/Content/VREditor/TransformGizmo/TranslucentTransformGizmoMaterial.uasset" 322
"../../../Engine/Content/VREditor/TransformGizmo/TranslucentTransformGizmoMaterial.uexp" 323
"../../../Engine/Content/VREditor/TransformGizmo/PlaneTranslationHandle.uasset" 324
"../../../Engine/Content/VREditor/TransformGizmo/PlaneTranslationHandle.uexp" 325
"../../../Engine/Content/VREditor/TransformGizmo/BoundingBoxEdge.uasset" 326
"../../../Engine/Content/VREditor/TransformGizmo/BoundingBoxEdge.uexp" 327
"../../../Engine/Content/VREditor/TransformGizmo/BoundingBoxCorner.uasset" 328
"../../../Engine/Content/VREditor/TransformGizmo/BoundingBoxCorner.uexp" 329
"../../../Engine/Plugins/2D/Paper2D/Content/PlaceholderTextures/DummySpriteTexture.ubulk" 330
"../../../Engine/Plugins/2D/Paper2D/Content/PlaceholderTextures/DummySpriteTexture.uasset" 331
"../../../Engine/Plugins/2D/Paper2D/Content/PlaceholderTextures/DummySpriteTexture.uexp" 332
"../../../Engine/Plugins/2D/Paper2D/Content/DefaultSpriteMaterial.uasset" 333
"../../../Engine/Plugins/2D/Paper2D/Content/DefaultSpriteMaterial.uexp" 334
"../../../Engine/Plugins/2D/Paper2D/Content/OpaqueUnlitSpriteMaterial.uasset" 335
"../../../Engine/Plugins/2D/Paper2D/Content/OpaqueUnlitSpriteMaterial.uexp" 336
"../../../Engine/Plugins/2D/Paper2D/Content/MaskedUnlitSpriteMaterial.uasset" 337
"../../../Engine/Plugins/2D/Paper2D/Content/MaskedUnlitSpriteMaterial.uexp" 338
"../../../Engine/Plugins/2D/Paper2D/Content/DummySprite.uasset" 339
"../../../Engine/Plugins/2D/Paper2D/Content/DummySprite.uexp" 340
"../../../Engine/Plugins/2D/Paper2D/Content/DefaultPaperTerrainMaterial.uasset" 341
"../../../Engine/Plugins/2D/Paper2D/Content/DefaultPaperTerrainMaterial.uexp" 342
"../../../Engine/Plugins/Animation/ControlRig/Content/M_Manip.uasset" 343
"../../../Engine/Plugins/Animation/ControlRig/Content/M_Manip.uexp" 344
"../../../Engine/Plugins/Animation/ControlRig/Content/Controls/DefaultGizmoLibraryNormalized.uasset" 345
"../../../Engine/Plugins/Animation/ControlRig/Content/Controls/DefaultGizmoLibraryNormalized.uexp" 346
"../../../Engine/Plugins/Animation/ControlRig/Content/Controls/ControlRig_Wedge_solid.uasset" 347
"../../../Engine/Plugins/Animation/ControlRig/Content/Controls/ControlRig_Wedge_solid.uexp" 348
"../../../Engine/Plugins/Animation/ControlRig/Content/Controls/ControlRig_Wedge_3mm.uasset" 349
"../../../Engine/Plugins/Animation/ControlRig/Content/Controls/ControlRig_Wedge_3mm.uexp" 350
"../../../Engine/Plugins/Animation/ControlRig/Content/Controls/ControlRig_Wedge_1mm.uasset" 351
"../../../Engine/Plugins/Animation/ControlRig/Content/Controls/ControlRig_Wedge_1mm.uexp" 352
"../../../Engine/Plugins/Animation/ControlRig/Content/Controls/ControlRig_Triangle_solid.uasset" 353
"../../../Engine/Plugins/Animation/ControlRig/Content/Controls/ControlRig_Triangle_solid.uexp" 354
"../../../Engine/Plugins/Animation/ControlRig/Content/Controls/ControlRig_Triangle_3mm.uasset" 355
"../../../Engine/Plugins/Animation/ControlRig/Content/Controls/ControlRig_Triangle_3mm.uexp" 356
"../../../Engine/Plugins/Animation/ControlRig/Content/Controls/ControlRig_Triangle_1mm.uasset" 357
"../../../Engine/Plugins/Animation/ControlRig/Content/Controls/ControlRig_Triangle_1mm.uexp" 358
"../../../Engine/Plugins/Animation/ControlRig/Content/Controls/ControlRig_Star4_solid.uasset" 359
"../../../Engine/Plugins/Animation/ControlRig/Content/Controls/ControlRig_Star4_solid.uexp" 360
"../../../Engine/Plugins/Animation/ControlRig/Content/Controls/ControlRig_Star4_3mm.uasset" 361
"../../../Engine/Plugins/Animation/ControlRig/Content/Controls/ControlRig_Star4_3mm.uexp" 362
"../../../Engine/Plugins/Animation/ControlRig/Content/Controls/ControlRig_Star4_1mm.uasset" 363
"../../../Engine/Plugins/Animation/ControlRig/Content/Controls/ControlRig_Star4_1mm.uexp" 364
"../../../Engine/Plugins/Animation/ControlRig/Content/Controls/ControlRig_Square_solid.uasset" 365
"../../../Engine/Plugins/Animation/ControlRig/Content/Controls/ControlRig_Square_solid.uexp" 366
"../../../Engine/Plugins/Animation/ControlRig/Content/Controls/ControlRig_Square_3mm.uasset" 367
"../../../Engine/Plugins/Animation/ControlRig/Content/Controls/ControlRig_Square_3mm.uexp" 368
"../../../Engine/Plugins/Animation/ControlRig/Content/Controls/ControlRig_Square_1mm.uasset" 369
"../../../Engine/Plugins/Animation/ControlRig/Content/Controls/ControlRig_Square_1mm.uexp" 370
"../../../Engine/Plugins/Animation/ControlRig/Content/Controls/ControlRig_Sphere_solid.uasset" 371
"../../../Engine/Plugins/Animation/ControlRig/Content/Controls/ControlRig_Sphere_solid.uexp" 372
"../../../Engine/Plugins/Animation/ControlRig/Content/Controls/ControlRig_Sphere_3mm.uasset" 373
"../../../Engine/Plugins/Animation/ControlRig/Content/Controls/ControlRig_Sphere_3mm.uexp" 374
"../../../Engine/Plugins/Animation/ControlRig/Content/Controls/ControlRig_Sphere_1mm.uasset" 375
"../../../Engine/Plugins/Animation/ControlRig/Content/Controls/ControlRig_Sphere_1mm.uexp" 376
"../../../Engine/Plugins/Animation/ControlRig/Content/Controls/ControlRig_RoundedTriangle_solid.uasset" 377
"../../../Engine/Plugins/Animation/ControlRig/Content/Controls/ControlRig_RoundedTriangle_solid.uexp" 378
"../../../Engine/Plugins/Animation/ControlRig/Content/Controls/ControlRig_RoundedTriangle_3mm.uasset" 379
"../../../Engine/Plugins/Animation/ControlRig/Content/Controls/ControlRig_RoundedTriangle_3mm.uexp" 380
"../../../Engine/Plugins/Animation/ControlRig/Content/Controls/ControlRig_RoundedTriangle_1mm.uasset" 381
"../../../Engine/Plugins/Animation/ControlRig/Content/Controls/ControlRig_RoundedTriangle_1mm.uexp" 382
"../../../Engine/Plugins/Animation/ControlRig/Content/Controls/ControlRig_RoundedSquare_solid.uasset" 383
"../../../Engine/Plugins/Animation/ControlRig/Content/Controls/ControlRig_RoundedSquare_solid.uexp" 384
"../../../Engine/Plugins/Animation/ControlRig/Content/Controls/ControlRig_RoundedSquare_3mm.uasset" 385
"../../../Engine/Plugins/Animation/ControlRig/Content/Controls/ControlRig_RoundedSquare_3mm.uexp" 386
"../../../Engine/Plugins/Animation/ControlRig/Content/Controls/ControlRig_RoundedSquare_1mm.uasset" 387
"../../../Engine/Plugins/Animation/ControlRig/Content/Controls/ControlRig_RoundedSquare_1mm.uexp" 388
"../../../Engine/Plugins/Animation/ControlRig/Content/Controls/ControlRig_QuarterCircle_solid.uasset" 389
"../../../Engine/Plugins/Animation/ControlRig/Content/Controls/ControlRig_QuarterCircle_solid.uexp" 390
"../../../Engine/Plugins/Animation/ControlRig/Content/Controls/ControlRig_QuarterCircle_3mm.uasset" 391
"../../../Engine/Plugins/Animation/ControlRig/Content/Controls/ControlRig_QuarterCircle_3mm.uexp" 392
"../../../Engine/Plugins/Animation/ControlRig/Content/Controls/ControlRig_QuarterCircle_1mm.uasset" 393
"../../../Engine/Plugins/Animation/ControlRig/Content/Controls/ControlRig_QuarterCircle_1mm.uexp" 394
"../../../Engine/Plugins/Animation/ControlRig/Content/Controls/ControlRig_Pyramid_solid.uasset" 395
"../../../Engine/Plugins/Animation/ControlRig/Content/Controls/ControlRig_Pyramid_solid.uexp" 396
"../../../Engine/Plugins/Animation/ControlRig/Content/Controls/ControlRig_Pyramid_3mm.uasset" 397
"../../../Engine/Plugins/Animation/ControlRig/Content/Controls/ControlRig_Pyramid_3mm.uexp" 398
"../../../Engine/Plugins/Animation/ControlRig/Content/Controls/ControlRig_Pyramid_1mm.uasset" 399
"../../../Engine/Plugins/Animation/ControlRig/Content/Controls/ControlRig_Pyramid_1mm.uexp" 400
"../../../Engine/Plugins/Animation/ControlRig/Content/Controls/ControlRig_Octagon_solid.uasset" 401
"../../../Engine/Plugins/Animation/ControlRig/Content/Controls/ControlRig_Octagon_solid.uexp" 402
"../../../Engine/Plugins/Animation/ControlRig/Content/Controls/ControlRig_Octagon_3mm.uasset" 403
"../../../Engine/Plugins/Animation/ControlRig/Content/Controls/ControlRig_Octagon_3mm.uexp" 404
"../../../Engine/Plugins/Animation/ControlRig/Content/Controls/ControlRig_Octagon_1mm.uasset" 405
"../../../Engine/Plugins/Animation/ControlRig/Content/Controls/ControlRig_Octagon_1mm.uexp" 406
"../../../Engine/Plugins/Animation/ControlRig/Content/Controls/ControlRig_Hexagon_solid.uasset" 407
"../../../Engine/Plugins/Animation/ControlRig/Content/Controls/ControlRig_Hexagon_solid.uexp" 408
"../../../Engine/Plugins/Animation/ControlRig/Content/Controls/ControlRig_Hexagon_3mm.uasset" 409
"../../../Engine/Plugins/Animation/ControlRig/Content/Controls/ControlRig_Hexagon_3mm.uexp" 410
"../../../Engine/Plugins/Animation/ControlRig/Content/Controls/ControlRig_Hexagon_1mm.uasset" 411
"../../../Engine/Plugins/Animation/ControlRig/Content/Controls/ControlRig_Hexagon_1mm.uexp" 412
"../../../Engine/Plugins/Animation/ControlRig/Content/Controls/ControlRig_HalfCircle_solid.uasset" 413
"../../../Engine/Plugins/Animation/ControlRig/Content/Controls/ControlRig_HalfCircle_solid.uexp" 414
"../../../Engine/Plugins/Animation/ControlRig/Content/Controls/ControlRig_HalfCircle_3mm.uasset" 415
"../../../Engine/Plugins/Animation/ControlRig/Content/Controls/ControlRig_HalfCircle_3mm.uexp" 416
"../../../Engine/Plugins/Animation/ControlRig/Content/Controls/ControlRig_HalfCircle_1mm.uasset" 417
"../../../Engine/Plugins/Animation/ControlRig/Content/Controls/ControlRig_HalfCircle_1mm.uexp" 418
"../../../Engine/Plugins/Animation/ControlRig/Content/Controls/ControlRig_Diamond_solid.uasset" 419
"../../../Engine/Plugins/Animation/ControlRig/Content/Controls/ControlRig_Diamond_solid.uexp" 420
"../../../Engine/Plugins/Animation/ControlRig/Content/Controls/ControlRig_Diamond_3mm.uasset" 421
"../../../Engine/Plugins/Animation/ControlRig/Content/Controls/ControlRig_Diamond_3mm.uexp" 422
"../../../Engine/Plugins/Animation/ControlRig/Content/Controls/ControlRig_Diamond_1mm.uasset" 423
"../../../Engine/Plugins/Animation/ControlRig/Content/Controls/ControlRig_Diamond_1mm.uexp" 424
"../../../Engine/Plugins/Animation/ControlRig/Content/Controls/ControlRig_Circle_solid.uasset" 425
"../../../Engine/Plugins/Animation/ControlRig/Content/Controls/ControlRig_Circle_solid.uexp" 426
"../../../Engine/Plugins/Animation/ControlRig/Content/Controls/ControlRig_Circle_3mm.uasset" 427
"../../../Engine/Plugins/Animation/ControlRig/Content/Controls/ControlRig_Circle_3mm.uexp" 428
"../../../Engine/Plugins/Animation/ControlRig/Content/Controls/ControlRig_Circle_1mm.uasset" 429
"../../../Engine/Plugins/Animation/ControlRig/Content/Controls/ControlRig_Circle_1mm.uexp" 430
"../../../Engine/Plugins/Animation/ControlRig/Content/Controls/ControlRig_Box_solid.uasset" 431
"../../../Engine/Plugins/Animation/ControlRig/Content/Controls/ControlRig_Box_solid.uexp" 432
"../../../Engine/Plugins/Animation/ControlRig/Content/Controls/ControlRig_Box_3mm.uasset" 433
"../../../Engine/Plugins/Animation/ControlRig/Content/Controls/ControlRig_Box_3mm.uexp" 434
"../../../Engine/Plugins/Animation/ControlRig/Content/Controls/ControlRig_Box_1mm.uasset" 435
"../../../Engine/Plugins/Animation/ControlRig/Content/Controls/ControlRig_Box_1mm.uexp" 436
"../../../Engine/Plugins/Animation/ControlRig/Content/Controls/ControlRig_Arrow_solid.uasset" 437
"../../../Engine/Plugins/Animation/ControlRig/Content/Controls/ControlRig_Arrow_solid.uexp" 438
"../../../Engine/Plugins/Animation/ControlRig/Content/Controls/ControlRig_Arrow_3mm.uasset" 439
"../../../Engine/Plugins/Animation/ControlRig/Content/Controls/ControlRig_Arrow_3mm.uexp" 440
"../../../Engine/Plugins/Animation/ControlRig/Content/Controls/ControlRig_Arrow_1mm.uasset" 441
"../../../Engine/Plugins/Animation/ControlRig/Content/Controls/ControlRig_Arrow_1mm.uexp" 442
"../../../Engine/Plugins/Animation/ControlRig/Content/Controls/ControlRig_Arrow4_solid.uasset" 443
"../../../Engine/Plugins/Animation/ControlRig/Content/Controls/ControlRig_Arrow4_solid.uexp" 444
"../../../Engine/Plugins/Animation/ControlRig/Content/Controls/ControlRig_Arrow4_3mm.uasset" 445
"../../../Engine/Plugins/Animation/ControlRig/Content/Controls/ControlRig_Arrow4_3mm.uexp" 446
"../../../Engine/Plugins/Animation/ControlRig/Content/Controls/ControlRig_Arrow4_1mm.uasset" 447
"../../../Engine/Plugins/Animation/ControlRig/Content/Controls/ControlRig_Arrow4_1mm.uexp" 448
"../../../Engine/Plugins/Animation/ControlRig/Content/Controls/ControlRig_Arrow2_solid.uasset" 449
"../../../Engine/Plugins/Animation/ControlRig/Content/Controls/ControlRig_Arrow2_solid.uexp" 450
"../../../Engine/Plugins/Animation/ControlRig/Content/Controls/ControlRig_Arrow2_3mm.uasset" 451
"../../../Engine/Plugins/Animation/ControlRig/Content/Controls/ControlRig_Arrow2_3mm.uexp" 452
"../../../Engine/Plugins/Animation/ControlRig/Content/Controls/ControlRig_Arrow2_1mm.uasset" 453
"../../../Engine/Plugins/Animation/ControlRig/Content/Controls/ControlRig_Arrow2_1mm.uexp" 454
"../../../Engine/Plugins/Animation/ControlRig/Content/Controls/ControlRigGizmoMaterial.uasset" 455
"../../../Engine/Plugins/Animation/ControlRig/Content/Controls/ControlRigGizmoMaterial.uexp" 456
"../../../Engine/Plugins/Editor/SpeedTreeImporter/Content/SpeedTree9/game_wind_noise.ubulk" 457
"../../../Engine/Plugins/Editor/SpeedTreeImporter/Content/SpeedTree9/game_wind_noise.uasset" 458
"../../../Engine/Plugins/Editor/SpeedTreeImporter/Content/SpeedTree9/game_wind_noise.uexp" 459
"../../../Engine/Plugins/Editor/SpeedTreeImporter/Content/SpeedTree9/UnpackDirection.uasset" 460
"../../../Engine/Plugins/Editor/SpeedTreeImporter/Content/SpeedTree9/UnpackDirection.uexp" 461
"../../../Engine/Content/Functions/Engine_MaterialFunctions02/ObjectLocalBounds.uasset" 462
"../../../Engine/Content/Functions/Engine_MaterialFunctions02/ObjectLocalBounds.uexp" 463
"../../../Engine/Content/Functions/Engine_MaterialFunctions02/UVs/BoundingBoxBased_0-1_UVW.uasset" 464
"../../../Engine/Content/Functions/Engine_MaterialFunctions02/UVs/BoundingBoxBased_0-1_UVW.uexp" 465
"../../../Engine/Content/Functions/Engine_MaterialFunctions02/Utility/VectorLength.uasset" 466
"../../../Engine/Content/Functions/Engine_MaterialFunctions02/Utility/VectorLength.uexp" 467
"../../../Engine/Plugins/Editor/SpeedTreeImporter/Content/SpeedTree9/UnpackInteger3.uasset" 468
"../../../Engine/Plugins/Editor/SpeedTreeImporter/Content/SpeedTree9/UnpackInteger3.uexp" 469
"../../../Engine/Plugins/Editor/SpeedTreeImporter/Content/SpeedTree9/SpeedTreeCameraFacing.uasset" 470
"../../../Engine/Plugins/Editor/SpeedTreeImporter/Content/SpeedTree9/SpeedTreeCameraFacing.uexp" 471
"../../../Engine/Content/Functions/Engine_MaterialFunctions02/WorldPositionOffset/ObjectScale.uasset" 472
"../../../Engine/Content/Functions/Engine_MaterialFunctions02/WorldPositionOffset/ObjectScale.uexp" 473
"../../../Engine/Content/Functions/Engine_MaterialFunctions02/SafeNormalize.uasset" 474
"../../../Engine/Content/Functions/Engine_MaterialFunctions02/SafeNormalize.uexp" 475
"../../../Engine/Plugins/Editor/SpeedTreeImporter/Content/SpeedTree9/SpeedTreeWindMotion.uasset" 476
"../../../Engine/Plugins/Editor/SpeedTreeImporter/Content/SpeedTree9/SpeedTreeWindMotion.uexp" 477
"../../../Engine/Plugins/Editor/SpeedTreeImporter/Content/SpeedTree9/SpeedTreeBranchMotion.uasset" 478
"../../../Engine/Plugins/Editor/SpeedTreeImporter/Content/SpeedTree9/SpeedTreeBranchMotion.uexp" 479
"../../../Engine/Plugins/Editor/SpeedTreeImporter/Content/SpeedTree9/SpeedTreeWind.uasset" 480
"../../../Engine/Plugins/Editor/SpeedTreeImporter/Content/SpeedTree9/SpeedTreeWind.uexp" 481
"../../../Engine/Plugins/Editor/SpeedTreeImporter/Content/SpeedTree9/EmptyNormal.uasset" 482
"../../../Engine/Plugins/Editor/SpeedTreeImporter/Content/SpeedTree9/EmptyNormal.uexp" 483
"../../../Engine/Plugins/Editor/SpeedTreeImporter/Content/SpeedTree9/Empty.uasset" 484
"../../../Engine/Plugins/Editor/SpeedTreeImporter/Content/SpeedTree9/Empty.uexp" 485
"../../../Engine/Plugins/Editor/SpeedTreeImporter/Content/SpeedTree9/SpeedTreeMaster.uasset" 486
"../../../Engine/Plugins/Editor/SpeedTreeImporter/Content/SpeedTree9/SpeedTreeMaster.uexp" 487
"../../../Engine/Plugins/Editor/SpeedTreeImporter/Content/SpeedTree9/SpeedTreeBillboard.uasset" 488
"../../../Engine/Plugins/Editor/SpeedTreeImporter/Content/SpeedTree9/SpeedTreeBillboard.uexp" 489
"../../../Engine/Plugins/Editor/SpeedTreeImporter/Content/SpeedTree9/SpeedTreeBillboardMaster.uasset" 490
"../../../Engine/Plugins/Editor/SpeedTreeImporter/Content/SpeedTree9/SpeedTreeBillboardMaster.uexp" 491
"../../../Engine/Plugins/Runtime/HairStrands/Content/Materials/HairMeshesDefaultMaterial.uasset" 492
"../../../Engine/Plugins/Runtime/HairStrands/Content/Materials/HairMeshesDefaultMaterial.uexp" 493
"../../../Engine/Plugins/Runtime/HairStrands/Content/Materials/HairDefaultMaterial.uasset" 494
"../../../Engine/Plugins/Runtime/HairStrands/Content/Materials/HairDefaultMaterial.uexp" 495
"../../../Engine/Plugins/Runtime/HairStrands/Content/Materials/HairGroupColors.uasset" 496
"../../../Engine/Plugins/Runtime/HairStrands/Content/Materials/HairGroupColors.uexp" 497
"../../../Engine/Content/EngineMaterials/HairColorMap.uasset" 498
"../../../Engine/Content/EngineMaterials/HairColorMap.uexp" 499
"../../../Engine/Content/EngineMaterials/HairDebugColor.uasset" 500
"../../../Engine/Content/EngineMaterials/HairDebugColor.uexp" 501
"../../../Engine/Plugins/Runtime/HairStrands/Content/Materials/HairDebugMaterial.uasset" 502
"../../../Engine/Plugins/Runtime/HairStrands/Content/Materials/HairDebugMaterial.uexp" 503
"../../../Engine/Plugins/Runtime/HairStrands/Content/Materials/HairCardsDefaultMaterial.uasset" 504
"../../../Engine/Plugins/Runtime/HairStrands/Content/Materials/HairCardsDefaultMaterial.uexp" 505
"E:/UnrealProjets/OutrunCops/Content/_Game/GameInstance/BP_OutrunCopsInstance.uasset" 506
"E:/UnrealProjets/OutrunCops/Content/_Game/GameInstance/BP_OutrunCopsInstance.uexp" 507
"E:/UnrealProjets/OutrunCops/Content/_Game/PlayerController/BP_OutrunCopsController.uasset" 508
"E:/UnrealProjets/OutrunCops/Content/_Game/PlayerController/BP_OutrunCopsController.uexp" 509
"E:/UnrealProjets/OutrunCops/Content/_Game/Gamemodes/BP_MenuGameMode.uasset" 510
"E:/UnrealProjets/OutrunCops/Content/_Game/Gamemodes/BP_MenuGameMode.uexp" 511
"E:/UnrealProjets/OutrunCops/Content/_Game/Assets/Images/XIcon.ubulk" 512
"E:/UnrealProjets/OutrunCops/Content/_Game/Assets/Images/XIcon.uasset" 513
"E:/UnrealProjets/OutrunCops/Content/_Game/Assets/Images/XIcon.uexp" 514
"E:/UnrealProjets/OutrunCops/Content/_Game/Assets/Images/TopLines.uasset" 515
"E:/UnrealProjets/OutrunCops/Content/_Game/Assets/Images/TopLines.uexp" 516
"E:/UnrealProjets/OutrunCops/Content/_Game/Assets/Materials_Vehicles/M_Vehicle_Black.uasset" 517
"E:/UnrealProjets/OutrunCops/Content/_Game/Assets/Materials_Vehicles/M_Vehicle_Black.uexp" 518
"E:/UnrealProjets/OutrunCops/Content/_Game/Assets/Images/GarageIcon.ubulk" 519
"E:/UnrealProjets/OutrunCops/Content/_Game/Assets/Images/GarageIcon.uasset" 520
"E:/UnrealProjets/OutrunCops/Content/_Game/Assets/Images/GarageIcon.uexp" 521
"../../../Engine/Content/EditorBlueprintResources/StandardMacros.uasset" 522
"../../../Engine/Content/EditorBlueprintResources/StandardMacros.uexp" 523
"E:/UnrealProjets/OutrunCops/Content/_Game/HUD/WBP_Upgrade.uasset" 524
"E:/UnrealProjets/OutrunCops/Content/_Game/HUD/WBP_Upgrade.uexp" 525
"E:/UnrealProjets/OutrunCops/Content/_Game/Materials/colorpallette2.uasset" 526
"E:/UnrealProjets/OutrunCops/Content/_Game/Materials/colorpallette2.uexp" 527
"E:/UnrealProjets/OutrunCops/Content/_Game/Materials/M_ColorPallete.uasset" 528
"E:/UnrealProjets/OutrunCops/Content/_Game/Materials/M_ColorPallete.uexp" 529
"E:/UnrealProjets/OutrunCops/Content/_Game/Assets/Environment/Garage/M_Garage_EngineCrane.uasset" 530
"E:/UnrealProjets/OutrunCops/Content/_Game/Assets/Environment/Garage/M_Garage_EngineCrane.uexp" 531
"E:/UnrealProjets/OutrunCops/Content/_Game/CameraShake/BP_CameraShake.uasset" 532
"E:/UnrealProjets/OutrunCops/Content/_Game/CameraShake/BP_CameraShake.uexp" 533
"E:/UnrealProjets/OutrunCops/Content/_Game/Assets/Player_Vehicles/Polo/BP_Polo_WheelFront.uasset" 534
"E:/UnrealProjets/OutrunCops/Content/_Game/Assets/Player_Vehicles/Polo/BP_Polo_WheelFront.uexp" 535
"E:/UnrealProjets/OutrunCops/Content/_Game/Assets/Player_Vehicles/Polo/Materials/M_Polo_Secondary.uasset" 536
"E:/UnrealProjets/OutrunCops/Content/_Game/Assets/Player_Vehicles/Polo/Materials/M_Polo_Secondary.uexp" 537
"E:/UnrealProjets/OutrunCops/Content/_Game/Assets/Player_Vehicles/Polo/Parts/SM_Polo_BumperRear.uasset" 538
"E:/UnrealProjets/OutrunCops/Content/_Game/Assets/Player_Vehicles/Polo/Parts/SM_Polo_BumperRear.uexp" 539
"E:/UnrealProjets/OutrunCops/Content/_Game/Assets/Player_Vehicles/Polo/Materials/M_Polo_Primary.uasset" 540
"E:/UnrealProjets/OutrunCops/Content/_Game/Assets/Player_Vehicles/Polo/Materials/M_Polo_Primary.uexp" 541
"E:/UnrealProjets/OutrunCops/Content/_Game/Assets/Player_Vehicles/Polo/Parts/SM_Polo_BumperFront.uasset" 542
"E:/UnrealProjets/OutrunCops/Content/_Game/Assets/Player_Vehicles/Polo/Parts/SM_Polo_BumperFront.uexp" 543
"E:/UnrealProjets/OutrunCops/Content/_Game/Assets/Player_Vehicles/Polo/BP_Polo_WheelRear.uasset" 544
"E:/UnrealProjets/OutrunCops/Content/_Game/Assets/Player_Vehicles/Polo/BP_Polo_WheelRear.uexp" 545
"E:/UnrealProjets/OutrunCops/Content/_Game/Assets/Fonts/Pacifico-Regular.uexp" 546
"E:/UnrealProjets/OutrunCops/Content/_Game/Assets/Fonts/Pacifico-Regular.uasset" 547
"E:/UnrealProjets/OutrunCops/Content/_Game/Assets/Fonts/Pacifico-Regular.ufont" 548
"E:/UnrealProjets/OutrunCops/Content/_Game/Assets/Fonts/Pacifico-Regular_Font.uasset" 549
"E:/UnrealProjets/OutrunCops/Content/_Game/Assets/Fonts/Pacifico-Regular_Font.uexp" 550
"E:/UnrealProjets/OutrunCops/Content/_Game/HUD/WBP_Vehicle.uasset" 551
"E:/UnrealProjets/OutrunCops/Content/_Game/HUD/WBP_Vehicle.uexp" 552
"E:/UnrealProjets/OutrunCops/Content/_Game/Assets/Player_Vehicles/Polo/Materials/M_Polo_Tire.uasset" 553
"E:/UnrealProjets/OutrunCops/Content/_Game/Assets/Player_Vehicles/Polo/Materials/M_Polo_Tire.uexp" 554
"E:/UnrealProjets/OutrunCops/Content/_Game/Assets/Player_Vehicles/Polo/Materials/M_Polo_Rim.uasset" 555
"E:/UnrealProjets/OutrunCops/Content/_Game/Assets/Player_Vehicles/Polo/Materials/M_Polo_Rim.uexp" 556
"E:/UnrealProjets/OutrunCops/Content/_Game/Assets/Player_Vehicles/Polo/Parts/SM_Polo_Wheel.uasset" 557
"E:/UnrealProjets/OutrunCops/Content/_Game/Assets/Player_Vehicles/Polo/Parts/SM_Polo_Wheel.uexp" 558
"E:/UnrealProjets/OutrunCops/Content/_Game/Assets/Player_Vehicles/Polo/Polo_Skeleton.uasset" 559
"E:/UnrealProjets/OutrunCops/Content/_Game/Assets/Player_Vehicles/Polo/Polo_Skeleton.uexp" 560
"E:/UnrealProjets/OutrunCops/Content/_Game/Assets/Player_Vehicles/Polo/ABP_Polo.uasset" 561
"E:/UnrealProjets/OutrunCops/Content/_Game/Assets/Player_Vehicles/Polo/ABP_Polo.uexp" 562
"E:/UnrealProjets/OutrunCops/Content/_Game/Assets/Player_Vehicles/Polo/Parts/SM_Polo_Hood.uasset" 563
"E:/UnrealProjets/OutrunCops/Content/_Game/Assets/Player_Vehicles/Polo/Parts/SM_Polo_Hood.uexp" 564
"E:/UnrealProjets/OutrunCops/Content/_Game/Assets/Player_Vehicles/Polo/Materials/M_Polo_LightsFront.uasset" 565
"E:/UnrealProjets/OutrunCops/Content/_Game/Assets/Player_Vehicles/Polo/Materials/M_Polo_LightsFront.uexp" 566
"E:/UnrealProjets/OutrunCops/Content/_Game/Assets/Player_Vehicles/Polo/Polo_PhysicsAsset.uasset" 567
"E:/UnrealProjets/OutrunCops/Content/_Game/Assets/Player_Vehicles/Polo/Polo_PhysicsAsset.uexp" 568
"E:/UnrealProjets/OutrunCops/Content/_Game/Assets/Player_Vehicles/Polo/Materials/M_Polo_LightsRear.uasset" 569
"E:/UnrealProjets/OutrunCops/Content/_Game/Assets/Player_Vehicles/Polo/Materials/M_Polo_LightsRear.uexp" 570
"E:/UnrealProjets/OutrunCops/Content/_Game/Assets/Player_Vehicles/Polo/Materials/M_Polo_Window.uasset" 571
"E:/UnrealProjets/OutrunCops/Content/_Game/Assets/Player_Vehicles/Polo/Materials/M_Polo_Window.uexp" 572
"E:/UnrealProjets/OutrunCops/Content/_Game/Assets/Player_Vehicles/Polo/Polo.uasset" 573
"E:/UnrealProjets/OutrunCops/Content/_Game/Assets/Player_Vehicles/Polo/Polo.uexp" 574
"E:/UnrealProjets/OutrunCops/Content/_Game/Player/BP_Polo.uasset" 575
"E:/UnrealProjets/OutrunCops/Content/_Game/Player/BP_Polo.uexp" 576
"E:/UnrealProjets/OutrunCops/Content/_Game/Assets/Environment/Garage/M_Garage_GarageDoor.uasset" 577
"E:/UnrealProjets/OutrunCops/Content/_Game/Assets/Environment/Garage/M_Garage_GarageDoor.uexp" 578
"E:/UnrealProjets/OutrunCops/Content/_Game/Assets/Images/WrenchIcon.ubulk" 579
"E:/UnrealProjets/OutrunCops/Content/_Game/Assets/Images/WrenchIcon.uasset" 580
"E:/UnrealProjets/OutrunCops/Content/_Game/Assets/Images/WrenchIcon.uexp" 581
"E:/UnrealProjets/OutrunCops/Content/_Game/Assets/Images/OptionsIcon.ubulk" 582
"E:/UnrealProjets/OutrunCops/Content/_Game/Assets/Images/OptionsIcon.uasset" 583
"E:/UnrealProjets/OutrunCops/Content/_Game/Assets/Images/OptionsIcon.uexp" 584
"E:/UnrealProjets/OutrunCops/Content/_Game/Assets/Images/ArrowIcon.ubulk" 585
"E:/UnrealProjets/OutrunCops/Content/_Game/Assets/Images/ArrowIcon.uasset" 586
"E:/UnrealProjets/OutrunCops/Content/_Game/Assets/Images/ArrowIcon.uexp" 587
"E:/UnrealProjets/OutrunCops/Content/_Game/Assets/Images/ScrewIcon.ubulk" 588
"E:/UnrealProjets/OutrunCops/Content/_Game/Assets/Images/ScrewIcon.uasset" 589
"E:/UnrealProjets/OutrunCops/Content/_Game/Assets/Images/ScrewIcon.uexp" 590
"E:/UnrealProjets/OutrunCops/Content/_Game/Assets/Images/DollarIcon.ubulk" 591
"E:/UnrealProjets/OutrunCops/Content/_Game/Assets/Images/DollarIcon.uasset" 592
"E:/UnrealProjets/OutrunCops/Content/_Game/Assets/Images/DollarIcon.uexp" 593
"E:/UnrealProjets/OutrunCops/Content/_Game/Assets/Sounds/UI/UIClick.ubulk" 594
"E:/UnrealProjets/OutrunCops/Content/_Game/Assets/Sounds/UI/UIClick.uasset" 595
"E:/UnrealProjets/OutrunCops/Content/_Game/Assets/Sounds/UI/UIClick.uexp" 596
"E:/UnrealProjets/OutrunCops/Content/_Game/Assets/Images/CartIcon.ubulk" 597
"E:/UnrealProjets/OutrunCops/Content/_Game/Assets/Images/CartIcon.uasset" 598
"E:/UnrealProjets/OutrunCops/Content/_Game/Assets/Images/CartIcon.uexp" 599
"E:/UnrealProjets/OutrunCops/Content/_Game/HUD/WBP_MainMenu.uasset" 600
"E:/UnrealProjets/OutrunCops/Content/_Game/HUD/WBP_MainMenu.uexp" 601
"E:/UnrealProjets/OutrunCops/Content/_Game/Materials/M_Emission.uasset" 602
"E:/UnrealProjets/OutrunCops/Content/_Game/Materials/M_Emission.uexp" 603
"E:/UnrealProjets/OutrunCops/Content/_Game/Assets/Environment/Garage/M_Garage_CeilingLamp.uasset" 604
"E:/UnrealProjets/OutrunCops/Content/_Game/Assets/Environment/Garage/M_Garage_CeilingLamp.uexp" 605
"E:/UnrealProjets/OutrunCops/Content/_Game/Assets/Environment/Garage/M_Garage_Workbench.uasset" 606
"E:/UnrealProjets/OutrunCops/Content/_Game/Assets/Environment/Garage/M_Garage_Workbench.uexp" 607
"E:/UnrealProjets/OutrunCops/Content/_Game/HUD/WBP_Options.uasset" 608
"E:/UnrealProjets/OutrunCops/Content/_Game/HUD/WBP_Options.uexp" 609
"E:/UnrealProjets/OutrunCops/Content/_Game/Assets/Environment/Garage/M_Garage_GarageDoor_001.uasset" 610
"E:/UnrealProjets/OutrunCops/Content/_Game/Assets/Environment/Garage/M_Garage_GarageDoor_001.uexp" 611
"E:/UnrealProjets/OutrunCops/Content/_Game/Assets/Environment/Garage/M_Garage_CeilingSupports.uasset" 612
"E:/UnrealProjets/OutrunCops/Content/_Game/Assets/Environment/Garage/M_Garage_CeilingSupports.uexp" 613
"E:/UnrealProjets/OutrunCops/Content/_Game/Assets/Environment/Garage/M_Garage_GarageWalls.uasset" 614
"E:/UnrealProjets/OutrunCops/Content/_Game/Assets/Environment/Garage/M_Garage_GarageWalls.uexp" 615
"E:/UnrealProjets/OutrunCops/Content/_Game/HUD/WBP_LevelSelector.uasset" 616
"E:/UnrealProjets/OutrunCops/Content/_Game/HUD/WBP_LevelSelector.uexp" 617
"E:/UnrealProjets/OutrunCops/Content/_Game/Assets/Environment/Garage/M_Garage_CarPlatform.uasset" 618
"E:/UnrealProjets/OutrunCops/Content/_Game/Assets/Environment/Garage/M_Garage_CarPlatform.uexp" 619
"E:/UnrealProjets/OutrunCops/Content/_Game/Assets/Player_Vehicles/Subaru/Materials/M_Subaru_Primary.uasset" 620
"E:/UnrealProjets/OutrunCops/Content/_Game/Assets/Player_Vehicles/Subaru/Materials/M_Subaru_Primary.uexp" 621
"E:/UnrealProjets/OutrunCops/Content/_Game/Assets/Player_Vehicles/Subaru/Materials/M_Subaru_Secondary.uasset" 622
"E:/UnrealProjets/OutrunCops/Content/_Game/Assets/Player_Vehicles/Subaru/Materials/M_Subaru_Secondary.uexp" 623
"E:/UnrealProjets/OutrunCops/Content/_Game/Assets/Player_Vehicles/Subaru/Parts/SM_Subaru_BumperRear.uasset" 624
"E:/UnrealProjets/OutrunCops/Content/_Game/Assets/Player_Vehicles/Subaru/Parts/SM_Subaru_BumperRear.uexp" 625
"E:/UnrealProjets/OutrunCops/Content/_Game/Assets/Player_Vehicles/Subaru/BP_Subaru_WheelRear.uasset" 626
"E:/UnrealProjets/OutrunCops/Content/_Game/Assets/Player_Vehicles/Subaru/BP_Subaru_WheelRear.uexp" 627
"E:/UnrealProjets/OutrunCops/Content/_Game/Assets/Player_Vehicles/Subaru/Subaru_Skeleton.uasset" 628
"E:/UnrealProjets/OutrunCops/Content/_Game/Assets/Player_Vehicles/Subaru/Subaru_Skeleton.uexp" 629
"E:/UnrealProjets/OutrunCops/Content/_Game/Assets/Player_Vehicles/Subaru/Materials/M_Subaru_Window.uasset" 630
"E:/UnrealProjets/OutrunCops/Content/_Game/Assets/Player_Vehicles/Subaru/Materials/M_Subaru_Window.uexp" 631
"E:/UnrealProjets/OutrunCops/Content/_Game/Assets/Player_Vehicles/Subaru/Subaru_PhysicsAsset.uasset" 632
"E:/UnrealProjets/OutrunCops/Content/_Game/Assets/Player_Vehicles/Subaru/Subaru_PhysicsAsset.uexp" 633
"E:/UnrealProjets/OutrunCops/Content/_Game/Assets/Player_Vehicles/Subaru/Materials/M_Subaru_LightBack.uasset" 634
"E:/UnrealProjets/OutrunCops/Content/_Game/Assets/Player_Vehicles/Subaru/Materials/M_Subaru_LightBack.uexp" 635
"E:/UnrealProjets/OutrunCops/Content/_Game/Assets/Player_Vehicles/Subaru/Materials/M_Subaru_LightFront.uasset" 636
"E:/UnrealProjets/OutrunCops/Content/_Game/Assets/Player_Vehicles/Subaru/Materials/M_Subaru_LightFront.uexp" 637
"E:/UnrealProjets/OutrunCops/Content/_Game/Assets/Player_Vehicles/Subaru/Subaru.uasset" 638
"E:/UnrealProjets/OutrunCops/Content/_Game/Assets/Player_Vehicles/Subaru/Subaru.uexp" 639
"E:/UnrealProjets/OutrunCops/Content/_Game/Assets/Player_Vehicles/Subaru/Parts/SM_Subaru_Wing.uasset" 640
"E:/UnrealProjets/OutrunCops/Content/_Game/Assets/Player_Vehicles/Subaru/Parts/SM_Subaru_Wing.uexp" 641
"E:/UnrealProjets/OutrunCops/Content/_Game/Assets/Player_Vehicles/Subaru/BP_Subaru_WheelFront.uasset" 642
"E:/UnrealProjets/OutrunCops/Content/_Game/Assets/Player_Vehicles/Subaru/BP_Subaru_WheelFront.uexp" 643
"E:/UnrealProjets/OutrunCops/Content/_Game/Assets/Player_Vehicles/Subaru/ABP_Subaru.uasset" 644
"E:/UnrealProjets/OutrunCops/Content/_Game/Assets/Player_Vehicles/Subaru/ABP_Subaru.uexp" 645
"E:/UnrealProjets/OutrunCops/Content/_Game/Assets/Player_Vehicles/Subaru/Parts/SM_Subaru_Hood.uasset" 646
"E:/UnrealProjets/OutrunCops/Content/_Game/Assets/Player_Vehicles/Subaru/Parts/SM_Subaru_Hood.uexp" 647
"E:/UnrealProjets/OutrunCops/Content/_Game/Assets/Player_Vehicles/Subaru/Parts/SM_Subaru_BumperFront.uasset" 648
"E:/UnrealProjets/OutrunCops/Content/_Game/Assets/Player_Vehicles/Subaru/Parts/SM_Subaru_BumperFront.uexp" 649
"E:/UnrealProjets/OutrunCops/Content/_Game/Player/BP_Subaru.uasset" 650
"E:/UnrealProjets/OutrunCops/Content/_Game/Player/BP_Subaru.uexp" 651
"E:/UnrealProjets/OutrunCops/Content/_Game/Assets/Player_Vehicles/Mustang/Mustang_Skeleton.uasset" 652
"E:/UnrealProjets/OutrunCops/Content/_Game/Assets/Player_Vehicles/Mustang/Mustang_Skeleton.uexp" 653
"E:/UnrealProjets/OutrunCops/Content/_Game/Assets/Player_Vehicles/Mustang/ABP_Mustang.uasset" 654
"E:/UnrealProjets/OutrunCops/Content/_Game/Assets/Player_Vehicles/Mustang/ABP_Mustang.uexp" 655
"../../../Engine/Content/EngineMaterials/Widget3DPassThrough_Translucent.uasset" 656
"../../../Engine/Content/EngineMaterials/Widget3DPassThrough_Translucent.uexp" 657
"../../../Engine/Content/EngineMaterials/Widget3DPassThrough_Translucent_OneSided.uasset" 658
"../../../Engine/Content/EngineMaterials/Widget3DPassThrough_Translucent_OneSided.uexp" 659
"E:/UnrealProjets/OutrunCops/Content/_Game/Assets/Player_Vehicles/Mustang/BP_Mustang_WheelRear.uasset" 660
"E:/UnrealProjets/OutrunCops/Content/_Game/Assets/Player_Vehicles/Mustang/BP_Mustang_WheelRear.uexp" 661
"E:/UnrealProjets/OutrunCops/Content/_Game/Assets/Player_Vehicles/Mustang/BP_Mustang_WheelFront.uasset" 662
"E:/UnrealProjets/OutrunCops/Content/_Game/Assets/Player_Vehicles/Mustang/BP_Mustang_WheelFront.uexp" 663
"E:/UnrealProjets/OutrunCops/Content/_Game/Assets/Player_Vehicles/Mustang/Materials/M_Mustang_Secondary.uasset" 664
"E:/UnrealProjets/OutrunCops/Content/_Game/Assets/Player_Vehicles/Mustang/Materials/M_Mustang_Secondary.uexp" 665
"E:/UnrealProjets/OutrunCops/Content/_Game/Assets/Player_Vehicles/Mustang/Parts/SM_Mustang_BumperRear.uasset" 666
"E:/UnrealProjets/OutrunCops/Content/_Game/Assets/Player_Vehicles/Mustang/Parts/SM_Mustang_BumperRear.uexp" 667
"E:/UnrealProjets/OutrunCops/Content/_Game/Assets/Player_Vehicles/Mustang/Materials/M_Mustang_Primary.uasset" 668
"E:/UnrealProjets/OutrunCops/Content/_Game/Assets/Player_Vehicles/Mustang/Materials/M_Mustang_Primary.uexp" 669
"E:/UnrealProjets/OutrunCops/Content/_Game/Assets/Player_Vehicles/Mustang/Parts/SM_Mustang_BumperFront.uasset" 670
"E:/UnrealProjets/OutrunCops/Content/_Game/Assets/Player_Vehicles/Mustang/Parts/SM_Mustang_BumperFront.uexp" 671
"E:/UnrealProjets/OutrunCops/Content/_Game/Assets/Player_Vehicles/Mustang/Parts/SM_Mustang_Trunk.uasset" 672
"E:/UnrealProjets/OutrunCops/Content/_Game/Assets/Player_Vehicles/Mustang/Parts/SM_Mustang_Trunk.uexp" 673
"E:/UnrealProjets/OutrunCops/Content/_Game/Assets/Player_Vehicles/Mustang/Mustang_PhysicsAsset.uasset" 674
"E:/UnrealProjets/OutrunCops/Content/_Game/Assets/Player_Vehicles/Mustang/Mustang_PhysicsAsset.uexp" 675
"E:/UnrealProjets/OutrunCops/Content/_Game/Assets/Player_Vehicles/Mustang/Materials/M_Mustang_LightsRear.uasset" 676
"E:/UnrealProjets/OutrunCops/Content/_Game/Assets/Player_Vehicles/Mustang/Materials/M_Mustang_LightsRear.uexp" 677
"E:/UnrealProjets/OutrunCops/Content/_Game/Assets/Player_Vehicles/Mustang/Materials/M_Mustang_Window.uasset" 678
"E:/UnrealProjets/OutrunCops/Content/_Game/Assets/Player_Vehicles/Mustang/Materials/M_Mustang_Window.uexp" 679
"E:/UnrealProjets/OutrunCops/Content/_Game/Assets/Player_Vehicles/Mustang/Materials/M_Mustang_LightsFront.uasset" 680
"E:/UnrealProjets/OutrunCops/Content/_Game/Assets/Player_Vehicles/Mustang/Materials/M_Mustang_LightsFront.uexp" 681
"E:/UnrealProjets/OutrunCops/Content/_Game/Assets/Player_Vehicles/Mustang/Mustang.uasset" 682
"E:/UnrealProjets/OutrunCops/Content/_Game/Assets/Player_Vehicles/Mustang/Mustang.uexp" 683
"E:/UnrealProjets/OutrunCops/Content/_Game/Assets/Player_Vehicles/Mustang/Parts/SM_Mustang_MirrorRight.uasset" 684
"E:/UnrealProjets/OutrunCops/Content/_Game/Assets/Player_Vehicles/Mustang/Parts/SM_Mustang_MirrorRight.uexp" 685
"E:/UnrealProjets/OutrunCops/Content/_Game/Assets/Player_Vehicles/Mustang/Materials/M_Mustang_Rim.uasset" 686
"E:/UnrealProjets/OutrunCops/Content/_Game/Assets/Player_Vehicles/Mustang/Materials/M_Mustang_Rim.uexp" 687
"E:/UnrealProjets/OutrunCops/Content/_Game/Assets/Player_Vehicles/Mustang/Materials/M_Mustang_Tire.uasset" 688
"E:/UnrealProjets/OutrunCops/Content/_Game/Assets/Player_Vehicles/Mustang/Materials/M_Mustang_Tire.uexp" 689
"E:/UnrealProjets/OutrunCops/Content/_Game/Assets/Player_Vehicles/Mustang/Parts/SM_Mustang_Wheel.uasset" 690
"E:/UnrealProjets/OutrunCops/Content/_Game/Assets/Player_Vehicles/Mustang/Parts/SM_Mustang_Wheel.uexp" 691
"E:/UnrealProjets/OutrunCops/Content/_Game/Assets/Player_Vehicles/Mustang/Parts/SM_Mustang_MirrorLeft.uasset" 692
"E:/UnrealProjets/OutrunCops/Content/_Game/Assets/Player_Vehicles/Mustang/Parts/SM_Mustang_MirrorLeft.uexp" 693
"E:/UnrealProjets/OutrunCops/Content/_Game/Assets/Player_Vehicles/Mustang/Parts/SM_Mustang_Hood.uasset" 694
"E:/UnrealProjets/OutrunCops/Content/_Game/Assets/Player_Vehicles/Mustang/Parts/SM_Mustang_Hood.uexp" 695
"E:/UnrealProjets/OutrunCops/Content/_Game/Player/BP_Mustang.uasset" 696
"E:/UnrealProjets/OutrunCops/Content/_Game/Player/BP_Mustang.uexp" 697
"E:/UnrealProjets/OutrunCops/Content/_Game/Assets/Environment/Garage/M_Garage_Went.uasset" 698
"E:/UnrealProjets/OutrunCops/Content/_Game/Assets/Environment/Garage/M_Garage_Went.uexp" 699
"E:/UnrealProjets/OutrunCops/Content/_Game/Garage/BP_Garage.uasset" 700
"E:/UnrealProjets/OutrunCops/Content/_Game/Garage/BP_Garage.uexp" 701
"../../../Engine/Content/EngineSky/T_Sky_Stars.ubulk" 702
"../../../Engine/Content/EngineSky/T_Sky_Stars.uasset" 703
"../../../Engine/Content/EngineSky/T_Sky_Stars.uexp" 704
"../../../Engine/Content/EngineSky/T_Sky_Clouds_M.ubulk" 705
"../../../Engine/Content/EngineSky/T_Sky_Clouds_M.uasset" 706
"../../../Engine/Content/EngineSky/T_Sky_Clouds_M.uexp" 707
"../../../Engine/Content/EngineSky/T_Sky_Blue.ubulk" 708
"../../../Engine/Content/EngineSky/T_Sky_Blue.uasset" 709
"../../../Engine/Content/EngineSky/T_Sky_Blue.uexp" 710
"../../../Engine/Content/EngineSky/M_Sky_Panning_Clouds2.uasset" 711
"../../../Engine/Content/EngineSky/M_Sky_Panning_Clouds2.uexp" 712
"../../../Engine/Content/EngineSky/SM_SkySphere.uasset" 713
"../../../Engine/Content/EngineSky/SM_SkySphere.uexp" 714
"E:/UnrealProjets/OutrunCops/Content/_Game/Assets/Sounds/Garage/GarageAmbient.ubulk" 715
"E:/UnrealProjets/OutrunCops/Content/_Game/Assets/Sounds/Garage/GarageAmbient.uasset" 716
"E:/UnrealProjets/OutrunCops/Content/_Game/Assets/Sounds/Garage/GarageAmbient.uexp" 717
"E:/UnrealProjets/OutrunCops/Content/_Game/Assets/Sounds/Garage/RatchetNoise.ubulk" 718
"E:/UnrealProjets/OutrunCops/Content/_Game/Assets/Sounds/Garage/RatchetNoise.uasset" 719
"E:/UnrealProjets/OutrunCops/Content/_Game/Assets/Sounds/Garage/RatchetNoise.uexp" 720
"E:/UnrealProjets/OutrunCops/Content/_Game/Assets/Sounds/Garage/PipeNoise.ubulk" 721
"E:/UnrealProjets/OutrunCops/Content/_Game/Assets/Sounds/Garage/PipeNoise.uasset" 722
"E:/UnrealProjets/OutrunCops/Content/_Game/Assets/Sounds/Garage/PipeNoise.uexp" 723
"E:/UnrealProjets/OutrunCops/Content/_Game/Assets/Sounds/Garage/ToolsSearching.ubulk" 724
"E:/UnrealProjets/OutrunCops/Content/_Game/Assets/Sounds/Garage/ToolsSearching.uasset" 725
"E:/UnrealProjets/OutrunCops/Content/_Game/Assets/Sounds/Garage/ToolsSearching.uexp" 726
"E:/UnrealProjets/OutrunCops/Content/_Game/Assets/Sounds/Garage/CUE_GarageSoundsEffects.uasset" 727
"E:/UnrealProjets/OutrunCops/Content/_Game/Assets/Sounds/Garage/CUE_GarageSoundsEffects.uexp" 728
"E:/UnrealProjets/OutrunCops/Content/_Game/Levels/MainMenu.uexp" 729
"E:/UnrealProjets/OutrunCops/Content/_Game/Levels/MainMenu.umap" 730
