"../../../Engine/Content/Functions/Engine_MaterialFunctions01/Shading/PowerToRoughness.uasset" 0
"../../../Engine/Content/Functions/Engine_MaterialFunctions01/Shading/PowerToRoughness.uexp" 1
"../../../Engine/Content/Functions/Engine_MaterialFunctions01/Shading/ConvertFromDiffSpec.uasset" 2
"../../../Engine/Content/Functions/Engine_MaterialFunctions01/Shading/ConvertFromDiffSpec.uexp" 3
"../../../Engine/Content/EngineSounds/Master.uasset" 4
"../../../Engine/Content/EngineSounds/Master.uexp" 5
"../../../Engine/Content/EngineSky/VolumetricClouds/CloudWeatherTexture.uasset" 6
"../../../Engine/Content/EngineSky/VolumetricClouds/CloudWeatherTexture.uexp" 7
"../../../Engine/Content/Functions/Engine_MaterialFunctions02/Utility/MakeFloat2.uasset" 8
"../../../Engine/Content/Functions/Engine_MaterialFunctions02/Utility/MakeFloat2.uexp" 9
"../../../Engine/Content/EngineSky/VolumetricClouds/CloudGradientTexture.uasset" 10
"../../../Engine/Content/EngineSky/VolumetricClouds/CloudGradientTexture.uexp" 11
"../../../Engine/Content/EngineSky/VolumetricClouds/T_NoiseShape64.ubulk" 12
"../../../Engine/Content/EngineSky/VolumetricClouds/T_NoiseShape64.uasset" 13
"../../../Engine/Content/EngineSky/VolumetricClouds/T_NoiseShape64.uexp" 14
"../../../Engine/Content/EngineSky/VolumetricClouds/T_VolumeNoiseShape64.uasset" 15
"../../../Engine/Content/EngineSky/VolumetricClouds/T_VolumeNoiseShape64.uexp" 16
"../../../Engine/Content/EngineSky/VolumetricClouds/T_NoiseErosion.ubulk" 17
"../../../Engine/Content/EngineSky/VolumetricClouds/T_NoiseErosion.uasset" 18
"../../../Engine/Content/EngineSky/VolumetricClouds/T_NoiseErosion.uexp" 19
"../../../Engine/Content/EngineSky/VolumetricClouds/T_VolumeNoiseErosion32.uasset" 20
"../../../Engine/Content/EngineSky/VolumetricClouds/T_VolumeNoiseErosion32.uexp" 21
"../../../Engine/Content/EngineSky/VolumetricClouds/m_SimpleVolumetricCloud.uasset" 22
"../../../Engine/Content/EngineSky/VolumetricClouds/m_SimpleVolumetricCloud.uexp" 23
"../../../Engine/Content/EngineSky/VolumetricClouds/m_SimpleVolumetricCloud_Inst.uasset" 24
"../../../Engine/Content/EngineSky/VolumetricClouds/m_SimpleVolumetricCloud_Inst.uexp" 25
"../../../Engine/Content/EngineResources/GradientTexture0.uasset" 26
"../../../Engine/Content/EngineResources/GradientTexture0.uexp" 27
"../../../Engine/Content/EngineResources/DefaultVolumeTexture2D.uasset" 28
"../../../Engine/Content/EngineResources/DefaultVolumeTexture2D.uexp" 29
"../../../Engine/Content/EngineResources/DefaultVolumeTexture.uasset" 30
"../../../Engine/Content/EngineResources/DefaultVolumeTexture.uexp" 31
"../../../Engine/Content/EngineResources/DefaultTextureCube.uasset" 32
"../../../Engine/Content/EngineResources/DefaultTextureCube.uexp" 33
"../../../Engine/Content/EngineResources/DefaultTexture.ubulk" 34
"../../../Engine/Content/EngineResources/DefaultTexture.uasset" 35
"../../../Engine/Content/EngineResources/DefaultTexture.uexp" 36
"../../../Engine/Content/EngineResources/Black.uasset" 37
"../../../Engine/Content/EngineResources/Black.uexp" 38
"../../../Engine/Content/EngineResources/FilmGrains/Marcie_Grain_v3_128_M2_000.uasset" 39
"../../../Engine/Content/EngineResources/FilmGrains/Marcie_Grain_v3_128_M2_000.uexp" 40
"../../../Engine/Content/EngineMeshes/Sphere.uasset" 41
"../../../Engine/Content/EngineMeshes/Sphere.uexp" 42
"../../../Engine/Content/EngineMaterials/T_Default_Material_Grid_M.ubulk" 43
"../../../Engine/Content/EngineMaterials/T_Default_Material_Grid_M.uasset" 44
"../../../Engine/Content/EngineMaterials/T_Default_Material_Grid_M.uexp" 45
"../../../Engine/Content/EngineMaterials/T_Default_Material_Grid_N.ubulk" 46
"../../../Engine/Content/EngineMaterials/T_Default_Material_Grid_N.uasset" 47
"../../../Engine/Content/EngineMaterials/T_Default_Material_Grid_N.uexp" 48
"../../../Engine/Content/Functions/Engine_MaterialFunctions01/Opacity/CameraDepthFade.uasset" 49
"../../../Engine/Content/Functions/Engine_MaterialFunctions01/Opacity/CameraDepthFade.uexp" 50
"../../../Engine/Content/EngineMaterials/DefaultMaterial.uasset" 51
"../../../Engine/Content/EngineMaterials/DefaultMaterial.uexp" 52
"../../../Engine/Content/EngineMeshes/Cylinder.uasset" 53
"../../../Engine/Content/EngineMeshes/Cylinder.uexp" 54
"../../../Engine/Content/EngineResources/WhiteSquareTexture.uasset" 55
"../../../Engine/Content/EngineResources/WhiteSquareTexture.uexp" 56
"../../../Engine/Content/EngineMaterials/Widget3DPassThrough.uasset" 57
"../../../Engine/Content/EngineMaterials/Widget3DPassThrough.uexp" 58
"../../../Engine/Content/EngineMaterials/Widget3DPassThrough_Opaque.uasset" 59
"../../../Engine/Content/EngineMaterials/Widget3DPassThrough_Opaque.uexp" 60
"../../../Engine/Content/EngineMaterials/Widget3DPassThrough_Opaque_OneSided.uasset" 61
"../../../Engine/Content/EngineMaterials/Widget3DPassThrough_Opaque_OneSided.uexp" 62
"../../../Engine/Content/EngineMaterials/Widget3DPassThrough_Masked_OneSided.uasset" 63
"../../../Engine/Content/EngineMaterials/Widget3DPassThrough_Masked_OneSided.uexp" 64
"../../../Engine/Content/EngineMaterials/Widget3DPassThrough_Masked.uasset" 65
"../../../Engine/Content/EngineMaterials/Widget3DPassThrough_Masked.uexp" 66
"../../../Engine/Content/EngineMaterials/WeightMapPlaceholderTexture.uasset" 67
"../../../Engine/Content/EngineMaterials/WeightMapPlaceholderTexture.uexp" 68
"../../../Engine/Content/EngineMaterials/RemoveSurfaceMaterial.uasset" 69
"../../../Engine/Content/EngineMaterials/RemoveSurfaceMaterial.uexp" 70
"../../../Engine/Content/EngineMaterials/PreintegratedSkinBRDF.uasset" 71
"../../../Engine/Content/EngineMaterials/PreintegratedSkinBRDF.uexp" 72
"../../../Engine/Content/EngineMaterials/DefaultCalibrationGrayscale.uasset" 73
"../../../Engine/Content/EngineMaterials/DefaultCalibrationGrayscale.uexp" 74
"../../../Engine/Content/EngineMaterials/PPM_DefaultCalibrationGrayscale.uasset" 75
"../../../Engine/Content/EngineMaterials/PPM_DefaultCalibrationGrayscale.uexp" 76
"../../../Engine/Content/EngineMaterials/DefaultCalibrationColor.uasset" 77
"../../../Engine/Content/EngineMaterials/DefaultCalibrationColor.uexp" 78
"../../../Engine/Content/EngineMaterials/PPM_DefaultCalibrationColor.uasset" 79
"../../../Engine/Content/EngineMaterials/PPM_DefaultCalibrationColor.uexp" 80
"../../../Engine/Content/Functions/Engine_MaterialFunctions02/WorldPositionOffset/CameraOffset.uasset" 81
"../../../Engine/Content/Functions/Engine_MaterialFunctions02/WorldPositionOffset/CameraOffset.uexp" 82
"../../../Engine/Content/EngineMaterials/PhAT_JointLimitMaterial.uasset" 83
"../../../Engine/Content/EngineMaterials/PhAT_JointLimitMaterial.uexp" 84
"../../../Engine/Content/EngineMaterials/InvalidLightmapSettings.ubulk" 85
"../../../Engine/Content/EngineMaterials/InvalidLightmapSettings.uasset" 86
"../../../Engine/Content/EngineMaterials/InvalidLightmapSettings.uexp" 87
"../../../Engine/Content/EngineMaterials/M_InvalidLightmapSettings.uasset" 88
"../../../Engine/Content/EngineMaterials/M_InvalidLightmapSettings.uexp" 89
"../../../Engine/Content/EngineMaterials/MiniFont.uasset" 90
"../../../Engine/Content/EngineMaterials/MiniFont.uexp" 91
"../../../Engine/Content/EngineMaterials/Good64x64TilingNoiseHighFreq.uasset" 92
"../../../Engine/Content/EngineMaterials/Good64x64TilingNoiseHighFreq.uexp" 93
"../../../Engine/Content/EngineMaterials/GizmoMaterial.uasset" 94
"../../../Engine/Content/EngineMaterials/GizmoMaterial.uexp" 95
"../../../Engine/Content/EngineMaterials/BaseFlattenEmissiveMap_VT.uasset" 96
"../../../Engine/Content/EngineMaterials/BaseFlattenEmissiveMap_VT.uexp" 97
"../../../Engine/Content/EngineMaterials/BaseFlattenGrayscaleMap_VT.uasset" 98
"../../../Engine/Content/EngineMaterials/BaseFlattenGrayscaleMap_VT.uexp" 99
"../../../Engine/Content/EngineMaterials/BaseFlattenLinearColor_VT.uasset" 100
"../../../Engine/Content/EngineMaterials/BaseFlattenLinearColor_VT.uexp" 101
"../../../Engine/Content/EngineMaterials/Black_1x1_EXR_Texture_VT.uasset" 102
"../../../Engine/Content/EngineMaterials/Black_1x1_EXR_Texture_VT.uexp" 103
"../../../Engine/Content/EngineMaterials/BaseFlattenDiffuseMap_VT.uasset" 104
"../../../Engine/Content/EngineMaterials/BaseFlattenDiffuseMap_VT.uexp" 105
"../../../Engine/Content/EngineMaterials/BaseFlattenNormalMap_VT.uasset" 106
"../../../Engine/Content/EngineMaterials/BaseFlattenNormalMap_VT.uexp" 107
"../../../Engine/Content/EngineMaterials/FlattenMaterial_WS_Normal_VT.uasset" 108
"../../../Engine/Content/EngineMaterials/FlattenMaterial_WS_Normal_VT.uexp" 109
"../../../Engine/Content/EngineMaterials/FlattenMaterial_VT.uasset" 110
"../../../Engine/Content/EngineMaterials/FlattenMaterial_VT.uexp" 111
"../../../Engine/Content/EngineMaterials/BaseFlattenNormalMap.uasset" 112
"../../../Engine/Content/EngineMaterials/BaseFlattenNormalMap.uexp" 113
"../../../Engine/Content/EngineMaterials/BaseFlattenGrayscaleMap.uasset" 114
"../../../Engine/Content/EngineMaterials/BaseFlattenGrayscaleMap.uexp" 115
"../../../Engine/Content/EngineMaterials/BaseFlattenDiffuseMap.uasset" 116
"../../../Engine/Content/EngineMaterials/BaseFlattenDiffuseMap.uexp" 117
"../../../Engine/Content/Functions/Engine_MaterialFunctions02/PivotPainter2/Black_1x1_EXR_Texture.uasset" 118
"../../../Engine/Content/Functions/Engine_MaterialFunctions02/PivotPainter2/Black_1x1_EXR_Texture.uexp" 119
"../../../Engine/Content/EngineMaterials/BaseFlattenEmissiveMap.uasset" 120
"../../../Engine/Content/EngineMaterials/BaseFlattenEmissiveMap.uexp" 121
"../../../Engine/Content/EngineMaterials/BaseFlattenLinearColor.uasset" 122
"../../../Engine/Content/EngineMaterials/BaseFlattenLinearColor.uexp" 123
"../../../Engine/Content/EngineMaterials/FlattenMaterial.uasset" 124
"../../../Engine/Content/EngineMaterials/FlattenMaterial.uexp" 125
"../../../Engine/Content/EngineMaterials/DefaultWhiteGrid_Low.uasset" 126
"../../../Engine/Content/EngineMaterials/DefaultWhiteGrid_Low.uexp" 127
"../../../Engine/Content/EngineMaterials/EmissiveMeshMaterial.uasset" 128
"../../../Engine/Content/EngineMaterials/EmissiveMeshMaterial.uexp" 129
"../../../Engine/Content/EngineMaterials/DefaultWhiteGrid.ubulk" 130
"../../../Engine/Content/EngineMaterials/DefaultWhiteGrid.uasset" 131
"../../../Engine/Content/EngineMaterials/DefaultWhiteGrid.uexp" 132
"../../../Engine/Content/EngineFonts/RobotoDistanceField.uasset" 133
"../../../Engine/Content/EngineFonts/RobotoDistanceField.uexp" 134
"../../../Engine/Content/EngineMaterials/DefaultTextMaterialOpaque.uasset" 135
"../../../Engine/Content/EngineMaterials/DefaultTextMaterialOpaque.uexp" 136
"../../../Engine/Content/EngineMaterials/DefaultDiffuse.ubulk" 137
"../../../Engine/Content/EngineMaterials/DefaultDiffuse.uasset" 138
"../../../Engine/Content/EngineMaterials/DefaultDiffuse.uexp" 139
"../../../Engine/Content/Functions/Engine_MaterialFunctions02/Utility/BreakOutFloat2Components.uasset" 140
"../../../Engine/Content/Functions/Engine_MaterialFunctions02/Utility/BreakOutFloat2Components.uexp" 141
"../../../Engine/Content/EngineMaterials/DefaultPostProcessMaterial.uasset" 142
"../../../Engine/Content/EngineMaterials/DefaultPostProcessMaterial.uexp" 143
"../../../Engine/Content/EngineMaterials/DefaultPhysicalMaterial.uasset" 144
"../../../Engine/Content/EngineMaterials/DefaultPhysicalMaterial.uexp" 145
"../../../Engine/Content/EngineMaterials/DefaultLightFunctionMaterial.uasset" 146
"../../../Engine/Content/EngineMaterials/DefaultLightFunctionMaterial.uexp" 147
"../../../Engine/Content/EngineMaterials/DefaultDestructiblePhysicalMaterial.uasset" 148
"../../../Engine/Content/EngineMaterials/DefaultDestructiblePhysicalMaterial.uexp" 149
"../../../Engine/Content/EngineMaterials/DefaultDeferredDecalMaterial.uasset" 150
"../../../Engine/Content/EngineMaterials/DefaultDeferredDecalMaterial.uexp" 151
"../../../Engine/Content/EngineMaterials/DefaultBokeh.uasset" 152
"../../../Engine/Content/EngineMaterials/DefaultBokeh.uexp" 153
"../../../Engine/Content/EngineMaterials/DefaultBloomKernel.uasset" 154
"../../../Engine/Content/EngineMaterials/DefaultBloomKernel.uexp" 155
"../../../Engine/Content/EngineMaterials/BlueNoise.uasset" 156
"../../../Engine/Content/EngineMaterials/BlueNoise.uexp" 157
"../../../Engine/Content/EngineFonts/Faces/RobotoLight.uexp" 158
"../../../Engine/Content/EngineFonts/Faces/RobotoLight.uasset" 159
"../../../Engine/Content/EngineFonts/Faces/RobotoLight.ufont" 160
"../../../Engine/Content/EngineFonts/Faces/RobotoBold.uexp" 161
"../../../Engine/Content/EngineFonts/Faces/RobotoBold.uasset" 162
"../../../Engine/Content/EngineFonts/Faces/RobotoBold.ufont" 163
"../../../Engine/Content/EngineFonts/Faces/RobotoRegular.uexp" 164
"../../../Engine/Content/EngineFonts/Faces/RobotoRegular.uasset" 165
"../../../Engine/Content/EngineFonts/Faces/RobotoRegular.ufont" 166
"../../../Engine/Content/EngineFonts/Faces/DroidSansFallback.uexp" 167
"../../../Engine/Content/EngineFonts/Faces/DroidSansFallback.uasset" 168
"../../../Engine/Content/EngineFonts/Faces/DroidSansFallback.ufont" 169
"../../../Engine/Content/EngineFonts/Faces/RobotoItalic.uexp" 170
"../../../Engine/Content/EngineFonts/Faces/RobotoItalic.uasset" 171
"../../../Engine/Content/EngineFonts/Faces/RobotoItalic.ufont" 172
"../../../Engine/Content/EngineFonts/Faces/RobotoBoldItalic.uexp" 173
"../../../Engine/Content/EngineFonts/Faces/RobotoBoldItalic.uasset" 174
"../../../Engine/Content/EngineFonts/Faces/RobotoBoldItalic.ufont" 175
"../../../Engine/Content/EngineFonts/Roboto.uasset" 176
"../../../Engine/Content/EngineFonts/Roboto.uexp" 177
"../../../Engine/Content/Functions/Engine_MaterialFunctions02/Utility/CameraDirectionVector.uasset" 178
"../../../Engine/Content/Functions/Engine_MaterialFunctions02/Utility/CameraDirectionVector.uexp" 179
"../../../Engine/Content/EngineDebugMaterials/VolumeToRender.uasset" 180
"../../../Engine/Content/EngineDebugMaterials/VolumeToRender.uexp" 181
"../../../Engine/Content/EngineDebugMaterials/M_VolumeRenderSphereTracePP.uasset" 182
"../../../Engine/Content/EngineDebugMaterials/M_VolumeRenderSphereTracePP.uexp" 183
"../../../Engine/Content/EngineDebugMaterials/M_SimpleUnlitTranslucent.uasset" 184
"../../../Engine/Content/EngineDebugMaterials/M_SimpleUnlitTranslucent.uexp" 185
"../../../Engine/Content/EngineDebugMaterials/DebugMeshMaterial.uasset" 186
"../../../Engine/Content/EngineDebugMaterials/DebugMeshMaterial.uexp" 187
"../../../Engine/Content/EngineDebugMaterials/DebugEditorMaterial.uasset" 188
"../../../Engine/Content/EngineDebugMaterials/DebugEditorMaterial.uexp" 189
"../../../Engine/Content/EngineDamageTypes/DmgTypeBP_Environmental.uasset" 190
"../../../Engine/Content/EngineDamageTypes/DmgTypeBP_Environmental.uexp" 191
"../../../Engine/Content/Functions/Engine_MaterialFunctions02/Utility/MakeFloat4.uasset" 192
"../../../Engine/Content/Functions/Engine_MaterialFunctions02/Utility/MakeFloat4.uexp" 193
"../../../Engine/Content/Functions/Engine_MaterialFunctions02/Utility/MakeFloat3.uasset" 194
"../../../Engine/Content/Functions/Engine_MaterialFunctions02/Utility/MakeFloat3.uexp" 195
"../../../Engine/Content/Functions/Engine_MaterialFunctions02/Utility/BreakOutFloat3Components.uasset" 196
"../../../Engine/Content/Functions/Engine_MaterialFunctions02/Utility/BreakOutFloat3Components.uexp" 197
"../../../Engine/Content/BasicShapes/Sphere.uasset" 198
"../../../Engine/Content/BasicShapes/Sphere.uexp" 199
"../../../Engine/Content/EngineMaterials/WorldGridMaterial.uasset" 200
"../../../Engine/Content/EngineMaterials/WorldGridMaterial.uexp" 201
"../../../Engine/Content/BasicShapes/Plane.uasset" 202
"../../../Engine/Content/BasicShapes/Plane.uexp" 203
"../../../Engine/Content/BasicShapes/Cylinder.uasset" 204
"../../../Engine/Content/BasicShapes/Cylinder.uexp" 205
"../../../Engine/Content/BasicShapes/Cube.uasset" 206
"../../../Engine/Content/BasicShapes/Cube.uexp" 207
"../../../Engine/Content/BasicShapes/Cone.uasset" 208
"../../../Engine/Content/BasicShapes/Cone.uexp" 209
"../../../Engine/Content/ArtTools/RenderToTexture/Meshes/S_1_Unit_Plane.uasset" 210
"../../../Engine/Content/ArtTools/RenderToTexture/Meshes/S_1_Unit_Plane.uexp" 211
"../../../Engine/Content/Tutorial/ContentIntroCurve.uasset" 212
"../../../Engine/Content/Tutorial/ContentIntroCurve.uexp" 213
"../../../Engine/Plugins/2D/Paper2D/Content/PlaceholderTextures/DummySpriteTexture.ubulk" 214
"../../../Engine/Plugins/2D/Paper2D/Content/PlaceholderTextures/DummySpriteTexture.uasset" 215
"../../../Engine/Plugins/2D/Paper2D/Content/PlaceholderTextures/DummySpriteTexture.uexp" 216
"../../../Engine/Plugins/2D/Paper2D/Content/DefaultSpriteMaterial.uasset" 217
"../../../Engine/Plugins/2D/Paper2D/Content/DefaultSpriteMaterial.uexp" 218
"../../../Engine/Plugins/2D/Paper2D/Content/OpaqueUnlitSpriteMaterial.uasset" 219
"../../../Engine/Plugins/2D/Paper2D/Content/OpaqueUnlitSpriteMaterial.uexp" 220
"../../../Engine/Plugins/2D/Paper2D/Content/MaskedUnlitSpriteMaterial.uasset" 221
"../../../Engine/Plugins/2D/Paper2D/Content/MaskedUnlitSpriteMaterial.uexp" 222
"../../../Engine/Plugins/2D/Paper2D/Content/DummySprite.uasset" 223
"../../../Engine/Plugins/2D/Paper2D/Content/DummySprite.uexp" 224
"../../../Engine/Plugins/2D/Paper2D/Content/DefaultPaperTerrainMaterial.uasset" 225
"../../../Engine/Plugins/2D/Paper2D/Content/DefaultPaperTerrainMaterial.uexp" 226
"../../../Engine/Plugins/Animation/ControlRig/Content/M_Manip.uasset" 227
"../../../Engine/Plugins/Animation/ControlRig/Content/M_Manip.uexp" 228
"../../../Engine/Plugins/Animation/ControlRig/Content/Controls/DefaultGizmoLibraryNormalized.uasset" 229
"../../../Engine/Plugins/Animation/ControlRig/Content/Controls/DefaultGizmoLibraryNormalized.uexp" 230
"../../../Engine/Plugins/Animation/ControlRig/Content/Controls/ControlRig_Wedge_solid.uasset" 231
"../../../Engine/Plugins/Animation/ControlRig/Content/Controls/ControlRig_Wedge_solid.uexp" 232
"../../../Engine/Plugins/Animation/ControlRig/Content/Controls/ControlRig_Wedge_3mm.uasset" 233
"../../../Engine/Plugins/Animation/ControlRig/Content/Controls/ControlRig_Wedge_3mm.uexp" 234
"../../../Engine/Plugins/Animation/ControlRig/Content/Controls/ControlRig_Wedge_1mm.uasset" 235
"../../../Engine/Plugins/Animation/ControlRig/Content/Controls/ControlRig_Wedge_1mm.uexp" 236
"../../../Engine/Plugins/Animation/ControlRig/Content/Controls/ControlRig_Triangle_solid.uasset" 237
"../../../Engine/Plugins/Animation/ControlRig/Content/Controls/ControlRig_Triangle_solid.uexp" 238
"../../../Engine/Plugins/Animation/ControlRig/Content/Controls/ControlRig_Triangle_3mm.uasset" 239
"../../../Engine/Plugins/Animation/ControlRig/Content/Controls/ControlRig_Triangle_3mm.uexp" 240
"../../../Engine/Plugins/Animation/ControlRig/Content/Controls/ControlRig_Triangle_1mm.uasset" 241
"../../../Engine/Plugins/Animation/ControlRig/Content/Controls/ControlRig_Triangle_1mm.uexp" 242
"../../../Engine/Plugins/Animation/ControlRig/Content/Controls/ControlRig_Star4_solid.uasset" 243
"../../../Engine/Plugins/Animation/ControlRig/Content/Controls/ControlRig_Star4_solid.uexp" 244
"../../../Engine/Plugins/Animation/ControlRig/Content/Controls/ControlRig_Star4_3mm.uasset" 245
"../../../Engine/Plugins/Animation/ControlRig/Content/Controls/ControlRig_Star4_3mm.uexp" 246
"../../../Engine/Plugins/Animation/ControlRig/Content/Controls/ControlRig_Star4_1mm.uasset" 247
"../../../Engine/Plugins/Animation/ControlRig/Content/Controls/ControlRig_Star4_1mm.uexp" 248
"../../../Engine/Plugins/Animation/ControlRig/Content/Controls/ControlRig_Square_solid.uasset" 249
"../../../Engine/Plugins/Animation/ControlRig/Content/Controls/ControlRig_Square_solid.uexp" 250
"../../../Engine/Plugins/Animation/ControlRig/Content/Controls/ControlRig_Square_3mm.uasset" 251
"../../../Engine/Plugins/Animation/ControlRig/Content/Controls/ControlRig_Square_3mm.uexp" 252
"../../../Engine/Plugins/Animation/ControlRig/Content/Controls/ControlRig_Square_1mm.uasset" 253
"../../../Engine/Plugins/Animation/ControlRig/Content/Controls/ControlRig_Square_1mm.uexp" 254
"../../../Engine/Plugins/Animation/ControlRig/Content/Controls/ControlRig_Sphere_solid.uasset" 255
"../../../Engine/Plugins/Animation/ControlRig/Content/Controls/ControlRig_Sphere_solid.uexp" 256
"../../../Engine/Plugins/Animation/ControlRig/Content/Controls/ControlRig_Sphere_3mm.uasset" 257
"../../../Engine/Plugins/Animation/ControlRig/Content/Controls/ControlRig_Sphere_3mm.uexp" 258
"../../../Engine/Plugins/Animation/ControlRig/Content/Controls/ControlRig_Sphere_1mm.uasset" 259
"../../../Engine/Plugins/Animation/ControlRig/Content/Controls/ControlRig_Sphere_1mm.uexp" 260
"../../../Engine/Plugins/Animation/ControlRig/Content/Controls/ControlRig_RoundedTriangle_solid.uasset" 261
"../../../Engine/Plugins/Animation/ControlRig/Content/Controls/ControlRig_RoundedTriangle_solid.uexp" 262
"../../../Engine/Plugins/Animation/ControlRig/Content/Controls/ControlRig_RoundedTriangle_3mm.uasset" 263
"../../../Engine/Plugins/Animation/ControlRig/Content/Controls/ControlRig_RoundedTriangle_3mm.uexp" 264
"../../../Engine/Plugins/Animation/ControlRig/Content/Controls/ControlRig_RoundedTriangle_1mm.uasset" 265
"../../../Engine/Plugins/Animation/ControlRig/Content/Controls/ControlRig_RoundedTriangle_1mm.uexp" 266
"../../../Engine/Plugins/Animation/ControlRig/Content/Controls/ControlRig_RoundedSquare_solid.uasset" 267
"../../../Engine/Plugins/Animation/ControlRig/Content/Controls/ControlRig_RoundedSquare_solid.uexp" 268
"../../../Engine/Plugins/Animation/ControlRig/Content/Controls/ControlRig_RoundedSquare_3mm.uasset" 269
"../../../Engine/Plugins/Animation/ControlRig/Content/Controls/ControlRig_RoundedSquare_3mm.uexp" 270
"../../../Engine/Plugins/Animation/ControlRig/Content/Controls/ControlRig_RoundedSquare_1mm.uasset" 271
"../../../Engine/Plugins/Animation/ControlRig/Content/Controls/ControlRig_RoundedSquare_1mm.uexp" 272
"../../../Engine/Plugins/Animation/ControlRig/Content/Controls/ControlRig_QuarterCircle_solid.uasset" 273
"../../../Engine/Plugins/Animation/ControlRig/Content/Controls/ControlRig_QuarterCircle_solid.uexp" 274
"../../../Engine/Plugins/Animation/ControlRig/Content/Controls/ControlRig_QuarterCircle_3mm.uasset" 275
"../../../Engine/Plugins/Animation/ControlRig/Content/Controls/ControlRig_QuarterCircle_3mm.uexp" 276
"../../../Engine/Plugins/Animation/ControlRig/Content/Controls/ControlRig_QuarterCircle_1mm.uasset" 277
"../../../Engine/Plugins/Animation/ControlRig/Content/Controls/ControlRig_QuarterCircle_1mm.uexp" 278
"../../../Engine/Plugins/Animation/ControlRig/Content/Controls/ControlRig_Pyramid_solid.uasset" 279
"../../../Engine/Plugins/Animation/ControlRig/Content/Controls/ControlRig_Pyramid_solid.uexp" 280
"../../../Engine/Plugins/Animation/ControlRig/Content/Controls/ControlRig_Pyramid_3mm.uasset" 281
"../../../Engine/Plugins/Animation/ControlRig/Content/Controls/ControlRig_Pyramid_3mm.uexp" 282
"../../../Engine/Plugins/Animation/ControlRig/Content/Controls/ControlRig_Pyramid_1mm.uasset" 283
"../../../Engine/Plugins/Animation/ControlRig/Content/Controls/ControlRig_Pyramid_1mm.uexp" 284
"../../../Engine/Plugins/Animation/ControlRig/Content/Controls/ControlRig_Octagon_solid.uasset" 285
"../../../Engine/Plugins/Animation/ControlRig/Content/Controls/ControlRig_Octagon_solid.uexp" 286
"../../../Engine/Plugins/Animation/ControlRig/Content/Controls/ControlRig_Octagon_3mm.uasset" 287
"../../../Engine/Plugins/Animation/ControlRig/Content/Controls/ControlRig_Octagon_3mm.uexp" 288
"../../../Engine/Plugins/Animation/ControlRig/Content/Controls/ControlRig_Octagon_1mm.uasset" 289
"../../../Engine/Plugins/Animation/ControlRig/Content/Controls/ControlRig_Octagon_1mm.uexp" 290
"../../../Engine/Plugins/Animation/ControlRig/Content/Controls/ControlRig_Hexagon_solid.uasset" 291
"../../../Engine/Plugins/Animation/ControlRig/Content/Controls/ControlRig_Hexagon_solid.uexp" 292
"../../../Engine/Plugins/Animation/ControlRig/Content/Controls/ControlRig_Hexagon_3mm.uasset" 293
"../../../Engine/Plugins/Animation/ControlRig/Content/Controls/ControlRig_Hexagon_3mm.uexp" 294
"../../../Engine/Plugins/Animation/ControlRig/Content/Controls/ControlRig_Hexagon_1mm.uasset" 295
"../../../Engine/Plugins/Animation/ControlRig/Content/Controls/ControlRig_Hexagon_1mm.uexp" 296
"../../../Engine/Plugins/Animation/ControlRig/Content/Controls/ControlRig_HalfCircle_solid.uasset" 297
"../../../Engine/Plugins/Animation/ControlRig/Content/Controls/ControlRig_HalfCircle_solid.uexp" 298
"../../../Engine/Plugins/Animation/ControlRig/Content/Controls/ControlRig_HalfCircle_3mm.uasset" 299
"../../../Engine/Plugins/Animation/ControlRig/Content/Controls/ControlRig_HalfCircle_3mm.uexp" 300
"../../../Engine/Plugins/Animation/ControlRig/Content/Controls/ControlRig_HalfCircle_1mm.uasset" 301
"../../../Engine/Plugins/Animation/ControlRig/Content/Controls/ControlRig_HalfCircle_1mm.uexp" 302
"../../../Engine/Plugins/Animation/ControlRig/Content/Controls/ControlRig_Diamond_solid.uasset" 303
"../../../Engine/Plugins/Animation/ControlRig/Content/Controls/ControlRig_Diamond_solid.uexp" 304
"../../../Engine/Plugins/Animation/ControlRig/Content/Controls/ControlRig_Diamond_3mm.uasset" 305
"../../../Engine/Plugins/Animation/ControlRig/Content/Controls/ControlRig_Diamond_3mm.uexp" 306
"../../../Engine/Plugins/Animation/ControlRig/Content/Controls/ControlRig_Diamond_1mm.uasset" 307
"../../../Engine/Plugins/Animation/ControlRig/Content/Controls/ControlRig_Diamond_1mm.uexp" 308
"../../../Engine/Plugins/Animation/ControlRig/Content/Controls/ControlRig_Circle_solid.uasset" 309
"../../../Engine/Plugins/Animation/ControlRig/Content/Controls/ControlRig_Circle_solid.uexp" 310
"../../../Engine/Plugins/Animation/ControlRig/Content/Controls/ControlRig_Circle_3mm.uasset" 311
"../../../Engine/Plugins/Animation/ControlRig/Content/Controls/ControlRig_Circle_3mm.uexp" 312
"../../../Engine/Plugins/Animation/ControlRig/Content/Controls/ControlRig_Circle_1mm.uasset" 313
"../../../Engine/Plugins/Animation/ControlRig/Content/Controls/ControlRig_Circle_1mm.uexp" 314
"../../../Engine/Plugins/Animation/ControlRig/Content/Controls/ControlRig_Box_solid.uasset" 315
"../../../Engine/Plugins/Animation/ControlRig/Content/Controls/ControlRig_Box_solid.uexp" 316
"../../../Engine/Plugins/Animation/ControlRig/Content/Controls/ControlRig_Box_3mm.uasset" 317
"../../../Engine/Plugins/Animation/ControlRig/Content/Controls/ControlRig_Box_3mm.uexp" 318
"../../../Engine/Plugins/Animation/ControlRig/Content/Controls/ControlRig_Box_1mm.uasset" 319
"../../../Engine/Plugins/Animation/ControlRig/Content/Controls/ControlRig_Box_1mm.uexp" 320
"../../../Engine/Plugins/Animation/ControlRig/Content/Controls/ControlRig_Arrow_solid.uasset" 321
"../../../Engine/Plugins/Animation/ControlRig/Content/Controls/ControlRig_Arrow_solid.uexp" 322
"../../../Engine/Plugins/Animation/ControlRig/Content/Controls/ControlRig_Arrow_3mm.uasset" 323
"../../../Engine/Plugins/Animation/ControlRig/Content/Controls/ControlRig_Arrow_3mm.uexp" 324
"../../../Engine/Plugins/Animation/ControlRig/Content/Controls/ControlRig_Arrow_1mm.uasset" 325
"../../../Engine/Plugins/Animation/ControlRig/Content/Controls/ControlRig_Arrow_1mm.uexp" 326
"../../../Engine/Plugins/Animation/ControlRig/Content/Controls/ControlRig_Arrow4_solid.uasset" 327
"../../../Engine/Plugins/Animation/ControlRig/Content/Controls/ControlRig_Arrow4_solid.uexp" 328
"../../../Engine/Plugins/Animation/ControlRig/Content/Controls/ControlRig_Arrow4_3mm.uasset" 329
"../../../Engine/Plugins/Animation/ControlRig/Content/Controls/ControlRig_Arrow4_3mm.uexp" 330
"../../../Engine/Plugins/Animation/ControlRig/Content/Controls/ControlRig_Arrow4_1mm.uasset" 331
"../../../Engine/Plugins/Animation/ControlRig/Content/Controls/ControlRig_Arrow4_1mm.uexp" 332
"../../../Engine/Plugins/Animation/ControlRig/Content/Controls/ControlRig_Arrow2_solid.uasset" 333
"../../../Engine/Plugins/Animation/ControlRig/Content/Controls/ControlRig_Arrow2_solid.uexp" 334
"../../../Engine/Plugins/Animation/ControlRig/Content/Controls/ControlRig_Arrow2_3mm.uasset" 335
"../../../Engine/Plugins/Animation/ControlRig/Content/Controls/ControlRig_Arrow2_3mm.uexp" 336
"../../../Engine/Plugins/Animation/ControlRig/Content/Controls/ControlRig_Arrow2_1mm.uasset" 337
"../../../Engine/Plugins/Animation/ControlRig/Content/Controls/ControlRig_Arrow2_1mm.uexp" 338
"../../../Engine/Plugins/Animation/ControlRig/Content/Controls/ControlRigGizmoMaterial.uasset" 339
"../../../Engine/Plugins/Animation/ControlRig/Content/Controls/ControlRigGizmoMaterial.uexp" 340
"../../../Engine/Plugins/Editor/SpeedTreeImporter/Content/SpeedTree9/game_wind_noise.ubulk" 341
"../../../Engine/Plugins/Editor/SpeedTreeImporter/Content/SpeedTree9/game_wind_noise.uasset" 342
"../../../Engine/Plugins/Editor/SpeedTreeImporter/Content/SpeedTree9/game_wind_noise.uexp" 343
"../../../Engine/Plugins/Editor/SpeedTreeImporter/Content/SpeedTree9/UnpackDirection.uasset" 344
"../../../Engine/Plugins/Editor/SpeedTreeImporter/Content/SpeedTree9/UnpackDirection.uexp" 345
"../../../Engine/Content/Functions/Engine_MaterialFunctions02/ObjectLocalBounds.uasset" 346
"../../../Engine/Content/Functions/Engine_MaterialFunctions02/ObjectLocalBounds.uexp" 347
"../../../Engine/Content/Functions/Engine_MaterialFunctions02/UVs/BoundingBoxBased_0-1_UVW.uasset" 348
"../../../Engine/Content/Functions/Engine_MaterialFunctions02/UVs/BoundingBoxBased_0-1_UVW.uexp" 349
"../../../Engine/Content/Functions/Engine_MaterialFunctions02/Utility/VectorLength.uasset" 350
"../../../Engine/Content/Functions/Engine_MaterialFunctions02/Utility/VectorLength.uexp" 351
"../../../Engine/Plugins/Editor/SpeedTreeImporter/Content/SpeedTree9/UnpackInteger3.uasset" 352
"../../../Engine/Plugins/Editor/SpeedTreeImporter/Content/SpeedTree9/UnpackInteger3.uexp" 353
"../../../Engine/Plugins/Editor/SpeedTreeImporter/Content/SpeedTree9/SpeedTreeCameraFacing.uasset" 354
"../../../Engine/Plugins/Editor/SpeedTreeImporter/Content/SpeedTree9/SpeedTreeCameraFacing.uexp" 355
"../../../Engine/Content/Functions/Engine_MaterialFunctions02/WorldPositionOffset/ObjectScale.uasset" 356
"../../../Engine/Content/Functions/Engine_MaterialFunctions02/WorldPositionOffset/ObjectScale.uexp" 357
"../../../Engine/Content/Functions/Engine_MaterialFunctions02/SafeNormalize.uasset" 358
"../../../Engine/Content/Functions/Engine_MaterialFunctions02/SafeNormalize.uexp" 359
"../../../Engine/Plugins/Editor/SpeedTreeImporter/Content/SpeedTree9/SpeedTreeWindMotion.uasset" 360
"../../../Engine/Plugins/Editor/SpeedTreeImporter/Content/SpeedTree9/SpeedTreeWindMotion.uexp" 361
"../../../Engine/Plugins/Editor/SpeedTreeImporter/Content/SpeedTree9/SpeedTreeBranchMotion.uasset" 362
"../../../Engine/Plugins/Editor/SpeedTreeImporter/Content/SpeedTree9/SpeedTreeBranchMotion.uexp" 363
"../../../Engine/Plugins/Editor/SpeedTreeImporter/Content/SpeedTree9/SpeedTreeWind.uasset" 364
"../../../Engine/Plugins/Editor/SpeedTreeImporter/Content/SpeedTree9/SpeedTreeWind.uexp" 365
"../../../Engine/Plugins/Editor/SpeedTreeImporter/Content/SpeedTree9/EmptyNormal.uasset" 366
"../../../Engine/Plugins/Editor/SpeedTreeImporter/Content/SpeedTree9/EmptyNormal.uexp" 367
"../../../Engine/Plugins/Editor/SpeedTreeImporter/Content/SpeedTree9/Empty.uasset" 368
"../../../Engine/Plugins/Editor/SpeedTreeImporter/Content/SpeedTree9/Empty.uexp" 369
"../../../Engine/Plugins/Editor/SpeedTreeImporter/Content/SpeedTree9/SpeedTreeMaster.uasset" 370
"../../../Engine/Plugins/Editor/SpeedTreeImporter/Content/SpeedTree9/SpeedTreeMaster.uexp" 371
"../../../Engine/Plugins/Editor/SpeedTreeImporter/Content/SpeedTree9/SpeedTreeBillboard.uasset" 372
"../../../Engine/Plugins/Editor/SpeedTreeImporter/Content/SpeedTree9/SpeedTreeBillboard.uexp" 373
"../../../Engine/Plugins/Editor/SpeedTreeImporter/Content/SpeedTree9/SpeedTreeBillboardMaster.uasset" 374
"../../../Engine/Plugins/Editor/SpeedTreeImporter/Content/SpeedTree9/SpeedTreeBillboardMaster.uexp" 375
"../../../Engine/Plugins/Runtime/HairStrands/Content/Materials/HairMeshesDefaultMaterial.uasset" 376
"../../../Engine/Plugins/Runtime/HairStrands/Content/Materials/HairMeshesDefaultMaterial.uexp" 377
"../../../Engine/Plugins/Runtime/HairStrands/Content/Materials/HairDefaultMaterial.uasset" 378
"../../../Engine/Plugins/Runtime/HairStrands/Content/Materials/HairDefaultMaterial.uexp" 379
"../../../Engine/Plugins/Runtime/HairStrands/Content/Materials/HairGroupColors.uasset" 380
"../../../Engine/Plugins/Runtime/HairStrands/Content/Materials/HairGroupColors.uexp" 381
"../../../Engine/Content/EngineMaterials/HairColorMap.uasset" 382
"../../../Engine/Content/EngineMaterials/HairColorMap.uexp" 383
"../../../Engine/Content/EngineMaterials/HairDebugColor.uasset" 384
"../../../Engine/Content/EngineMaterials/HairDebugColor.uexp" 385
"../../../Engine/Plugins/Runtime/HairStrands/Content/Materials/HairDebugMaterial.uasset" 386
"../../../Engine/Plugins/Runtime/HairStrands/Content/Materials/HairDebugMaterial.uexp" 387
"../../../Engine/Plugins/Runtime/HairStrands/Content/Materials/HairCardsDefaultMaterial.uasset" 388
"../../../Engine/Plugins/Runtime/HairStrands/Content/Materials/HairCardsDefaultMaterial.uexp" 389
"E:/UnrealProjets/OutrunCops/Content/_Game/GameInstance/BP_OutrunCopsInstance.uasset" 390
"E:/UnrealProjets/OutrunCops/Content/_Game/GameInstance/BP_OutrunCopsInstance.uexp" 391
"E:/UnrealProjets/OutrunCops/Content/_Game/PlayerController/BP_OutrunCopsController.uasset" 392
"E:/UnrealProjets/OutrunCops/Content/_Game/PlayerController/BP_OutrunCopsController.uexp" 393
"E:/UnrealProjets/OutrunCops/Content/_Game/Gamemodes/BP_MenuGameMode.uasset" 394
"E:/UnrealProjets/OutrunCops/Content/_Game/Gamemodes/BP_MenuGameMode.uexp" 395
"E:/UnrealProjets/OutrunCops/Content/_Game/Assets/Images/WheelIcon.ubulk" 396
"E:/UnrealProjets/OutrunCops/Content/_Game/Assets/Images/WheelIcon.uasset" 397
"E:/UnrealProjets/OutrunCops/Content/_Game/Assets/Images/WheelIcon.uexp" 398
"../../../Engine/Content/EngineFonts/Faces/RobotoTiny.uexp" 399
"../../../Engine/Content/EngineFonts/Faces/RobotoTiny.uasset" 400
"../../../Engine/Content/EngineFonts/Faces/RobotoTiny.ufont" 401
"../../../Engine/Content/EngineFonts/RobotoTiny.uasset" 402
"../../../Engine/Content/EngineFonts/RobotoTiny.uexp" 403
"E:/UnrealProjets/OutrunCops/Content/_Game/Assets/Player_Vehicles/Polo/Materials/M_Polo_Tire.uasset" 404
"E:/UnrealProjets/OutrunCops/Content/_Game/Assets/Player_Vehicles/Polo/Materials/M_Polo_Tire.uexp" 405
"E:/UnrealProjets/OutrunCops/Content/_Game/Assets/Player_Vehicles/Polo/Materials/M_Polo_LightsRear.uasset" 406
"E:/UnrealProjets/OutrunCops/Content/_Game/Assets/Player_Vehicles/Polo/Materials/M_Polo_LightsRear.uexp" 407
"E:/UnrealProjets/OutrunCops/Content/_Game/Assets/Player_Vehicles/ModifyParts/Wheels/Wariant001_Wheel.uasset" 408
"E:/UnrealProjets/OutrunCops/Content/_Game/Assets/Player_Vehicles/ModifyParts/Wheels/Wariant001_Wheel.uexp" 409
"E:/UnrealProjets/OutrunCops/Content/_Game/Assets/Images/TopLines.uasset" 410
"E:/UnrealProjets/OutrunCops/Content/_Game/Assets/Images/TopLines.uexp" 411
"E:/UnrealProjets/OutrunCops/Content/_Game/Assets/Player_Vehicles/Polo/Materials/M_Polo_Rim.uasset" 412
"E:/UnrealProjets/OutrunCops/Content/_Game/Assets/Player_Vehicles/Polo/Materials/M_Polo_Rim.uexp" 413
"E:/UnrealProjets/OutrunCops/Content/_Game/Assets/Player_Vehicles/ModifyParts/Wheels/SM_Basic_Wheel.uasset" 414
"E:/UnrealProjets/OutrunCops/Content/_Game/Assets/Player_Vehicles/ModifyParts/Wheels/SM_Basic_Wheel.uexp" 415
"E:/UnrealProjets/OutrunCops/Content/_Game/Materials/VehicleMaterials/M_Blue.uasset" 416
"E:/UnrealProjets/OutrunCops/Content/_Game/Materials/VehicleMaterials/M_Blue.uexp" 417
"E:/UnrealProjets/OutrunCops/Content/_Game/Materials/VehicleMaterials/M_Black.uasset" 418
"E:/UnrealProjets/OutrunCops/Content/_Game/Materials/VehicleMaterials/M_Black.uexp" 419
"E:/UnrealProjets/OutrunCops/Content/_Game/Assets/Player_Vehicles/ModifyParts/Wheels/Wariant002_Wheel.uasset" 420
"E:/UnrealProjets/OutrunCops/Content/_Game/Assets/Player_Vehicles/ModifyParts/Wheels/Wariant002_Wheel.uexp" 421
"E:/UnrealProjets/OutrunCops/Content/_Game/Materials/VehicleMaterials/M_Blinker.uasset" 422
"E:/UnrealProjets/OutrunCops/Content/_Game/Materials/VehicleMaterials/M_Blinker.uexp" 423
"E:/UnrealProjets/OutrunCops/Content/_Game/Assets/Images/BrushIcon.ubulk" 424
"E:/UnrealProjets/OutrunCops/Content/_Game/Assets/Images/BrushIcon.uasset" 425
"E:/UnrealProjets/OutrunCops/Content/_Game/Assets/Images/BrushIcon.uexp" 426
"E:/UnrealProjets/OutrunCops/Content/_Game/Assets/Images/GarageIcon.ubulk" 427
"E:/UnrealProjets/OutrunCops/Content/_Game/Assets/Images/GarageIcon.uasset" 428
"E:/UnrealProjets/OutrunCops/Content/_Game/Assets/Images/GarageIcon.uexp" 429
"E:/UnrealProjets/OutrunCops/Content/_Game/HUD/WBP_Upgrade.uasset" 430
"E:/UnrealProjets/OutrunCops/Content/_Game/HUD/WBP_Upgrade.uexp" 431
"E:/UnrealProjets/OutrunCops/Content/_Game/Materials/colorpallette2.uasset" 432
"E:/UnrealProjets/OutrunCops/Content/_Game/Materials/colorpallette2.uexp" 433
"E:/UnrealProjets/OutrunCops/Content/_Game/Materials/M_ColorPallete.uasset" 434
"E:/UnrealProjets/OutrunCops/Content/_Game/Materials/M_ColorPallete.uexp" 435
"E:/UnrealProjets/OutrunCops/Content/_Game/Assets/Environment/Garage/M_Garage_EngineCrane.uasset" 436
"E:/UnrealProjets/OutrunCops/Content/_Game/Assets/Environment/Garage/M_Garage_EngineCrane.uexp" 437
"E:/UnrealProjets/OutrunCops/Content/_Game/CameraShake/BP_CameraShake.uasset" 438
"E:/UnrealProjets/OutrunCops/Content/_Game/CameraShake/BP_CameraShake.uexp" 439
"E:/UnrealProjets/OutrunCops/Content/_Game/Assets/Player_Vehicles/Polo/BP_Polo_WheelFront.uasset" 440
"E:/UnrealProjets/OutrunCops/Content/_Game/Assets/Player_Vehicles/Polo/BP_Polo_WheelFront.uexp" 441
"E:/UnrealProjets/OutrunCops/Content/_Game/Assets/Player_Vehicles/Polo/Materials/M_Polo_Secondary.uasset" 442
"E:/UnrealProjets/OutrunCops/Content/_Game/Assets/Player_Vehicles/Polo/Materials/M_Polo_Secondary.uexp" 443
"E:/UnrealProjets/OutrunCops/Content/_Game/Assets/Player_Vehicles/Polo/Parts/SM_Polo_BumperRear.uasset" 444
"E:/UnrealProjets/OutrunCops/Content/_Game/Assets/Player_Vehicles/Polo/Parts/SM_Polo_BumperRear.uexp" 445
"E:/UnrealProjets/OutrunCops/Content/_Game/Assets/Player_Vehicles/Polo/Materials/M_Polo_Primary.uasset" 446
"E:/UnrealProjets/OutrunCops/Content/_Game/Assets/Player_Vehicles/Polo/Materials/M_Polo_Primary.uexp" 447
"E:/UnrealProjets/OutrunCops/Content/_Game/Assets/Player_Vehicles/Polo/Parts/SM_Polo_BumperFront.uasset" 448
"E:/UnrealProjets/OutrunCops/Content/_Game/Assets/Player_Vehicles/Polo/Parts/SM_Polo_BumperFront.uexp" 449
"E:/UnrealProjets/OutrunCops/Content/_Game/Assets/Player_Vehicles/Polo/BP_Polo_WheelRear.uasset" 450
"E:/UnrealProjets/OutrunCops/Content/_Game/Assets/Player_Vehicles/Polo/BP_Polo_WheelRear.uexp" 451
"E:/UnrealProjets/OutrunCops/Content/_Game/Assets/Fonts/Pacifico-Regular.uexp" 452
"E:/UnrealProjets/OutrunCops/Content/_Game/Assets/Fonts/Pacifico-Regular.uasset" 453
"E:/UnrealProjets/OutrunCops/Content/_Game/Assets/Fonts/Pacifico-Regular.ufont" 454
"E:/UnrealProjets/OutrunCops/Content/_Game/Assets/Fonts/Pacifico-Regular_Font.uasset" 455
"E:/UnrealProjets/OutrunCops/Content/_Game/Assets/Fonts/Pacifico-Regular_Font.uexp" 456
"E:/UnrealProjets/OutrunCops/Content/_Game/HUD/WBP_Vehicle.uasset" 457
"E:/UnrealProjets/OutrunCops/Content/_Game/HUD/WBP_Vehicle.uexp" 458
"E:/UnrealProjets/OutrunCops/Content/_Game/Assets/Player_Vehicles/Polo/Polo_Skeleton.uasset" 459
"E:/UnrealProjets/OutrunCops/Content/_Game/Assets/Player_Vehicles/Polo/Polo_Skeleton.uexp" 460
"E:/UnrealProjets/OutrunCops/Content/_Game/Assets/Player_Vehicles/Polo/ABP_Polo.uasset" 461
"E:/UnrealProjets/OutrunCops/Content/_Game/Assets/Player_Vehicles/Polo/ABP_Polo.uexp" 462
"E:/UnrealProjets/OutrunCops/Content/_Game/Assets/Player_Vehicles/Polo/Parts/SM_Polo_Hood.uasset" 463
"E:/UnrealProjets/OutrunCops/Content/_Game/Assets/Player_Vehicles/Polo/Parts/SM_Polo_Hood.uexp" 464
"E:/UnrealProjets/OutrunCops/Content/_Game/Assets/Player_Vehicles/Polo/Materials/M_Polo_LightsFront.uasset" 465
"E:/UnrealProjets/OutrunCops/Content/_Game/Assets/Player_Vehicles/Polo/Materials/M_Polo_LightsFront.uexp" 466
"E:/UnrealProjets/OutrunCops/Content/_Game/Assets/Player_Vehicles/Polo/Polo_PhysicsAsset.uasset" 467
"E:/UnrealProjets/OutrunCops/Content/_Game/Assets/Player_Vehicles/Polo/Polo_PhysicsAsset.uexp" 468
"E:/UnrealProjets/OutrunCops/Content/_Game/Assets/Player_Vehicles/Polo/Materials/M_Polo_Window.uasset" 469
"E:/UnrealProjets/OutrunCops/Content/_Game/Assets/Player_Vehicles/Polo/Materials/M_Polo_Window.uexp" 470
"E:/UnrealProjets/OutrunCops/Content/_Game/Assets/Player_Vehicles/Polo/Polo.uasset" 471
"E:/UnrealProjets/OutrunCops/Content/_Game/Assets/Player_Vehicles/Polo/Polo.uexp" 472
"E:/UnrealProjets/OutrunCops/Content/_Game/Player/BP_Polo.uasset" 473
"E:/UnrealProjets/OutrunCops/Content/_Game/Player/BP_Polo.uexp" 474
"E:/UnrealProjets/OutrunCops/Content/_Game/Assets/Environment/Garage/M_Garage_GarageDoor.uasset" 475
"E:/UnrealProjets/OutrunCops/Content/_Game/Assets/Environment/Garage/M_Garage_GarageDoor.uexp" 476
"E:/UnrealProjets/OutrunCops/Content/_Game/Assets/Images/WrenchIcon.ubulk" 477
"E:/UnrealProjets/OutrunCops/Content/_Game/Assets/Images/WrenchIcon.uasset" 478
"E:/UnrealProjets/OutrunCops/Content/_Game/Assets/Images/WrenchIcon.uexp" 479
"E:/UnrealProjets/OutrunCops/Content/_Game/Assets/Images/OptionsIcon.ubulk" 480
"E:/UnrealProjets/OutrunCops/Content/_Game/Assets/Images/OptionsIcon.uasset" 481
"E:/UnrealProjets/OutrunCops/Content/_Game/Assets/Images/OptionsIcon.uexp" 482
"E:/UnrealProjets/OutrunCops/Content/_Game/Assets/Images/ArrowIcon.ubulk" 483
"E:/UnrealProjets/OutrunCops/Content/_Game/Assets/Images/ArrowIcon.uasset" 484
"E:/UnrealProjets/OutrunCops/Content/_Game/Assets/Images/ArrowIcon.uexp" 485
"E:/UnrealProjets/OutrunCops/Content/_Game/Assets/Images/ScrewIcon.ubulk" 486
"E:/UnrealProjets/OutrunCops/Content/_Game/Assets/Images/ScrewIcon.uasset" 487
"E:/UnrealProjets/OutrunCops/Content/_Game/Assets/Images/ScrewIcon.uexp" 488
"E:/UnrealProjets/OutrunCops/Content/_Game/Assets/Images/DollarIcon.ubulk" 489
"E:/UnrealProjets/OutrunCops/Content/_Game/Assets/Images/DollarIcon.uasset" 490
"E:/UnrealProjets/OutrunCops/Content/_Game/Assets/Images/DollarIcon.uexp" 491
"E:/UnrealProjets/OutrunCops/Content/_Game/Assets/Sounds/UI/UIClick.ubulk" 492
"E:/UnrealProjets/OutrunCops/Content/_Game/Assets/Sounds/UI/UIClick.uasset" 493
"E:/UnrealProjets/OutrunCops/Content/_Game/Assets/Sounds/UI/UIClick.uexp" 494
"E:/UnrealProjets/OutrunCops/Content/_Game/Assets/Images/CartIcon.ubulk" 495
"E:/UnrealProjets/OutrunCops/Content/_Game/Assets/Images/CartIcon.uasset" 496
"E:/UnrealProjets/OutrunCops/Content/_Game/Assets/Images/CartIcon.uexp" 497
"E:/UnrealProjets/OutrunCops/Content/_Game/HUD/WBP_MainMenu.uasset" 498
"E:/UnrealProjets/OutrunCops/Content/_Game/HUD/WBP_MainMenu.uexp" 499
"E:/UnrealProjets/OutrunCops/Content/_Game/Materials/M_Emission.uasset" 500
"E:/UnrealProjets/OutrunCops/Content/_Game/Materials/M_Emission.uexp" 501
"E:/UnrealProjets/OutrunCops/Content/_Game/Assets/Environment/Garage/M_Garage_CeilingLamp.uasset" 502
"E:/UnrealProjets/OutrunCops/Content/_Game/Assets/Environment/Garage/M_Garage_CeilingLamp.uexp" 503
"E:/UnrealProjets/OutrunCops/Content/_Game/Assets/Environment/Garage/M_Garage_Workbench.uasset" 504
"E:/UnrealProjets/OutrunCops/Content/_Game/Assets/Environment/Garage/M_Garage_Workbench.uexp" 505
"E:/UnrealProjets/OutrunCops/Content/_Game/HUD/WBP_Options.uasset" 506
"E:/UnrealProjets/OutrunCops/Content/_Game/HUD/WBP_Options.uexp" 507
"E:/UnrealProjets/OutrunCops/Content/_Game/Assets/Environment/Garage/M_Garage_GarageDoor_001.uasset" 508
"E:/UnrealProjets/OutrunCops/Content/_Game/Assets/Environment/Garage/M_Garage_GarageDoor_001.uexp" 509
"E:/UnrealProjets/OutrunCops/Content/_Game/Assets/Environment/Garage/M_Garage_CeilingSupports.uasset" 510
"E:/UnrealProjets/OutrunCops/Content/_Game/Assets/Environment/Garage/M_Garage_CeilingSupports.uexp" 511
"E:/UnrealProjets/OutrunCops/Content/_Game/Assets/Environment/Garage/M_Garage_GarageWalls.uasset" 512
"E:/UnrealProjets/OutrunCops/Content/_Game/Assets/Environment/Garage/M_Garage_GarageWalls.uexp" 513
"E:/UnrealProjets/OutrunCops/Content/_Game/HUD/WBP_LevelSelector.uasset" 514
"E:/UnrealProjets/OutrunCops/Content/_Game/HUD/WBP_LevelSelector.uexp" 515
"E:/UnrealProjets/OutrunCops/Content/_Game/Assets/Environment/Garage/M_Garage_CarPlatform.uasset" 516
"E:/UnrealProjets/OutrunCops/Content/_Game/Assets/Environment/Garage/M_Garage_CarPlatform.uexp" 517
"E:/UnrealProjets/OutrunCops/Content/_Game/Assets/Enemies_Vehicles/FordExp/Materials/M_Secondary.uasset" 518
"E:/UnrealProjets/OutrunCops/Content/_Game/Assets/Enemies_Vehicles/FordExp/Materials/M_Secondary.uexp" 519
"E:/UnrealProjets/OutrunCops/Content/_Game/Assets/Enemies_Vehicles/FordExp/Materials/M_Primary.uasset" 520
"E:/UnrealProjets/OutrunCops/Content/_Game/Assets/Enemies_Vehicles/FordExp/Materials/M_Primary.uexp" 521
"E:/UnrealProjets/OutrunCops/Content/_Game/Assets/Player_Vehicles/Subaru/Parts/SM_Subaru_BumperRear.uasset" 522
"E:/UnrealProjets/OutrunCops/Content/_Game/Assets/Player_Vehicles/Subaru/Parts/SM_Subaru_BumperRear.uexp" 523
"E:/UnrealProjets/OutrunCops/Content/_Game/Assets/Enemies_Vehicles/FordExp/Materials/M_WheelTrim.uasset" 524
"E:/UnrealProjets/OutrunCops/Content/_Game/Assets/Enemies_Vehicles/FordExp/Materials/M_WheelTrim.uexp" 525
"E:/UnrealProjets/OutrunCops/Content/_Game/Assets/Player_Vehicles/Subaru/Parts/SM_Subaru_Engine.uasset" 526
"E:/UnrealProjets/OutrunCops/Content/_Game/Assets/Player_Vehicles/Subaru/Parts/SM_Subaru_Engine.uexp" 527
"E:/UnrealProjets/OutrunCops/Content/_Game/Assets/Player_Vehicles/Subaru/BP_Subaru_WheelRear.uasset" 528
"E:/UnrealProjets/OutrunCops/Content/_Game/Assets/Player_Vehicles/Subaru/BP_Subaru_WheelRear.uexp" 529
"E:/UnrealProjets/OutrunCops/Content/_Game/Assets/Player_Vehicles/Subaru/Materials/M_Subaru_Primary.uasset" 530
"E:/UnrealProjets/OutrunCops/Content/_Game/Assets/Player_Vehicles/Subaru/Materials/M_Subaru_Primary.uexp" 531
"E:/UnrealProjets/OutrunCops/Content/_Game/Assets/Player_Vehicles/Subaru/Parts/SM_Subaru_FenderL.uasset" 532
"E:/UnrealProjets/OutrunCops/Content/_Game/Assets/Player_Vehicles/Subaru/Parts/SM_Subaru_FenderL.uexp" 533
"E:/UnrealProjets/OutrunCops/Content/_Game/Assets/Player_Vehicles/Subaru/Parts/SM_Subaru_FrontLightL.uasset" 534
"E:/UnrealProjets/OutrunCops/Content/_Game/Assets/Player_Vehicles/Subaru/Parts/SM_Subaru_FrontLightL.uexp" 535
"E:/UnrealProjets/OutrunCops/Content/_Game/Assets/Player_Vehicles/Subaru/Subaru_Skeleton.uasset" 536
"E:/UnrealProjets/OutrunCops/Content/_Game/Assets/Player_Vehicles/Subaru/Subaru_Skeleton.uexp" 537
"E:/UnrealProjets/OutrunCops/Content/_Game/Assets/Enemies_Vehicles/FordExp/Materials/M_Window.uasset" 538
"E:/UnrealProjets/OutrunCops/Content/_Game/Assets/Enemies_Vehicles/FordExp/Materials/M_Window.uexp" 539
"E:/UnrealProjets/OutrunCops/Content/_Game/Assets/Player_Vehicles/Subaru/Subaru_PhysicsAsset.uasset" 540
"E:/UnrealProjets/OutrunCops/Content/_Game/Assets/Player_Vehicles/Subaru/Subaru_PhysicsAsset.uexp" 541
"E:/UnrealProjets/OutrunCops/Content/_Game/Assets/Player_Vehicles/Subaru/Subaru.uasset" 542
"E:/UnrealProjets/OutrunCops/Content/_Game/Assets/Player_Vehicles/Subaru/Subaru.uexp" 543
"E:/UnrealProjets/OutrunCops/Content/_Game/Assets/Player_Vehicles/Subaru/Parts/SM_Subaru_MirrorR.uasset" 544
"E:/UnrealProjets/OutrunCops/Content/_Game/Assets/Player_Vehicles/Subaru/Parts/SM_Subaru_MirrorR.uexp" 545
"E:/UnrealProjets/OutrunCops/Content/_Game/Assets/Player_Vehicles/Subaru/Parts/SM_SubaruTrunk.uasset" 546
"E:/UnrealProjets/OutrunCops/Content/_Game/Assets/Player_Vehicles/Subaru/Parts/SM_SubaruTrunk.uexp" 547
"E:/UnrealProjets/OutrunCops/Content/_Game/Assets/Player_Vehicles/Subaru/Parts/SM_Subaru_BackLightR.uasset" 548
"E:/UnrealProjets/OutrunCops/Content/_Game/Assets/Player_Vehicles/Subaru/Parts/SM_Subaru_BackLightR.uexp" 549
"E:/UnrealProjets/OutrunCops/Content/_Game/Assets/Player_Vehicles/Subaru/Parts/SM_Subaru_MirrorL.uasset" 550
"E:/UnrealProjets/OutrunCops/Content/_Game/Assets/Player_Vehicles/Subaru/Parts/SM_Subaru_MirrorL.uexp" 551
"E:/UnrealProjets/OutrunCops/Content/_Game/Assets/Player_Vehicles/Subaru/Parts/SM_Subaru_BackWing.uasset" 552
"E:/UnrealProjets/OutrunCops/Content/_Game/Assets/Player_Vehicles/Subaru/Parts/SM_Subaru_BackWing.uexp" 553
"E:/UnrealProjets/OutrunCops/Content/_Game/Assets/Player_Vehicles/Subaru/BP_Subaru_WheelFront.uasset" 554
"E:/UnrealProjets/OutrunCops/Content/_Game/Assets/Player_Vehicles/Subaru/BP_Subaru_WheelFront.uexp" 555
"E:/UnrealProjets/OutrunCops/Content/_Game/Assets/Player_Vehicles/Subaru/ABP_Subaru.uasset" 556
"E:/UnrealProjets/OutrunCops/Content/_Game/Assets/Player_Vehicles/Subaru/ABP_Subaru.uexp" 557
"E:/UnrealProjets/OutrunCops/Content/_Game/Assets/Player_Vehicles/Subaru/Parts/SM_Subaru_BackLightL.uasset" 558
"E:/UnrealProjets/OutrunCops/Content/_Game/Assets/Player_Vehicles/Subaru/Parts/SM_Subaru_BackLightL.uexp" 559
"E:/UnrealProjets/OutrunCops/Content/_Game/Assets/Player_Vehicles/Subaru/Parts/SM_SubaruHood_002.uasset" 560
"E:/UnrealProjets/OutrunCops/Content/_Game/Assets/Player_Vehicles/Subaru/Parts/SM_SubaruHood_002.uexp" 561
"E:/UnrealProjets/OutrunCops/Content/_Game/Assets/Player_Vehicles/Subaru/Parts/SM_Subaru_FrontLightR.uasset" 562
"E:/UnrealProjets/OutrunCops/Content/_Game/Assets/Player_Vehicles/Subaru/Parts/SM_Subaru_FrontLightR.uexp" 563
"E:/UnrealProjets/OutrunCops/Content/_Game/Assets/Player_Vehicles/Subaru/Parts/SM_Subaru_FenderR.uasset" 564
"E:/UnrealProjets/OutrunCops/Content/_Game/Assets/Player_Vehicles/Subaru/Parts/SM_Subaru_FenderR.uexp" 565
"E:/UnrealProjets/OutrunCops/Content/_Game/Assets/Player_Vehicles/Subaru/Parts/SM_Subaru_BumperFront.uasset" 566
"E:/UnrealProjets/OutrunCops/Content/_Game/Assets/Player_Vehicles/Subaru/Parts/SM_Subaru_BumperFront.uexp" 567
"E:/UnrealProjets/OutrunCops/Content/_Game/Player/BP_Subaru.uasset" 568
"E:/UnrealProjets/OutrunCops/Content/_Game/Player/BP_Subaru.uexp" 569
"E:/UnrealProjets/OutrunCops/Content/_Game/Assets/Player_Vehicles/Mustang/Mustang_Skeleton.uasset" 570
"E:/UnrealProjets/OutrunCops/Content/_Game/Assets/Player_Vehicles/Mustang/Mustang_Skeleton.uexp" 571
"E:/UnrealProjets/OutrunCops/Content/_Game/Assets/Player_Vehicles/Mustang/ABP_Mustang.uasset" 572
"E:/UnrealProjets/OutrunCops/Content/_Game/Assets/Player_Vehicles/Mustang/ABP_Mustang.uexp" 573
"../../../Engine/Content/EngineMaterials/Widget3DPassThrough_Translucent.uasset" 574
"../../../Engine/Content/EngineMaterials/Widget3DPassThrough_Translucent.uexp" 575
"../../../Engine/Content/EngineMaterials/Widget3DPassThrough_Translucent_OneSided.uasset" 576
"../../../Engine/Content/EngineMaterials/Widget3DPassThrough_Translucent_OneSided.uexp" 577
"E:/UnrealProjets/OutrunCops/Content/_Game/Assets/Player_Vehicles/Mustang/BP_Mustang_WheelRear.uasset" 578
"E:/UnrealProjets/OutrunCops/Content/_Game/Assets/Player_Vehicles/Mustang/BP_Mustang_WheelRear.uexp" 579
"E:/UnrealProjets/OutrunCops/Content/_Game/Assets/Player_Vehicles/Mustang/BP_Mustang_WheelFront.uasset" 580
"E:/UnrealProjets/OutrunCops/Content/_Game/Assets/Player_Vehicles/Mustang/BP_Mustang_WheelFront.uexp" 581
"E:/UnrealProjets/OutrunCops/Content/_Game/Assets/Player_Vehicles/Mustang/Materials/M_Mustang_Secondary.uasset" 582
"E:/UnrealProjets/OutrunCops/Content/_Game/Assets/Player_Vehicles/Mustang/Materials/M_Mustang_Secondary.uexp" 583
"E:/UnrealProjets/OutrunCops/Content/_Game/Assets/Player_Vehicles/Mustang/Parts/SM_Mustang_BumperRear.uasset" 584
"E:/UnrealProjets/OutrunCops/Content/_Game/Assets/Player_Vehicles/Mustang/Parts/SM_Mustang_BumperRear.uexp" 585
"E:/UnrealProjets/OutrunCops/Content/_Game/Assets/Player_Vehicles/Mustang/Materials/M_Mustang_Primary.uasset" 586
"E:/UnrealProjets/OutrunCops/Content/_Game/Assets/Player_Vehicles/Mustang/Materials/M_Mustang_Primary.uexp" 587
"E:/UnrealProjets/OutrunCops/Content/_Game/Assets/Player_Vehicles/Mustang/Parts/SM_Mustang_BumperFront.uasset" 588
"E:/UnrealProjets/OutrunCops/Content/_Game/Assets/Player_Vehicles/Mustang/Parts/SM_Mustang_BumperFront.uexp" 589
"E:/UnrealProjets/OutrunCops/Content/_Game/Assets/Player_Vehicles/Mustang/Parts/SM_Mustang_Trunk.uasset" 590
"E:/UnrealProjets/OutrunCops/Content/_Game/Assets/Player_Vehicles/Mustang/Parts/SM_Mustang_Trunk.uexp" 591
"E:/UnrealProjets/OutrunCops/Content/_Game/Assets/Player_Vehicles/Mustang/Mustang_PhysicsAsset.uasset" 592
"E:/UnrealProjets/OutrunCops/Content/_Game/Assets/Player_Vehicles/Mustang/Mustang_PhysicsAsset.uexp" 593
"E:/UnrealProjets/OutrunCops/Content/_Game/Assets/Player_Vehicles/Mustang/Materials/M_Mustang_LightsRear.uasset" 594
"E:/UnrealProjets/OutrunCops/Content/_Game/Assets/Player_Vehicles/Mustang/Materials/M_Mustang_LightsRear.uexp" 595
"E:/UnrealProjets/OutrunCops/Content/_Game/Assets/Player_Vehicles/Mustang/Materials/M_Mustang_Window.uasset" 596
"E:/UnrealProjets/OutrunCops/Content/_Game/Assets/Player_Vehicles/Mustang/Materials/M_Mustang_Window.uexp" 597
"E:/UnrealProjets/OutrunCops/Content/_Game/Assets/Player_Vehicles/Mustang/Materials/M_Mustang_LightsFront.uasset" 598
"E:/UnrealProjets/OutrunCops/Content/_Game/Assets/Player_Vehicles/Mustang/Materials/M_Mustang_LightsFront.uexp" 599
"E:/UnrealProjets/OutrunCops/Content/_Game/Assets/Player_Vehicles/Mustang/Mustang.uasset" 600
"E:/UnrealProjets/OutrunCops/Content/_Game/Assets/Player_Vehicles/Mustang/Mustang.uexp" 601
"E:/UnrealProjets/OutrunCops/Content/_Game/Assets/Player_Vehicles/Mustang/Parts/SM_Mustang_MirrorRight.uasset" 602
"E:/UnrealProjets/OutrunCops/Content/_Game/Assets/Player_Vehicles/Mustang/Parts/SM_Mustang_MirrorRight.uexp" 603
"E:/UnrealProjets/OutrunCops/Content/_Game/Assets/Player_Vehicles/Mustang/Parts/SM_Mustang_MirrorLeft.uasset" 604
"E:/UnrealProjets/OutrunCops/Content/_Game/Assets/Player_Vehicles/Mustang/Parts/SM_Mustang_MirrorLeft.uexp" 605
"E:/UnrealProjets/OutrunCops/Content/_Game/Assets/Player_Vehicles/Mustang/Parts/SM_Mustang_Hood.uasset" 606
"E:/UnrealProjets/OutrunCops/Content/_Game/Assets/Player_Vehicles/Mustang/Parts/SM_Mustang_Hood.uexp" 607
"E:/UnrealProjets/OutrunCops/Content/_Game/Player/BP_Mustang.uasset" 608
"E:/UnrealProjets/OutrunCops/Content/_Game/Player/BP_Mustang.uexp" 609
"E:/UnrealProjets/OutrunCops/Content/_Game/Assets/Environment/Garage/M_Garage_Went.uasset" 610
"E:/UnrealProjets/OutrunCops/Content/_Game/Assets/Environment/Garage/M_Garage_Went.uexp" 611
"E:/UnrealProjets/OutrunCops/Content/_Game/Garage/BP_Garage.uasset" 612
"E:/UnrealProjets/OutrunCops/Content/_Game/Garage/BP_Garage.uexp" 613
"../../../Engine/Content/EngineSky/T_Sky_Stars.ubulk" 614
"../../../Engine/Content/EngineSky/T_Sky_Stars.uasset" 615
"../../../Engine/Content/EngineSky/T_Sky_Stars.uexp" 616
"../../../Engine/Content/EngineSky/T_Sky_Clouds_M.ubulk" 617
"../../../Engine/Content/EngineSky/T_Sky_Clouds_M.uasset" 618
"../../../Engine/Content/EngineSky/T_Sky_Clouds_M.uexp" 619
"../../../Engine/Content/EngineSky/T_Sky_Blue.ubulk" 620
"../../../Engine/Content/EngineSky/T_Sky_Blue.uasset" 621
"../../../Engine/Content/EngineSky/T_Sky_Blue.uexp" 622
"../../../Engine/Content/EngineSky/M_Sky_Panning_Clouds2.uasset" 623
"../../../Engine/Content/EngineSky/M_Sky_Panning_Clouds2.uexp" 624
"../../../Engine/Content/EngineSky/SM_SkySphere.uasset" 625
"../../../Engine/Content/EngineSky/SM_SkySphere.uexp" 626
"E:/UnrealProjets/OutrunCops/Content/_Game/Assets/Sounds/Garage/GarageAmbient.ubulk" 627
"E:/UnrealProjets/OutrunCops/Content/_Game/Assets/Sounds/Garage/GarageAmbient.uasset" 628
"E:/UnrealProjets/OutrunCops/Content/_Game/Assets/Sounds/Garage/GarageAmbient.uexp" 629
"E:/UnrealProjets/OutrunCops/Content/_Game/Assets/Sounds/Garage/RatchetNoise.ubulk" 630
"E:/UnrealProjets/OutrunCops/Content/_Game/Assets/Sounds/Garage/RatchetNoise.uasset" 631
"E:/UnrealProjets/OutrunCops/Content/_Game/Assets/Sounds/Garage/RatchetNoise.uexp" 632
"E:/UnrealProjets/OutrunCops/Content/_Game/Assets/Sounds/Garage/PipeNoise.ubulk" 633
"E:/UnrealProjets/OutrunCops/Content/_Game/Assets/Sounds/Garage/PipeNoise.uasset" 634
"E:/UnrealProjets/OutrunCops/Content/_Game/Assets/Sounds/Garage/PipeNoise.uexp" 635
"E:/UnrealProjets/OutrunCops/Content/_Game/Assets/Sounds/Garage/ToolsSearching.ubulk" 636
"E:/UnrealProjets/OutrunCops/Content/_Game/Assets/Sounds/Garage/ToolsSearching.uasset" 637
"E:/UnrealProjets/OutrunCops/Content/_Game/Assets/Sounds/Garage/ToolsSearching.uexp" 638
"E:/UnrealProjets/OutrunCops/Content/_Game/Assets/Sounds/Garage/CUE_GarageSoundsEffects.uasset" 639
"E:/UnrealProjets/OutrunCops/Content/_Game/Assets/Sounds/Garage/CUE_GarageSoundsEffects.uexp" 640
"E:/UnrealProjets/OutrunCops/Content/_Game/Levels/MainMenu_BuiltData.ubulk" 641
"E:/UnrealProjets/OutrunCops/Content/_Game/Levels/MainMenu_BuiltData.uasset" 642
"E:/UnrealProjets/OutrunCops/Content/_Game/Levels/MainMenu_BuiltData.uexp" 643
"E:/UnrealProjets/OutrunCops/Content/_Game/Levels/MainMenu.uexp" 644
"E:/UnrealProjets/OutrunCops/Content/_Game/Levels/MainMenu.umap" 645
"E:/UnrealProjets/OutrunCops/Content/_Game/HUD/WBP_Pause.uasset" 646
"E:/UnrealProjets/OutrunCops/Content/_Game/HUD/WBP_Pause.uexp" 647
"E:/UnrealProjets/OutrunCops/Content/_Game/Cutscenes/BP_DesertCutsceneCamera.uasset" 648
"E:/UnrealProjets/OutrunCops/Content/_Game/Cutscenes/BP_DesertCutsceneCamera.uexp" 649
"E:/UnrealProjets/OutrunCops/Content/_Game/HUD/WBP_EndRun.uasset" 650
"E:/UnrealProjets/OutrunCops/Content/_Game/HUD/WBP_EndRun.uexp" 651
"E:/UnrealProjets/OutrunCops/Content/_Game/Assets/Images/MenuIcon.ubulk" 652
"E:/UnrealProjets/OutrunCops/Content/_Game/Assets/Images/MenuIcon.uasset" 653
"E:/UnrealProjets/OutrunCops/Content/_Game/Assets/Images/MenuIcon.uexp" 654
"E:/UnrealProjets/OutrunCops/Content/_Game/HUD/WBP_Gameplay.uasset" 655
"E:/UnrealProjets/OutrunCops/Content/_Game/HUD/WBP_Gameplay.uexp" 656
"E:/UnrealProjets/OutrunCops/Content/_Game/Assets/Enemies_Vehicles/FordExp/Materials/M_FrontLight.uasset" 657
"E:/UnrealProjets/OutrunCops/Content/_Game/Assets/Enemies_Vehicles/FordExp/Materials/M_FrontLight.uexp" 658
"E:/UnrealProjets/OutrunCops/Content/_Game/Assets/Enemies_Vehicles/FordExp/Materials/M_RedSignal.uasset" 659
"E:/UnrealProjets/OutrunCops/Content/_Game/Assets/Enemies_Vehicles/FordExp/Materials/M_RedSignal.uexp" 660
"E:/UnrealProjets/OutrunCops/Content/_Game/Assets/Enemies_Vehicles/FordExp/Materials/M_BlueSignal.uasset" 661
"E:/UnrealProjets/OutrunCops/Content/_Game/Assets/Enemies_Vehicles/FordExp/Materials/M_BlueSignal.uexp" 662
"E:/UnrealProjets/OutrunCops/Content/_Game/Assets/Enemies_Vehicles/FordExp/Parts/FordExpParts_Signal.uasset" 663
"E:/UnrealProjets/OutrunCops/Content/_Game/Assets/Enemies_Vehicles/FordExp/Parts/FordExpParts_Signal.uexp" 664
"E:/UnrealProjets/OutrunCops/Content/_Game/Assets/Enemies_Vehicles/FordExp/BP_FordExp_WheelRear.uasset" 665
"E:/UnrealProjets/OutrunCops/Content/_Game/Assets/Enemies_Vehicles/FordExp/BP_FordExp_WheelRear.uexp" 666
"E:/UnrealProjets/OutrunCops/Content/_Game/Assets/Enemies_Vehicles/FordExp/Materials/M_Wheel.uasset" 667
"E:/UnrealProjets/OutrunCops/Content/_Game/Assets/Enemies_Vehicles/FordExp/Materials/M_Wheel.uexp" 668
"E:/UnrealProjets/OutrunCops/Content/_Game/Assets/Enemies_Vehicles/FordExp/Parts/FordExpWheel.uasset" 669
"E:/UnrealProjets/OutrunCops/Content/_Game/Assets/Enemies_Vehicles/FordExp/Parts/FordExpWheel.uexp" 670
"E:/UnrealProjets/OutrunCops/Content/_Game/Assets/Enemies_Vehicles/FordExp/Parts/FordExpParts_FrontEndPushBumper.uasset" 671
"E:/UnrealProjets/OutrunCops/Content/_Game/Assets/Enemies_Vehicles/FordExp/Parts/FordExpParts_FrontEndPushBumper.uexp" 672
"E:/UnrealProjets/OutrunCops/Content/_Game/Assets/Enemies_Vehicles/FordExp/FordExpVehicle_Skeleton.uasset" 673
"E:/UnrealProjets/OutrunCops/Content/_Game/Assets/Enemies_Vehicles/FordExp/FordExpVehicle_Skeleton.uexp" 674
"E:/UnrealProjets/OutrunCops/Content/_Game/Assets/Enemies_Vehicles/FordExp/ABP_FordExplVehicle.uasset" 675
"E:/UnrealProjets/OutrunCops/Content/_Game/Assets/Enemies_Vehicles/FordExp/ABP_FordExplVehicle.uexp" 676
"E:/UnrealProjets/OutrunCops/Content/_Game/Assets/Enemies_Vehicles/FordExp/BP_FordExp_WheelFront.uasset" 677
"E:/UnrealProjets/OutrunCops/Content/_Game/Assets/Enemies_Vehicles/FordExp/BP_FordExp_WheelFront.uexp" 678
"E:/UnrealProjets/OutrunCops/Content/_Game/Assets/Enemies_Vehicles/FordExp/Materials/M_BackLight.uasset" 679
"E:/UnrealProjets/OutrunCops/Content/_Game/Assets/Enemies_Vehicles/FordExp/Materials/M_BackLight.uexp" 680
"E:/UnrealProjets/OutrunCops/Content/_Game/Assets/Enemies_Vehicles/FordExp/FordExpVehicle_PhysicsAsset.uasset" 681
"E:/UnrealProjets/OutrunCops/Content/_Game/Assets/Enemies_Vehicles/FordExp/FordExpVehicle_PhysicsAsset.uexp" 682
"E:/UnrealProjets/OutrunCops/Content/_Game/Assets/Enemies_Vehicles/FordExp/FordExpVehicle.uasset" 683
"E:/UnrealProjets/OutrunCops/Content/_Game/Assets/Enemies_Vehicles/FordExp/FordExpVehicle.uexp" 684
"E:/UnrealProjets/OutrunCops/Content/_Game/Assets/Enemies_Vehicles/FordExp/Parts/FordExpParts_Mirrors.uasset" 685
"E:/UnrealProjets/OutrunCops/Content/_Game/Assets/Enemies_Vehicles/FordExp/Parts/FordExpParts_Mirrors.uexp" 686
"E:/UnrealProjets/OutrunCops/Content/_Game/Enemies/BP_FordExp.uasset" 687
"E:/UnrealProjets/OutrunCops/Content/_Game/Enemies/BP_FordExp.uexp" 688
"E:/UnrealProjets/OutrunCops/Content/_Game/Gamemodes/BP_GamplayGamemode.uasset" 689
"E:/UnrealProjets/OutrunCops/Content/_Game/Gamemodes/BP_GamplayGamemode.uexp" 690
"E:/UnrealProjets/OutrunCops/Content/_Game/Assets/Sounds/Desert/DesertAmbient.ubulk" 691
"E:/UnrealProjets/OutrunCops/Content/_Game/Assets/Sounds/Desert/DesertAmbient.uasset" 692
"E:/UnrealProjets/OutrunCops/Content/_Game/Assets/Sounds/Desert/DesertAmbient.uexp" 693
"E:/UnrealProjets/OutrunCops/Content/_Game/Assets/Environment/Levels/Desert/Tiles/SM_Desert_StraightTile.uasset" 694
"E:/UnrealProjets/OutrunCops/Content/_Game/Assets/Environment/Levels/Desert/Tiles/SM_Desert_StraightTile.uexp" 695
"E:/UnrealProjets/OutrunCops/Content/_Game/Assets/Environment/Other/SM_Toolbox.uasset" 696
"E:/UnrealProjets/OutrunCops/Content/_Game/Assets/Environment/Other/SM_Toolbox.uexp" 697
"E:/UnrealProjets/OutrunCops/Content/_Game/Pickups/BP_Pickup.uasset" 698
"E:/UnrealProjets/OutrunCops/Content/_Game/Pickups/BP_Pickup.uexp" 699
"../../../Engine/Content/Functions/Engine_MaterialFunctions02/ScreenResolution.uasset" 700
"../../../Engine/Content/Functions/Engine_MaterialFunctions02/ScreenResolution.uexp" 701
"../../../Engine/Content/EngineMaterials/Grid.ubulk" 702
"../../../Engine/Content/EngineMaterials/Grid.uasset" 703
"../../../Engine/Content/EngineMaterials/Grid.uexp" 704
"../../../Engine/Content/Functions/Engine_MaterialFunctions01/Gradient/LinearGradient.uasset" 705
"../../../Engine/Content/Functions/Engine_MaterialFunctions01/Gradient/LinearGradient.uexp" 706
"../../../Engine/Content/Functions/Engine_MaterialFunctions01/ImageAdjustment/CheapContrast.uasset" 707
"../../../Engine/Content/Functions/Engine_MaterialFunctions01/ImageAdjustment/CheapContrast.uexp" 708
"../../../Engine/Content/Functions/Engine_MaterialFunctions01/Texturing/WorldAlignedTexture.uasset" 709
"../../../Engine/Content/Functions/Engine_MaterialFunctions01/Texturing/WorldAlignedTexture.uexp" 710
"E:/UnrealProjets/OutrunCops/Content/_Game/Assets/Environment/Levels/Desert/Props/SM_Desert_Barricade_COLLISION_GeometryCollection1.uasset" 711
"E:/UnrealProjets/OutrunCops/Content/_Game/Assets/Environment/Levels/Desert/Props/SM_Desert_Barricade_COLLISION_GeometryCollection1.uexp" 712
"E:/UnrealProjets/OutrunCops/Content/_Game/Spawners/Roads/Desert/BP_PoliceBarricade.uasset" 713
"E:/UnrealProjets/OutrunCops/Content/_Game/Spawners/Roads/Desert/BP_PoliceBarricade.uexp" 714
"E:/UnrealProjets/OutrunCops/Content/_Game/Assets/Environment/Levels/Desert/Props/SM_Desert_Rock_01.uasset" 715
"E:/UnrealProjets/OutrunCops/Content/_Game/Assets/Environment/Levels/Desert/Props/SM_Desert_Rock_01.uexp" 716
"E:/UnrealProjets/OutrunCops/Content/_Game/Materials/Asphalt.uasset" 717
"E:/UnrealProjets/OutrunCops/Content/_Game/Materials/Asphalt.uexp" 718
"E:/UnrealProjets/OutrunCops/Content/_Game/Materials/M_Asphalt.uasset" 719
"E:/UnrealProjets/OutrunCops/Content/_Game/Materials/M_Asphalt.uexp" 720
"E:/UnrealProjets/OutrunCops/Content/_Game/Assets/Environment/Levels/Desert/SM_Desert_StraightRoad.uasset" 721
"E:/UnrealProjets/OutrunCops/Content/_Game/Assets/Environment/Levels/Desert/SM_Desert_StraightRoad.uexp" 722
"E:/UnrealProjets/OutrunCops/Content/_Game/Assets/Environment/Levels/Desert/Props/SM_Desert_StraightBarrier.uasset" 723
"E:/UnrealProjets/OutrunCops/Content/_Game/Assets/Environment/Levels/Desert/Props/SM_Desert_StraightBarrier.uexp" 724
"E:/UnrealProjets/OutrunCops/Content/_Game/Assets/Environment/Levels/Desert/Props/SM_Desert_Cactus.uasset" 725
"E:/UnrealProjets/OutrunCops/Content/_Game/Assets/Environment/Levels/Desert/Props/SM_Desert_Cactus.uexp" 726
"E:/UnrealProjets/OutrunCops/Content/_Game/Assets/Environment/Levels/Desert/Props/SM_Desert_Rock_06.uasset" 727
"E:/UnrealProjets/OutrunCops/Content/_Game/Assets/Environment/Levels/Desert/Props/SM_Desert_Rock_06.uexp" 728
"E:/UnrealProjets/OutrunCops/Content/_Game/Spawners/Roads/Desert/BP_Desert_Straight.uasset" 729
"E:/UnrealProjets/OutrunCops/Content/_Game/Spawners/Roads/Desert/BP_Desert_Straight.uexp" 730
"E:/UnrealProjets/OutrunCops/Content/_Game/Assets/Environment/Levels/Desert/Props/SM_Desert_Rock_03.uasset" 731
"E:/UnrealProjets/OutrunCops/Content/_Game/Assets/Environment/Levels/Desert/Props/SM_Desert_Rock_03.uexp" 732
"E:/UnrealProjets/OutrunCops/Content/_Game/Materials/M_Transparent.uasset" 733
"E:/UnrealProjets/OutrunCops/Content/_Game/Materials/M_Transparent.uexp" 734
"E:/UnrealProjets/OutrunCops/Content/_Game/Assets/Environment/Levels/Desert/SM_Desert_Turn_R.uasset" 735
"E:/UnrealProjets/OutrunCops/Content/_Game/Assets/Environment/Levels/Desert/SM_Desert_Turn_R.uexp" 736
"E:/UnrealProjets/OutrunCops/Content/_Game/Assets/Environment/Levels/Desert/HitBoxes/HB_Desert_TurnShort_R.uasset" 737
"E:/UnrealProjets/OutrunCops/Content/_Game/Assets/Environment/Levels/Desert/HitBoxes/HB_Desert_TurnShort_R.uexp" 738
"E:/UnrealProjets/OutrunCops/Content/_Game/Assets/Environment/Levels/Desert/Props/SM_Desert_TurnBarrierLong_R.uasset" 739
"E:/UnrealProjets/OutrunCops/Content/_Game/Assets/Environment/Levels/Desert/Props/SM_Desert_TurnBarrierLong_R.uexp" 740
"E:/UnrealProjets/OutrunCops/Content/_Game/Assets/Environment/Levels/Desert/Props/SM_Desert_TurnBarrierShort_R.uasset" 741
"E:/UnrealProjets/OutrunCops/Content/_Game/Assets/Environment/Levels/Desert/Props/SM_Desert_TurnBarrierShort_R.uexp" 742
"E:/UnrealProjets/OutrunCops/Content/_Game/Assets/Environment/Levels/Desert/HitBoxes/HB_Desert_TurnLong_R.uasset" 743
"E:/UnrealProjets/OutrunCops/Content/_Game/Assets/Environment/Levels/Desert/HitBoxes/HB_Desert_TurnLong_R.uexp" 744
"E:/UnrealProjets/OutrunCops/Content/_Game/Spawners/Roads/Desert/BP_Desert_Turn_R.uasset" 745
"E:/UnrealProjets/OutrunCops/Content/_Game/Spawners/Roads/Desert/BP_Desert_Turn_R.uexp" 746
"E:/UnrealProjets/OutrunCops/Content/_Game/Assets/Environment/Levels/Desert/Props/SM_Desert_GasStation.uasset" 747
"E:/UnrealProjets/OutrunCops/Content/_Game/Assets/Environment/Levels/Desert/Props/SM_Desert_GasStation.uexp" 748
"E:/UnrealProjets/OutrunCops/Content/_Game/Assets/Environment/Levels/Desert/Props/SM_Desert_Rock_05.uasset" 749
"E:/UnrealProjets/OutrunCops/Content/_Game/Assets/Environment/Levels/Desert/Props/SM_Desert_Rock_05.uexp" 750
"E:/UnrealProjets/OutrunCops/Content/_Game/Assets/Environment/Levels/Desert/Props/SM_Desert_SolarPanel.uasset" 751
"E:/UnrealProjets/OutrunCops/Content/_Game/Assets/Environment/Levels/Desert/Props/SM_Desert_SolarPanel.uexp" 752
"E:/UnrealProjets/OutrunCops/Content/_Game/Assets/Environment/Levels/Desert/Props/SM_Desert_DryBush.uasset" 753
"E:/UnrealProjets/OutrunCops/Content/_Game/Assets/Environment/Levels/Desert/Props/SM_Desert_DryBush.uexp" 754
"E:/UnrealProjets/OutrunCops/Content/_Game/Assets/Environment/Levels/Desert/Props/SM_Desert_Sattelite.uasset" 755
"E:/UnrealProjets/OutrunCops/Content/_Game/Assets/Environment/Levels/Desert/Props/SM_Desert_Sattelite.uexp" 756
"E:/UnrealProjets/OutrunCops/Content/_Game/Assets/Environment/Levels/Desert/Props/SM_Desert_Rock_02.uasset" 757
"E:/UnrealProjets/OutrunCops/Content/_Game/Assets/Environment/Levels/Desert/Props/SM_Desert_Rock_02.uexp" 758
"E:/UnrealProjets/OutrunCops/Content/_Game/Spawners/Roads/Desert/BP_Desert_GasStation.uasset" 759
"E:/UnrealProjets/OutrunCops/Content/_Game/Spawners/Roads/Desert/BP_Desert_GasStation.uexp" 760
"E:/UnrealProjets/OutrunCops/Content/_Game/Assets/Environment/Levels/Desert/Props/SM_Desert_TunnelBarrier.uasset" 761
"E:/UnrealProjets/OutrunCops/Content/_Game/Assets/Environment/Levels/Desert/Props/SM_Desert_TunnelBarrier.uexp" 762
"E:/UnrealProjets/OutrunCops/Content/_Game/Assets/Environment/Levels/Desert/Props/SM_Desert_ElecPoles.uasset" 763
"E:/UnrealProjets/OutrunCops/Content/_Game/Assets/Environment/Levels/Desert/Props/SM_Desert_ElecPoles.uexp" 764
"E:/UnrealProjets/OutrunCops/Content/_Game/Assets/Environment/Levels/Desert/HitBoxes/HB_Desert_TunnelRoad.uasset" 765
"E:/UnrealProjets/OutrunCops/Content/_Game/Assets/Environment/Levels/Desert/HitBoxes/HB_Desert_TunnelRoad.uexp" 766
"E:/UnrealProjets/OutrunCops/Content/_Game/Assets/Environment/Levels/Desert/Tiles/SM_Desert_TunnelTile.uasset" 767
"E:/UnrealProjets/OutrunCops/Content/_Game/Assets/Environment/Levels/Desert/Tiles/SM_Desert_TunnelTile.uexp" 768
"E:/UnrealProjets/OutrunCops/Content/_Game/Assets/Environment/Levels/Desert/SM_Desert_TunnelRoad.uasset" 769
"E:/UnrealProjets/OutrunCops/Content/_Game/Assets/Environment/Levels/Desert/SM_Desert_TunnelRoad.uexp" 770
"E:/UnrealProjets/OutrunCops/Content/_Game/Assets/Environment/Levels/Desert/Props/SM_Desert_TunnelShape.uasset" 771
"E:/UnrealProjets/OutrunCops/Content/_Game/Assets/Environment/Levels/Desert/Props/SM_Desert_TunnelShape.uexp" 772
"E:/UnrealProjets/OutrunCops/Content/_Game/Spawners/Roads/Desert/BP_Desert_Tunnel.uasset" 773
"E:/UnrealProjets/OutrunCops/Content/_Game/Spawners/Roads/Desert/BP_Desert_Tunnel.uexp" 774
"E:/UnrealProjets/OutrunCops/Content/_Game/Assets/Environment/Levels/Desert/SM_Desert_BridgeRoad.uasset" 775
"E:/UnrealProjets/OutrunCops/Content/_Game/Assets/Environment/Levels/Desert/SM_Desert_BridgeRoad.uexp" 776
"E:/UnrealProjets/OutrunCops/Content/_Game/Assets/Environment/Levels/Desert/HitBoxes/HB_Desert_BridgeRoad.uasset" 777
"E:/UnrealProjets/OutrunCops/Content/_Game/Assets/Environment/Levels/Desert/HitBoxes/HB_Desert_BridgeRoad.uexp" 778
"E:/UnrealProjets/OutrunCops/Content/_Game/Assets/Environment/Levels/Desert/Props/SM_Desert_Rock_04.uasset" 779
"E:/UnrealProjets/OutrunCops/Content/_Game/Assets/Environment/Levels/Desert/Props/SM_Desert_Rock_04.uexp" 780
"E:/UnrealProjets/OutrunCops/Content/_Game/Assets/Environment/Levels/Desert/Tiles/SM_Desert_BridgeWaterTile_.uasset" 781
"E:/UnrealProjets/OutrunCops/Content/_Game/Assets/Environment/Levels/Desert/Tiles/SM_Desert_BridgeWaterTile_.uexp" 782
"E:/UnrealProjets/OutrunCops/Content/_Game/Assets/Environment/Levels/Desert/Props/SM_Desert_BridgeBarrier.uasset" 783
"E:/UnrealProjets/OutrunCops/Content/_Game/Assets/Environment/Levels/Desert/Props/SM_Desert_BridgeBarrier.uexp" 784
"E:/UnrealProjets/OutrunCops/Content/_Game/Assets/Environment/Levels/Desert/Tiles/SM_Desert_BridgeTile_.uasset" 785
"E:/UnrealProjets/OutrunCops/Content/_Game/Assets/Environment/Levels/Desert/Tiles/SM_Desert_BridgeTile_.uexp" 786
"E:/UnrealProjets/OutrunCops/Content/_Game/Spawners/Roads/Desert/BP_Desert_Bridge.uasset" 787
"E:/UnrealProjets/OutrunCops/Content/_Game/Spawners/Roads/Desert/BP_Desert_Bridge.uexp" 788
"E:/UnrealProjets/OutrunCops/Content/_Game/Assets/Environment/Levels/Desert/Props/SM_Desert_TurnBarrierLong_L.uasset" 789
"E:/UnrealProjets/OutrunCops/Content/_Game/Assets/Environment/Levels/Desert/Props/SM_Desert_TurnBarrierLong_L.uexp" 790
"E:/UnrealProjets/OutrunCops/Content/_Game/Assets/Environment/Levels/Desert/Props/SM_Desert_TurnBarrierShort_L.uasset" 791
"E:/UnrealProjets/OutrunCops/Content/_Game/Assets/Environment/Levels/Desert/Props/SM_Desert_TurnBarrierShort_L.uexp" 792
"E:/UnrealProjets/OutrunCops/Content/_Game/Assets/Environment/Levels/Desert/SM_Desert_Turn_L.uasset" 793
"E:/UnrealProjets/OutrunCops/Content/_Game/Assets/Environment/Levels/Desert/SM_Desert_Turn_L.uexp" 794
"E:/UnrealProjets/OutrunCops/Content/_Game/Assets/Environment/Levels/Desert/HitBoxes/HB_Desert_TurnShort_L.uasset" 795
"E:/UnrealProjets/OutrunCops/Content/_Game/Assets/Environment/Levels/Desert/HitBoxes/HB_Desert_TurnShort_L.uexp" 796
"E:/UnrealProjets/OutrunCops/Content/_Game/Assets/Environment/Levels/Desert/HitBoxes/HB_Desert_TurnLong_L.uasset" 797
"E:/UnrealProjets/OutrunCops/Content/_Game/Assets/Environment/Levels/Desert/HitBoxes/HB_Desert_TurnLong_L.uexp" 798
"E:/UnrealProjets/OutrunCops/Content/_Game/Spawners/Roads/Desert/BP_Desert_Turn_L.uasset" 799
"E:/UnrealProjets/OutrunCops/Content/_Game/Spawners/Roads/Desert/BP_Desert_Turn_L.uexp" 800
"E:/UnrealProjets/OutrunCops/Content/_Game/Spawners/BP_DesertSpawner.uasset" 801
"E:/UnrealProjets/OutrunCops/Content/_Game/Spawners/BP_DesertSpawner.uexp" 802
"E:/UnrealProjets/OutrunCops/Content/_Game/Levels/Desert.uexp" 803
"E:/UnrealProjets/OutrunCops/Content/_Game/Levels/Desert.umap" 804
"E:/UnrealProjets/OutrunCops/Content/_Game/Assets/Environment/Levels/City/Rondo.ubulk" 805
"E:/UnrealProjets/OutrunCops/Content/_Game/Assets/Environment/Levels/City/Rondo.uasset" 806
"E:/UnrealProjets/OutrunCops/Content/_Game/Assets/Environment/Levels/City/Rondo.uexp" 807
"E:/UnrealProjets/OutrunCops/Content/_Game/Assets/Environment/Levels/City/Rodno.uasset" 808
"E:/UnrealProjets/OutrunCops/Content/_Game/Assets/Environment/Levels/City/Rodno.uexp" 809
"E:/UnrealProjets/OutrunCops/Content/_Game/Assets/Environment/Levels/City/M_pavement.uasset" 810
"E:/UnrealProjets/OutrunCops/Content/_Game/Assets/Environment/Levels/City/M_pavement.uexp" 811
"E:/UnrealProjets/OutrunCops/Content/_Game/Assets/Environment/Levels/City/empty.uasset" 812
"E:/UnrealProjets/OutrunCops/Content/_Game/Assets/Environment/Levels/City/empty.uexp" 813
"E:/UnrealProjets/OutrunCops/Content/_Game/Assets/Environment/Levels/City/SM_City_Rondabout.uasset" 814
"E:/UnrealProjets/OutrunCops/Content/_Game/Assets/Environment/Levels/City/SM_City_Rondabout.uexp" 815
"E:/UnrealProjets/OutrunCops/Content/_Game/Spawners/Roads/City/BP_City_Roundabout.uasset" 816
"E:/UnrealProjets/OutrunCops/Content/_Game/Spawners/Roads/City/BP_City_Roundabout.uexp" 817
"E:/UnrealProjets/OutrunCops/Content/_Game/Assets/Environment/Levels/City/OneLaneRoad.uasset" 818
"E:/UnrealProjets/OutrunCops/Content/_Game/Assets/Environment/Levels/City/OneLaneRoad.uexp" 819
"E:/UnrealProjets/OutrunCops/Content/_Game/Assets/Environment/Levels/City/Road.uasset" 820
"E:/UnrealProjets/OutrunCops/Content/_Game/Assets/Environment/Levels/City/Road.uexp" 821
"E:/UnrealProjets/OutrunCops/Content/_Game/Assets/Environment/Levels/City/SM_City_Straight04.uasset" 822
"E:/UnrealProjets/OutrunCops/Content/_Game/Assets/Environment/Levels/City/SM_City_Straight04.uexp" 823
"E:/UnrealProjets/OutrunCops/Content/_Game/Spawners/Roads/City/BP_City_Straight04.uasset" 824
"E:/UnrealProjets/OutrunCops/Content/_Game/Spawners/Roads/City/BP_City_Straight04.uexp" 825
"E:/UnrealProjets/OutrunCops/Content/_Game/Assets/Environment/Levels/City/SM_City_Straight02.uasset" 826
"E:/UnrealProjets/OutrunCops/Content/_Game/Assets/Environment/Levels/City/SM_City_Straight02.uexp" 827
"E:/UnrealProjets/OutrunCops/Content/_Game/Spawners/Roads/City/BP_City_Straight02.uasset" 828
"E:/UnrealProjets/OutrunCops/Content/_Game/Spawners/Roads/City/BP_City_Straight02.uexp" 829
"E:/UnrealProjets/OutrunCops/Content/_Game/Assets/Environment/Levels/City/TwoLaneRoad.uasset" 830
"E:/UnrealProjets/OutrunCops/Content/_Game/Assets/Environment/Levels/City/TwoLaneRoad.uexp" 831
"E:/UnrealProjets/OutrunCops/Content/_Game/Assets/Environment/Levels/City/Road2Lane.uasset" 832
"E:/UnrealProjets/OutrunCops/Content/_Game/Assets/Environment/Levels/City/Road2Lane.uexp" 833
"E:/UnrealProjets/OutrunCops/Content/_Game/Assets/Environment/Levels/City/SM_City_Intersection.uasset" 834
"E:/UnrealProjets/OutrunCops/Content/_Game/Assets/Environment/Levels/City/SM_City_Intersection.uexp" 835
"E:/UnrealProjets/OutrunCops/Content/_Game/Spawners/Roads/City/BP_City_Intersection.uasset" 836
"E:/UnrealProjets/OutrunCops/Content/_Game/Spawners/Roads/City/BP_City_Intersection.uexp" 837
"E:/UnrealProjets/OutrunCops/Content/_Game/Assets/Environment/Levels/City/SM_City_Straight03.uasset" 838
"E:/UnrealProjets/OutrunCops/Content/_Game/Assets/Environment/Levels/City/SM_City_Straight03.uexp" 839
"E:/UnrealProjets/OutrunCops/Content/_Game/Spawners/Roads/City/BP_City_Straight03.uasset" 840
"E:/UnrealProjets/OutrunCops/Content/_Game/Spawners/Roads/City/BP_City_Straight03.uexp" 841
"E:/UnrealProjets/OutrunCops/Content/_Game/Assets/Environment/Levels/City/SM_City_Straight01.uasset" 842
"E:/UnrealProjets/OutrunCops/Content/_Game/Assets/Environment/Levels/City/SM_City_Straight01.uexp" 843
"E:/UnrealProjets/OutrunCops/Content/_Game/Spawners/Roads/City/BP_City_Straight01.uasset" 844
"E:/UnrealProjets/OutrunCops/Content/_Game/Spawners/Roads/City/BP_City_Straight01.uexp" 845
"E:/UnrealProjets/OutrunCops/Content/_Game/Spawners/Roads/City/BP_City_GasStation.uasset" 846
"E:/UnrealProjets/OutrunCops/Content/_Game/Spawners/Roads/City/BP_City_GasStation.uexp" 847
"E:/UnrealProjets/OutrunCops/Content/_Game/Spawners/BP_CitySpawner.uasset" 848
"E:/UnrealProjets/OutrunCops/Content/_Game/Spawners/BP_CitySpawner.uexp" 849
"E:/UnrealProjets/OutrunCops/Content/_Game/Levels/City.uexp" 850
"E:/UnrealProjets/OutrunCops/Content/_Game/Levels/City.umap" 851
